21/04/2021 02:35:51 PM - FxMainPage - INFO: -> autologin_firstwindows started
21/04/2021 02:35:51 PM - FxMainPage - INFO: --> Trading212 user = mycromox@gmail.com
21/04/2021 02:35:56 PM - FxMainPage - INFO: --> close_popup_ask_upload_docs started
21/04/2021 02:35:59 PM - FxMainPage - INFO: --> mode_live_or_demo started // Mode = Practice
21/04/2021 02:36:00 PM - FxMainPage - INFO: -> close_position_CFD_ANY_auto_MACD started
21/04/2021 02:36:00 PM - FxMainPage - INFO: --> list_CFD_open_position started
21/04/2021 02:36:07 PM - FxMainPage - INFO: -> looping_check_currencies_MACD started
21/04/2021 02:36:09 PM - FxMainPage - INFO: -> from_search_goto_specific_currency started / CURRENCY = GBP/USD
21/04/2021 02:36:16 PM - FxMainPage - INFO: --> collecting_data_on_graph_MACD started
21/04/2021 02:36:20 PM - FxMainPage - INFO: -> from_search_goto_specific_currency started / CURRENCY = EUR/USD
21/04/2021 02:36:26 PM - FxMainPage - INFO: --> collecting_data_on_graph_MACD started
21/04/2021 02:36:31 PM - FxMainPage - INFO: -> from_search_goto_specific_currency started / CURRENCY = USD/JPY
21/04/2021 02:36:37 PM - FxMainPage - INFO: --> collecting_data_on_graph_MACD started
21/04/2021 02:36:41 PM - FxMainPage - INFO: -> from_search_goto_specific_currency started / CURRENCY = USD/CHF
21/04/2021 02:36:47 PM - FxMainPage - INFO: --> collecting_data_on_graph_MACD started
21/04/2021 02:36:51 PM - FxMainPage - INFO: -> from_search_goto_specific_currency started / CURRENCY = USD/CAD
21/04/2021 02:36:58 PM - FxMainPage - INFO: --> collecting_data_on_graph_MACD started
21/04/2021 02:37:02 PM - FxMainPage - INFO: -> from_search_goto_specific_currency started / CURRENCY = AUD/USD
21/04/2021 02:37:08 PM - FxMainPage - INFO: --> collecting_data_on_graph_MACD started
21/04/2021 02:37:12 PM - FxMainPage - INFO: -> from_search_goto_specific_currency started / CURRENCY = NZD/USD
21/04/2021 02:37:19 PM - FxMainPage - INFO: --> collecting_data_on_graph_MACD started
21/04/2021 02:41:31 PM - FxMainPage - INFO: -> close_position_CFD_ANY_auto_MACD started
21/04/2021 02:41:31 PM - FxMainPage - INFO: --> list_CFD_open_position started
21/04/2021 02:41:33 PM - FxMainPage - INFO: -> looping_check_currencies_MACD started
21/04/2021 02:41:35 PM - FxMainPage - INFO: -> from_search_goto_specific_currency started / CURRENCY = GBP/USD
21/04/2021 02:41:41 PM - FxMainPage - INFO: --> collecting_data_on_graph_MACD started
21/04/2021 02:41:46 PM - FxMainPage - INFO: -> from_search_goto_specific_currency started / CURRENCY = EUR/USD
21/04/2021 02:41:52 PM - FxMainPage - INFO: --> collecting_data_on_graph_MACD started
21/04/2021 02:41:56 PM - FxMainPage - INFO: -> from_search_goto_specific_currency started / CURRENCY = USD/JPY
21/04/2021 02:42:02 PM - FxMainPage - INFO: --> collecting_data_on_graph_MACD started
21/04/2021 02:42:06 PM - FxMainPage - INFO: -> from_search_goto_specific_currency started / CURRENCY = USD/CHF
21/04/2021 02:42:13 PM - FxMainPage - INFO: --> collecting_data_on_graph_MACD started
21/04/2021 02:42:17 PM - FxMainPage - INFO: -> from_search_goto_specific_currency started / CURRENCY = USD/CAD
21/04/2021 02:42:23 PM - FxMainPage - INFO: --> collecting_data_on_graph_MACD started
21/04/2021 02:42:28 PM - FxMainPage - INFO: -> from_search_goto_specific_currency started / CURRENCY = AUD/USD
21/04/2021 02:42:34 PM - FxMainPage - INFO: --> collecting_data_on_graph_MACD started
21/04/2021 02:42:38 PM - FxMainPage - INFO: -> from_search_goto_specific_currency started / CURRENCY = NZD/USD
21/04/2021 02:42:44 PM - FxMainPage - INFO: --> collecting_data_on_graph_MACD started
21/04/2021 02:46:31 PM - FxMainPage - INFO: -> close_position_CFD_ANY_auto_MACD started
21/04/2021 02:46:31 PM - FxMainPage - INFO: --> list_CFD_open_position started
21/04/2021 02:46:33 PM - FxMainPage - INFO: -> looping_check_currencies_MACD started
21/04/2021 02:46:35 PM - FxMainPage - INFO: -> from_search_goto_specific_currency started / CURRENCY = GBP/USD
21/04/2021 02:46:42 PM - FxMainPage - INFO: --> collecting_data_on_graph_MACD started
21/04/2021 02:46:46 PM - FxMainPage - INFO: -> from_search_goto_specific_currency started / CURRENCY = EUR/USD
21/04/2021 02:46:52 PM - FxMainPage - INFO: --> collecting_data_on_graph_MACD started
21/04/2021 02:46:57 PM - FxMainPage - INFO: -> from_search_goto_specific_currency started / CURRENCY = USD/JPY
21/04/2021 02:47:03 PM - FxMainPage - INFO: --> collecting_data_on_graph_MACD started
21/04/2021 02:47:07 PM - FxMainPage - INFO: -> from_search_goto_specific_currency started / CURRENCY = USD/CHF
21/04/2021 02:47:14 PM - FxMainPage - INFO: --> collecting_data_on_graph_MACD started
21/04/2021 02:47:18 PM - FxMainPage - INFO: -> from_search_goto_specific_currency started / CURRENCY = USD/CAD
21/04/2021 02:47:25 PM - FxMainPage - INFO: --> collecting_data_on_graph_MACD started
21/04/2021 02:47:30 PM - FxMainPage - INFO: -> from_search_goto_specific_currency started / CURRENCY = AUD/USD
21/04/2021 02:47:36 PM - FxMainPage - INFO: --> collecting_data_on_graph_MACD started
21/04/2021 02:47:40 PM - FxMainPage - INFO: -> from_search_goto_specific_currency started / CURRENCY = NZD/USD
21/04/2021 02:47:47 PM - FxMainPage - INFO: --> collecting_data_on_graph_MACD started
21/04/2021 02:51:31 PM - FxMainPage - INFO: -> close_position_CFD_ANY_auto_MACD started
21/04/2021 02:51:31 PM - FxMainPage - INFO: --> list_CFD_open_position started
21/04/2021 02:51:33 PM - FxMainPage - INFO: -> looping_check_currencies_MACD started
21/04/2021 02:51:36 PM - FxMainPage - INFO: -> from_search_goto_specific_currency started / CURRENCY = GBP/USD
21/04/2021 02:51:42 PM - FxMainPage - INFO: --> collecting_data_on_graph_MACD started
21/04/2021 02:51:46 PM - FxMainPage - INFO: -> from_search_goto_specific_currency started / CURRENCY = EUR/USD
21/04/2021 02:51:52 PM - FxMainPage - INFO: --> collecting_data_on_graph_MACD started
21/04/2021 02:51:57 PM - FxMainPage - INFO: -> from_search_goto_specific_currency started / CURRENCY = USD/JPY
21/04/2021 02:52:03 PM - FxMainPage - INFO: --> collecting_data_on_graph_MACD started
21/04/2021 02:52:07 PM - FxMainPage - INFO: -> from_search_goto_specific_currency started / CURRENCY = USD/CHF
21/04/2021 02:52:13 PM - FxMainPage - INFO: --> collecting_data_on_graph_MACD started
21/04/2021 02:52:18 PM - FxMainPage - INFO: -> from_search_goto_specific_currency started / CURRENCY = USD/CAD
21/04/2021 02:52:24 PM - FxMainPage - INFO: --> collecting_data_on_graph_MACD started
21/04/2021 02:52:29 PM - FxMainPage - INFO: -> from_search_goto_specific_currency started / CURRENCY = AUD/USD
21/04/2021 02:52:35 PM - FxMainPage - INFO: --> collecting_data_on_graph_MACD started
21/04/2021 02:52:39 PM - FxMainPage - INFO: -> from_search_goto_specific_currency started / CURRENCY = NZD/USD
21/04/2021 02:52:45 PM - FxMainPage - INFO: --> collecting_data_on_graph_MACD started
21/04/2021 02:56:31 PM - FxMainPage - INFO: -> close_position_CFD_ANY_auto_MACD started
21/04/2021 02:56:31 PM - FxMainPage - INFO: --> list_CFD_open_position started
21/04/2021 02:56:33 PM - FxMainPage - INFO: -> looping_check_currencies_MACD started
21/04/2021 02:56:35 PM - FxMainPage - INFO: -> from_search_goto_specific_currency started / CURRENCY = GBP/USD
21/04/2021 02:56:43 PM - FxMainPage - INFO: --> collecting_data_on_graph_MACD started
21/04/2021 02:56:47 PM - FxMainPage - INFO: -> from_search_goto_specific_currency started / CURRENCY = EUR/USD
21/04/2021 02:56:55 PM - FxMainPage - INFO: --> collecting_data_on_graph_MACD started
21/04/2021 02:56:59 PM - FxMainPage - INFO: -> from_search_goto_specific_currency started / CURRENCY = USD/JPY
21/04/2021 02:57:06 PM - FxMainPage - INFO: --> collecting_data_on_graph_MACD started
21/04/2021 02:57:10 PM - FxMainPage - INFO: -> from_search_goto_specific_currency started / CURRENCY = USD/CHF
21/04/2021 02:57:17 PM - FxMainPage - INFO: --> collecting_data_on_graph_MACD started
21/04/2021 02:57:21 PM - FxMainPage - INFO: -> from_search_goto_specific_currency started / CURRENCY = USD/CAD
21/04/2021 02:57:28 PM - FxMainPage - INFO: --> collecting_data_on_graph_MACD started
21/04/2021 02:57:32 PM - FxMainPage - INFO: -> from_search_goto_specific_currency started / CURRENCY = AUD/USD
21/04/2021 02:57:39 PM - FxMainPage - INFO: --> collecting_data_on_graph_MACD started
21/04/2021 02:57:44 PM - FxMainPage - INFO: -> from_search_goto_specific_currency started / CURRENCY = NZD/USD
21/04/2021 02:57:50 PM - FxMainPage - INFO: --> collecting_data_on_graph_MACD started
21/04/2021 03:01:31 PM - FxMainPage - INFO: -> close_position_CFD_ANY_auto_MACD started
21/04/2021 03:01:31 PM - FxMainPage - INFO: --> list_CFD_open_position started
21/04/2021 03:01:33 PM - FxMainPage - INFO: -> looping_check_currencies_MACD started
21/04/2021 03:01:35 PM - FxMainPage - INFO: -> from_search_goto_specific_currency started / CURRENCY = GBP/USD
21/04/2021 03:01:42 PM - FxMainPage - INFO: --> collecting_data_on_graph_MACD started
21/04/2021 03:01:46 PM - FxMainPage - INFO: -> from_search_goto_specific_currency started / CURRENCY = EUR/USD
21/04/2021 03:01:52 PM - FxMainPage - INFO: --> collecting_data_on_graph_MACD started
21/04/2021 03:01:57 PM - FxMainPage - INFO: -> from_search_goto_specific_currency started / CURRENCY = USD/JPY
21/04/2021 03:02:03 PM - FxMainPage - INFO: --> collecting_data_on_graph_MACD started
21/04/2021 03:02:07 PM - FxMainPage - INFO: -> from_search_goto_specific_currency started / CURRENCY = USD/CHF
21/04/2021 03:02:13 PM - FxMainPage - INFO: --> collecting_data_on_graph_MACD started
21/04/2021 03:02:18 PM - FxMainPage - INFO: -> from_search_goto_specific_currency started / CURRENCY = USD/CAD
21/04/2021 03:02:24 PM - FxMainPage - INFO: --> collecting_data_on_graph_MACD started
21/04/2021 03:02:28 PM - FxMainPage - INFO: -> from_search_goto_specific_currency started / CURRENCY = AUD/USD
21/04/2021 03:02:35 PM - FxMainPage - INFO: --> collecting_data_on_graph_MACD started
21/04/2021 03:02:39 PM - FxMainPage - INFO: -> from_search_goto_specific_currency started / CURRENCY = NZD/USD
21/04/2021 03:02:46 PM - FxMainPage - INFO: --> collecting_data_on_graph_MACD started
21/04/2021 03:06:31 PM - FxMainPage - INFO: -> close_position_CFD_ANY_auto_MACD started
21/04/2021 03:06:31 PM - FxMainPage - INFO: --> list_CFD_open_position started
21/04/2021 03:06:42 PM - FxMainPage - INFO: -> looping_check_currencies_MACD started
21/04/2021 03:06:44 PM - FxMainPage - INFO: -> from_search_goto_specific_currency started / CURRENCY = GBP/USD
21/04/2021 03:06:51 PM - FxMainPage - INFO: --> collecting_data_on_graph_MACD started
21/04/2021 03:06:55 PM - FxMainPage - INFO: -> from_search_goto_specific_currency started / CURRENCY = EUR/USD
21/04/2021 03:07:01 PM - FxMainPage - INFO: --> collecting_data_on_graph_MACD started
21/04/2021 03:07:06 PM - FxMainPage - INFO: -> from_search_goto_specific_currency started / CURRENCY = USD/JPY
21/04/2021 03:07:12 PM - FxMainPage - INFO: --> collecting_data_on_graph_MACD started
21/04/2021 03:07:16 PM - FxMainPage - INFO: -> from_search_goto_specific_currency started / CURRENCY = USD/CHF
21/04/2021 03:07:23 PM - FxMainPage - INFO: --> collecting_data_on_graph_MACD started
21/04/2021 03:07:27 PM - FxMainPage - INFO: -> from_search_goto_specific_currency started / CURRENCY = USD/CAD
21/04/2021 03:07:33 PM - FxMainPage - INFO: --> collecting_data_on_graph_MACD started
21/04/2021 03:07:38 PM - FxMainPage - INFO: -> from_search_goto_specific_currency started / CURRENCY = AUD/USD
21/04/2021 03:07:44 PM - FxMainPage - INFO: --> collecting_data_on_graph_MACD started
21/04/2021 03:07:48 PM - FxMainPage - INFO: -> from_search_goto_specific_currency started / CURRENCY = NZD/USD
21/04/2021 03:07:54 PM - FxMainPage - INFO: --> collecting_data_on_graph_MACD started
21/04/2021 03:11:31 PM - FxMainPage - INFO: -> close_position_CFD_ANY_auto_MACD started
21/04/2021 03:11:31 PM - FxMainPage - INFO: --> list_CFD_open_position started
21/04/2021 03:11:42 PM - FxMainPage - INFO: -> looping_check_currencies_MACD started
21/04/2021 03:11:44 PM - FxMainPage - INFO: -> from_search_goto_specific_currency started / CURRENCY = GBP/USD
21/04/2021 03:11:50 PM - FxMainPage - INFO: --> collecting_data_on_graph_MACD started
21/04/2021 03:11:55 PM - FxMainPage - INFO: -> from_search_goto_specific_currency started / CURRENCY = EUR/USD
21/04/2021 03:12:01 PM - FxMainPage - INFO: --> collecting_data_on_graph_MACD started
21/04/2021 03:12:05 PM - FxMainPage - INFO: -> from_search_goto_specific_currency started / CURRENCY = USD/JPY
21/04/2021 03:12:11 PM - FxMainPage - INFO: --> collecting_data_on_graph_MACD started
21/04/2021 03:12:16 PM - FxMainPage - INFO: -> from_search_goto_specific_currency started / CURRENCY = USD/CHF
