05/02/2021 06:53:19 PM - FxMainPage - INFO: -> autologin_maxwindows started
05/02/2021 06:53:19 PM - FxMainPage - INFO: --> Trading212 user = mycromox@gmail.com
05/02/2021 06:53:25 PM - FxMainPage - INFO: --> close_popup_ask_upload_docs started
05/02/2021 06:53:26 PM - FxMainPage - INFO: --> mode_live_or_demo started // Mode = Practice
05/02/2021 06:53:27 PM - FxMainPage - INFO: -> close_position_CFD_ANY started
05/02/2021 06:53:27 PM - FxMainPage - INFO: -> looping_check_all_currencies started
05/02/2021 06:53:29 PM - FxMainPage - INFO: -> from_search_goto_specific_currency started / CURRENCY = GBP/USD
05/02/2021 06:53:36 PM - FxMainPage - INFO: --> collecting_data_on_graph started
05/02/2021 06:53:41 PM - FxMainPage - INFO: -> from_search_goto_specific_currency started / CURRENCY = EUR/USD
05/02/2021 06:53:46 PM - FxMainPage - INFO: --> collecting_data_on_graph started
05/02/2021 06:53:51 PM - FxMainPage - INFO: -> from_search_goto_specific_currency started / CURRENCY = USD/JPY
05/02/2021 06:53:56 PM - FxMainPage - INFO: --> collecting_data_on_graph started
05/02/2021 06:54:01 PM - FxMainPage - INFO: -> from_search_goto_specific_currency started / CURRENCY = USD/CHF
05/02/2021 06:54:06 PM - FxMainPage - INFO: --> collecting_data_on_graph started
05/02/2021 06:54:11 PM - FxMainPage - INFO: -> from_search_goto_specific_currency started / CURRENCY = USD/CAD
05/02/2021 06:54:16 PM - FxMainPage - INFO: --> collecting_data_on_graph started
05/02/2021 06:54:21 PM - FxMainPage - INFO: -> from_search_goto_specific_currency started / CURRENCY = AUD/USD
05/02/2021 06:54:26 PM - FxMainPage - INFO: --> collecting_data_on_graph started
05/02/2021 06:54:30 PM - FxMainPage - INFO: -> from_search_goto_specific_currency started / CURRENCY = NZD/USD
05/02/2021 06:54:36 PM - FxMainPage - INFO: --> collecting_data_on_graph started
05/02/2021 06:54:41 PM - FxMainPage - INFO: --> list_CFD_open_position started
05/02/2021 06:54:42 PM - FxMainPage - INFO: --> pilihan_buy_or_sell started
05/02/2021 06:54:42 PM - FxMainPage - INFO: --> pilihan_to_close_position started
