05/02/2021 10:57:30 PM - FxMainPage - INFO: -> autologin_maxwindows started
05/02/2021 10:57:30 PM - FxMainPage - INFO: --> Trading212 user = mycromox@gmail.com
05/02/2021 10:57:36 PM - FxMainPage - INFO: --> close_popup_ask_upload_docs started
05/02/2021 10:57:37 PM - FxMainPage - INFO: --> mode_live_or_demo started // Mode = Practice
05/02/2021 10:57:38 PM - FxMainPage - INFO: -> close_position_CFD_ANY started
05/02/2021 10:57:38 PM - FxMainPage - INFO: -> looping_check_all_currencies started
05/02/2021 10:57:40 PM - FxMainPage - INFO: -> from_search_goto_specific_currency started / CURRENCY = GBP/USD
05/02/2021 10:57:47 PM - FxMainPage - INFO: --> collecting_data_on_graph started
05/02/2021 10:57:52 PM - FxMainPage - INFO: -> from_search_goto_specific_currency started / CURRENCY = EUR/USD
05/02/2021 10:57:57 PM - FxMainPage - INFO: --> collecting_data_on_graph started
05/02/2021 10:58:02 PM - FxMainPage - INFO: -> from_search_goto_specific_currency started / CURRENCY = USD/JPY
05/02/2021 10:58:07 PM - FxMainPage - INFO: --> collecting_data_on_graph started
05/02/2021 10:58:11 PM - FxMainPage - INFO: -> from_search_goto_specific_currency started / CURRENCY = USD/CHF
05/02/2021 10:58:16 PM - FxMainPage - INFO: --> collecting_data_on_graph started
05/02/2021 10:58:21 PM - FxMainPage - INFO: -> from_search_goto_specific_currency started / CURRENCY = USD/CAD
05/02/2021 10:58:26 PM - FxMainPage - INFO: --> collecting_data_on_graph started
05/02/2021 10:58:31 PM - FxMainPage - INFO: -> from_search_goto_specific_currency started / CURRENCY = AUD/USD
05/02/2021 10:58:36 PM - FxMainPage - INFO: --> collecting_data_on_graph started
05/02/2021 10:58:41 PM - FxMainPage - INFO: -> from_search_goto_specific_currency started / CURRENCY = NZD/USD
05/02/2021 10:58:46 PM - FxMainPage - INFO: --> collecting_data_on_graph started
05/02/2021 10:58:51 PM - FxMainPage - INFO: --> list_CFD_open_position started
05/02/2021 10:58:52 PM - FxMainPage - INFO: --> pilihan_buy_or_sell started
05/02/2021 10:58:52 PM - FxMainPage - INFO: --> pilihan_to_close_position started
06/02/2021 12:37:13 AM - FxMainPage - INFO: ---> Error - 'x' is not an integer
