10/02/2021 12:10:07 PM - FxMainPage - INFO: -> autologin_maxwindows started
10/02/2021 12:10:07 PM - FxMainPage - INFO: --> Trading212 user = xixa01@yahoo.co.uk
10/02/2021 12:10:12 PM - FxMainPage - INFO: --> close_popup_ask_upload_docs started
10/02/2021 12:10:13 PM - FxMainPage - INFO: --> mode_live_or_demo started // Mode = Practice
10/02/2021 12:10:15 PM - FxMainPage - INFO: -> close_position_CFD_ANY_auto started
10/02/2021 12:10:15 PM - FxMainPage - INFO: --> list_CFD_open_position started
10/02/2021 12:10:21 PM - FxMainPage - INFO: -> looping_check_all_currencies started
10/02/2021 12:10:22 PM - FxMainPage - INFO: -> from_search_goto_specific_currency started / CURRENCY = GBP/USD
10/02/2021 12:10:28 PM - FxMainPage - INFO: --> collecting_data_on_graph started
10/02/2021 12:10:35 PM - FxMainPage - INFO: -> from_search_goto_specific_currency started / CURRENCY = EUR/USD
10/02/2021 12:10:40 PM - FxMainPage - INFO: --> collecting_data_on_graph started
10/02/2021 12:10:47 PM - FxMainPage - INFO: -> from_search_goto_specific_currency started / CURRENCY = USD/JPY
10/02/2021 12:10:53 PM - FxMainPage - INFO: --> collecting_data_on_graph started
10/02/2021 12:12:20 PM - FxMainPage - INFO: -> autologin_maxwindows started
10/02/2021 12:12:20 PM - FxMainPage - INFO: --> Trading212 user = xixa01@yahoo.co.uk
10/02/2021 12:12:26 PM - FxMainPage - INFO: --> close_popup_ask_upload_docs started
10/02/2021 12:12:27 PM - FxMainPage - INFO: --> mode_live_or_demo started // Mode = Practice
10/02/2021 12:12:28 PM - FxMainPage - INFO: -> close_position_CFD_ANY_auto started
10/02/2021 12:12:28 PM - FxMainPage - INFO: --> list_CFD_open_position started
10/02/2021 12:12:34 PM - FxMainPage - INFO: -> looping_check_all_currencies started
10/02/2021 12:12:35 PM - FxMainPage - INFO: -> from_search_goto_specific_currency started / CURRENCY = GBP/USD
10/02/2021 12:12:42 PM - FxMainPage - INFO: --> collecting_data_on_graph started
10/02/2021 12:12:49 PM - FxMainPage - INFO: -> from_search_goto_specific_currency started / CURRENCY = EUR/USD
10/02/2021 12:12:54 PM - FxMainPage - INFO: --> collecting_data_on_graph started
10/02/2021 12:13:01 PM - FxMainPage - INFO: -> from_search_goto_specific_currency started / CURRENCY = USD/JPY
10/02/2021 12:13:06 PM - FxMainPage - INFO: --> collecting_data_on_graph started
10/02/2021 12:14:04 PM - FxMainPage - INFO: -> autologin_maxwindows started
10/02/2021 12:14:04 PM - FxMainPage - INFO: --> Trading212 user = xixa01@yahoo.co.uk
10/02/2021 12:14:09 PM - FxMainPage - INFO: --> close_popup_ask_upload_docs started
10/02/2021 12:14:11 PM - FxMainPage - INFO: --> mode_live_or_demo started // Mode = Practice
10/02/2021 12:14:12 PM - FxMainPage - INFO: -> close_position_CFD_ANY_auto started
10/02/2021 12:14:12 PM - FxMainPage - INFO: --> list_CFD_open_position started
10/02/2021 12:14:18 PM - FxMainPage - INFO: -> looping_check_all_currencies started
10/02/2021 12:14:19 PM - FxMainPage - INFO: -> from_search_goto_specific_currency started / CURRENCY = GBP/USD
10/02/2021 12:14:26 PM - FxMainPage - INFO: --> collecting_data_on_graph started
10/02/2021 12:14:32 PM - FxMainPage - INFO: -> from_search_goto_specific_currency started / CURRENCY = EUR/USD
10/02/2021 12:14:38 PM - FxMainPage - INFO: --> collecting_data_on_graph started
10/02/2021 12:14:44 PM - FxMainPage - INFO: -> from_search_goto_specific_currency started / CURRENCY = USD/JPY
10/02/2021 12:14:50 PM - FxMainPage - INFO: --> collecting_data_on_graph started
10/02/2021 12:14:57 PM - FxMainPage - INFO: -> from_search_goto_specific_currency started / CURRENCY = USD/CHF
10/02/2021 12:15:02 PM - FxMainPage - INFO: --> collecting_data_on_graph started
10/02/2021 12:15:09 PM - FxMainPage - INFO: -> from_search_goto_specific_currency started / CURRENCY = USD/CAD
10/02/2021 12:15:15 PM - FxMainPage - INFO: --> collecting_data_on_graph started
10/02/2021 12:15:21 PM - FxMainPage - INFO: -> from_search_goto_specific_currency started / CURRENCY = AUD/USD
10/02/2021 12:15:27 PM - FxMainPage - INFO: --> collecting_data_on_graph started
10/02/2021 12:15:33 PM - FxMainPage - INFO: -> from_search_goto_specific_currency started / CURRENCY = NZD/USD
10/02/2021 12:15:39 PM - FxMainPage - INFO: --> collecting_data_on_graph started
10/02/2021 12:15:45 PM - FxMainPage - INFO: -> looping_check_all_currencies started
10/02/2021 12:15:46 PM - FxMainPage - INFO: -> from_search_goto_specific_currency started / CURRENCY = GBP/USD
10/02/2021 12:15:52 PM - FxMainPage - INFO: --> collecting_data_on_graph started
10/02/2021 12:15:59 PM - FxMainPage - INFO: -> from_search_goto_specific_currency started / CURRENCY = EUR/USD
10/02/2021 12:16:04 PM - FxMainPage - INFO: --> collecting_data_on_graph started
10/02/2021 12:16:11 PM - FxMainPage - INFO: -> from_search_goto_specific_currency started / CURRENCY = USD/JPY
10/02/2021 12:16:17 PM - FxMainPage - INFO: --> collecting_data_on_graph started
10/02/2021 12:16:23 PM - FxMainPage - INFO: -> from_search_goto_specific_currency started / CURRENCY = USD/CHF
10/02/2021 12:16:29 PM - FxMainPage - INFO: --> collecting_data_on_graph started
10/02/2021 12:16:35 PM - FxMainPage - INFO: -> from_search_goto_specific_currency started / CURRENCY = USD/CAD
10/02/2021 12:16:41 PM - FxMainPage - INFO: --> collecting_data_on_graph started
10/02/2021 12:16:48 PM - FxMainPage - INFO: -> from_search_goto_specific_currency started / CURRENCY = AUD/USD
10/02/2021 12:16:53 PM - FxMainPage - INFO: --> collecting_data_on_graph started
10/02/2021 12:17:00 PM - FxMainPage - INFO: -> from_search_goto_specific_currency started / CURRENCY = NZD/USD
10/02/2021 12:17:05 PM - FxMainPage - INFO: --> collecting_data_on_graph started
10/02/2021 12:19:12 PM - FxMainPage - INFO: -> close_position_CFD_ANY_auto started
10/02/2021 12:19:12 PM - FxMainPage - INFO: --> list_CFD_open_position started
10/02/2021 12:19:15 PM - FxMainPage - INFO: -> looping_check_all_currencies started
10/02/2021 12:19:16 PM - FxMainPage - INFO: -> from_search_goto_specific_currency started / CURRENCY = GBP/USD
10/02/2021 12:19:21 PM - FxMainPage - INFO: --> collecting_data_on_graph started
10/02/2021 12:19:28 PM - FxMainPage - INFO: -> from_search_goto_specific_currency started / CURRENCY = EUR/USD
10/02/2021 12:19:33 PM - FxMainPage - INFO: --> collecting_data_on_graph started
10/02/2021 12:19:40 PM - FxMainPage - INFO: -> from_search_goto_specific_currency started / CURRENCY = USD/JPY
10/02/2021 12:19:46 PM - FxMainPage - INFO: --> collecting_data_on_graph started
10/02/2021 12:19:52 PM - FxMainPage - INFO: -> from_search_goto_specific_currency started / CURRENCY = USD/CHF
10/02/2021 12:19:57 PM - FxMainPage - INFO: --> collecting_data_on_graph started
10/02/2021 12:20:04 PM - FxMainPage - INFO: -> from_search_goto_specific_currency started / CURRENCY = USD/CAD
10/02/2021 12:20:10 PM - FxMainPage - INFO: --> collecting_data_on_graph started
10/02/2021 12:20:16 PM - FxMainPage - INFO: -> from_search_goto_specific_currency started / CURRENCY = AUD/USD
10/02/2021 12:20:22 PM - FxMainPage - INFO: --> collecting_data_on_graph started
10/02/2021 12:20:29 PM - FxMainPage - INFO: -> from_search_goto_specific_currency started / CURRENCY = NZD/USD
10/02/2021 12:20:34 PM - FxMainPage - INFO: --> collecting_data_on_graph started
10/02/2021 12:20:41 PM - FxMainPage - INFO: -> looping_check_all_currencies started
10/02/2021 12:20:42 PM - FxMainPage - INFO: -> from_search_goto_specific_currency started / CURRENCY = GBP/USD
10/02/2021 12:20:47 PM - FxMainPage - INFO: --> collecting_data_on_graph started
10/02/2021 12:20:54 PM - FxMainPage - INFO: -> from_search_goto_specific_currency started / CURRENCY = EUR/USD
10/02/2021 12:20:59 PM - FxMainPage - INFO: --> collecting_data_on_graph started
10/02/2021 12:21:06 PM - FxMainPage - INFO: -> from_search_goto_specific_currency started / CURRENCY = USD/JPY
10/02/2021 12:21:11 PM - FxMainPage - INFO: --> collecting_data_on_graph started
10/02/2021 12:21:18 PM - FxMainPage - INFO: -> from_search_goto_specific_currency started / CURRENCY = USD/CHF
10/02/2021 12:21:24 PM - FxMainPage - INFO: --> collecting_data_on_graph started
10/02/2021 12:21:30 PM - FxMainPage - INFO: -> from_search_goto_specific_currency started / CURRENCY = USD/CAD
10/02/2021 12:21:36 PM - FxMainPage - INFO: --> collecting_data_on_graph started
10/02/2021 12:21:42 PM - FxMainPage - INFO: -> from_search_goto_specific_currency started / CURRENCY = AUD/USD
10/02/2021 12:21:48 PM - FxMainPage - INFO: --> collecting_data_on_graph started
10/02/2021 12:21:54 PM - FxMainPage - INFO: -> from_search_goto_specific_currency started / CURRENCY = NZD/USD
10/02/2021 12:22:00 PM - FxMainPage - INFO: --> collecting_data_on_graph started
10/02/2021 12:24:07 PM - FxMainPage - INFO: -> close_position_CFD_ANY_auto started
10/02/2021 12:24:07 PM - FxMainPage - INFO: --> list_CFD_open_position started
10/02/2021 12:24:09 PM - FxMainPage - INFO: -> looping_check_all_currencies started
10/02/2021 12:24:10 PM - FxMainPage - INFO: -> from_search_goto_specific_currency started / CURRENCY = GBP/USD
10/02/2021 12:24:16 PM - FxMainPage - INFO: --> collecting_data_on_graph started
10/02/2021 12:24:22 PM - FxMainPage - INFO: -> from_search_goto_specific_currency started / CURRENCY = EUR/USD
10/02/2021 12:24:28 PM - FxMainPage - INFO: --> collecting_data_on_graph started
10/02/2021 12:24:34 PM - FxMainPage - INFO: -> from_search_goto_specific_currency started / CURRENCY = USD/JPY
10/02/2021 12:24:40 PM - FxMainPage - INFO: --> collecting_data_on_graph started
10/02/2021 12:24:46 PM - FxMainPage - INFO: -> from_search_goto_specific_currency started / CURRENCY = USD/CHF
10/02/2021 12:24:52 PM - FxMainPage - INFO: --> collecting_data_on_graph started
10/02/2021 12:24:59 PM - FxMainPage - INFO: -> from_search_goto_specific_currency started / CURRENCY = USD/CAD
10/02/2021 12:25:04 PM - FxMainPage - INFO: --> collecting_data_on_graph started
10/02/2021 12:25:11 PM - FxMainPage - INFO: -> from_search_goto_specific_currency started / CURRENCY = AUD/USD
10/02/2021 12:25:16 PM - FxMainPage - INFO: --> collecting_data_on_graph started
10/02/2021 12:25:23 PM - FxMainPage - INFO: -> from_search_goto_specific_currency started / CURRENCY = NZD/USD
10/02/2021 12:25:29 PM - FxMainPage - INFO: --> collecting_data_on_graph started
10/02/2021 12:25:35 PM - FxMainPage - INFO: -> looping_check_all_currencies started
10/02/2021 12:25:36 PM - FxMainPage - INFO: -> from_search_goto_specific_currency started / CURRENCY = GBP/USD
10/02/2021 12:25:42 PM - FxMainPage - INFO: --> collecting_data_on_graph started
10/02/2021 12:25:48 PM - FxMainPage - INFO: -> from_search_goto_specific_currency started / CURRENCY = EUR/USD
10/02/2021 12:25:54 PM - FxMainPage - INFO: --> collecting_data_on_graph started
10/02/2021 12:26:01 PM - FxMainPage - INFO: -> from_search_goto_specific_currency started / CURRENCY = USD/JPY
10/02/2021 12:26:06 PM - FxMainPage - INFO: --> collecting_data_on_graph started
10/02/2021 12:26:13 PM - FxMainPage - INFO: -> from_search_goto_specific_currency started / CURRENCY = USD/CHF
10/02/2021 12:26:18 PM - FxMainPage - INFO: --> collecting_data_on_graph started
10/02/2021 12:26:25 PM - FxMainPage - INFO: -> from_search_goto_specific_currency started / CURRENCY = USD/CAD
10/02/2021 12:26:30 PM - FxMainPage - INFO: --> collecting_data_on_graph started
10/02/2021 12:26:37 PM - FxMainPage - INFO: -> from_search_goto_specific_currency started / CURRENCY = AUD/USD
10/02/2021 12:26:42 PM - FxMainPage - INFO: --> collecting_data_on_graph started
10/02/2021 12:26:49 PM - FxMainPage - INFO: -> from_search_goto_specific_currency started / CURRENCY = NZD/USD
10/02/2021 12:26:54 PM - FxMainPage - INFO: --> collecting_data_on_graph started
10/02/2021 12:27:04 PM - FxMainPage - INFO: --> sell_stock started
10/02/2021 12:27:04 PM - FxMainPage - INFO: --> open_stock_dialog started
10/02/2021 12:27:07 PM - FxMainPage - INFO: --> script_click_xpath started
10/02/2021 12:27:08 PM - FxMainPage - INFO: --> sell started
10/02/2021 12:27:08 PM - FxMainPage - INFO: --> buy started
10/02/2021 12:27:10 PM - FxMainPage - INFO: --> sell_stock started
10/02/2021 12:27:10 PM - FxMainPage - INFO: --> open_stock_dialog started
10/02/2021 12:27:13 PM - FxMainPage - INFO: --> script_click_xpath started
10/02/2021 12:27:15 PM - FxMainPage - INFO: --> sell started
10/02/2021 12:27:15 PM - FxMainPage - INFO: --> buy started
10/02/2021 12:29:17 PM - FxMainPage - INFO: -> close_position_CFD_ANY_auto started
10/02/2021 12:29:17 PM - FxMainPage - INFO: --> list_CFD_open_position started
10/02/2021 12:29:20 PM - FxMainPage - INFO: -> looping_check_all_currencies started
10/02/2021 12:29:21 PM - FxMainPage - INFO: -> from_search_goto_specific_currency started / CURRENCY = GBP/USD
10/02/2021 12:29:27 PM - FxMainPage - INFO: --> collecting_data_on_graph started
10/02/2021 12:29:33 PM - FxMainPage - INFO: -> from_search_goto_specific_currency started / CURRENCY = EUR/USD
10/02/2021 12:29:39 PM - FxMainPage - INFO: --> collecting_data_on_graph started
10/02/2021 12:29:46 PM - FxMainPage - INFO: -> from_search_goto_specific_currency started / CURRENCY = USD/JPY
10/02/2021 12:29:51 PM - FxMainPage - INFO: --> collecting_data_on_graph started
10/02/2021 12:29:58 PM - FxMainPage - INFO: -> from_search_goto_specific_currency started / CURRENCY = USD/CHF
10/02/2021 12:30:03 PM - FxMainPage - INFO: --> collecting_data_on_graph started
10/02/2021 12:30:10 PM - FxMainPage - INFO: -> from_search_goto_specific_currency started / CURRENCY = USD/CAD
10/02/2021 12:30:16 PM - FxMainPage - INFO: --> collecting_data_on_graph started
10/02/2021 12:30:22 PM - FxMainPage - INFO: -> from_search_goto_specific_currency started / CURRENCY = AUD/USD
10/02/2021 12:30:28 PM - FxMainPage - INFO: --> collecting_data_on_graph started
10/02/2021 12:30:34 PM - FxMainPage - INFO: -> from_search_goto_specific_currency started / CURRENCY = NZD/USD
10/02/2021 12:30:40 PM - FxMainPage - INFO: --> collecting_data_on_graph started
10/02/2021 12:30:46 PM - FxMainPage - INFO: -> looping_check_all_currencies started
10/02/2021 12:30:48 PM - FxMainPage - INFO: -> from_search_goto_specific_currency started / CURRENCY = GBP/USD
10/02/2021 12:30:53 PM - FxMainPage - INFO: --> collecting_data_on_graph started
10/02/2021 12:31:00 PM - FxMainPage - INFO: -> from_search_goto_specific_currency started / CURRENCY = EUR/USD
10/02/2021 12:31:05 PM - FxMainPage - INFO: --> collecting_data_on_graph started
10/02/2021 12:31:12 PM - FxMainPage - INFO: -> from_search_goto_specific_currency started / CURRENCY = USD/JPY
10/02/2021 12:31:18 PM - FxMainPage - INFO: --> collecting_data_on_graph started
10/02/2021 12:31:25 PM - FxMainPage - INFO: -> from_search_goto_specific_currency started / CURRENCY = USD/CHF
10/02/2021 12:31:30 PM - FxMainPage - INFO: --> collecting_data_on_graph started
10/02/2021 12:31:37 PM - FxMainPage - INFO: -> from_search_goto_specific_currency started / CURRENCY = USD/CAD
10/02/2021 12:31:42 PM - FxMainPage - INFO: --> collecting_data_on_graph started
10/02/2021 12:31:49 PM - FxMainPage - INFO: -> from_search_goto_specific_currency started / CURRENCY = AUD/USD
10/02/2021 12:31:54 PM - FxMainPage - INFO: --> collecting_data_on_graph started
10/02/2021 12:32:01 PM - FxMainPage - INFO: -> from_search_goto_specific_currency started / CURRENCY = NZD/USD
10/02/2021 12:32:06 PM - FxMainPage - INFO: --> collecting_data_on_graph started
10/02/2021 12:32:13 PM - FxMainPage - INFO: --> buy_stock started
10/02/2021 12:32:13 PM - FxMainPage - INFO: --> open_stock_dialog started
10/02/2021 12:32:16 PM - FxMainPage - INFO: --> script_click_xpath started
10/02/2021 12:32:18 PM - FxMainPage - INFO: --> buy started
10/02/2021 12:34:20 PM - FxMainPage - INFO: -> close_position_CFD_ANY_auto started
10/02/2021 12:34:20 PM - FxMainPage - INFO: --> list_CFD_open_position started
10/02/2021 12:34:23 PM - FxMainPage - INFO: -> looping_check_all_currencies started
10/02/2021 12:34:25 PM - FxMainPage - INFO: -> from_search_goto_specific_currency started / CURRENCY = GBP/USD
10/02/2021 12:34:31 PM - FxMainPage - INFO: --> collecting_data_on_graph started
10/02/2021 12:34:37 PM - FxMainPage - INFO: -> from_search_goto_specific_currency started / CURRENCY = EUR/USD
10/02/2021 12:34:43 PM - FxMainPage - INFO: --> collecting_data_on_graph started
10/02/2021 12:34:49 PM - FxMainPage - INFO: -> from_search_goto_specific_currency started / CURRENCY = USD/JPY
10/02/2021 12:34:55 PM - FxMainPage - INFO: --> collecting_data_on_graph started
10/02/2021 12:35:01 PM - FxMainPage - INFO: -> from_search_goto_specific_currency started / CURRENCY = USD/CHF
10/02/2021 12:35:07 PM - FxMainPage - INFO: --> collecting_data_on_graph started
10/02/2021 12:35:14 PM - FxMainPage - INFO: -> from_search_goto_specific_currency started / CURRENCY = USD/CAD
10/02/2021 12:35:20 PM - FxMainPage - INFO: --> collecting_data_on_graph started
10/02/2021 12:35:26 PM - FxMainPage - INFO: -> from_search_goto_specific_currency started / CURRENCY = AUD/USD
10/02/2021 12:35:32 PM - FxMainPage - INFO: --> collecting_data_on_graph started
10/02/2021 12:35:38 PM - FxMainPage - INFO: -> from_search_goto_specific_currency started / CURRENCY = NZD/USD
10/02/2021 12:35:44 PM - FxMainPage - INFO: --> collecting_data_on_graph started
10/02/2021 12:35:50 PM - FxMainPage - INFO: -> looping_check_all_currencies started
10/02/2021 12:35:51 PM - FxMainPage - INFO: -> from_search_goto_specific_currency started / CURRENCY = GBP/USD
10/02/2021 12:35:57 PM - FxMainPage - INFO: --> collecting_data_on_graph started
10/02/2021 12:36:03 PM - FxMainPage - INFO: -> from_search_goto_specific_currency started / CURRENCY = EUR/USD
10/02/2021 12:36:09 PM - FxMainPage - INFO: --> collecting_data_on_graph started
10/02/2021 12:36:15 PM - FxMainPage - INFO: -> from_search_goto_specific_currency started / CURRENCY = USD/JPY
10/02/2021 12:36:21 PM - FxMainPage - INFO: --> collecting_data_on_graph started
10/02/2021 12:36:28 PM - FxMainPage - INFO: -> from_search_goto_specific_currency started / CURRENCY = USD/CHF
10/02/2021 12:36:33 PM - FxMainPage - INFO: --> collecting_data_on_graph started
10/02/2021 12:36:40 PM - FxMainPage - INFO: -> from_search_goto_specific_currency started / CURRENCY = USD/CAD
10/02/2021 12:36:45 PM - FxMainPage - INFO: --> collecting_data_on_graph started
10/02/2021 12:36:52 PM - FxMainPage - INFO: -> from_search_goto_specific_currency started / CURRENCY = AUD/USD
10/02/2021 12:36:57 PM - FxMainPage - INFO: --> collecting_data_on_graph started
10/02/2021 12:37:04 PM - FxMainPage - INFO: -> from_search_goto_specific_currency started / CURRENCY = NZD/USD
10/02/2021 12:37:09 PM - FxMainPage - INFO: --> collecting_data_on_graph started
10/02/2021 12:39:16 PM - FxMainPage - INFO: -> close_position_CFD_ANY_auto started
10/02/2021 12:39:16 PM - FxMainPage - INFO: --> list_CFD_open_position started
10/02/2021 12:39:20 PM - FxMainPage - INFO: -> looping_check_all_currencies started
10/02/2021 12:39:21 PM - FxMainPage - INFO: -> from_search_goto_specific_currency started / CURRENCY = GBP/USD
10/02/2021 12:39:26 PM - FxMainPage - INFO: --> collecting_data_on_graph started
10/02/2021 12:39:33 PM - FxMainPage - INFO: -> from_search_goto_specific_currency started / CURRENCY = EUR/USD
10/02/2021 12:39:38 PM - FxMainPage - INFO: --> collecting_data_on_graph started
10/02/2021 12:39:45 PM - FxMainPage - INFO: -> from_search_goto_specific_currency started / CURRENCY = USD/JPY
10/02/2021 12:39:51 PM - FxMainPage - INFO: --> collecting_data_on_graph started
10/02/2021 12:39:57 PM - FxMainPage - INFO: -> from_search_goto_specific_currency started / CURRENCY = USD/CHF
10/02/2021 12:40:03 PM - FxMainPage - INFO: --> collecting_data_on_graph started
10/02/2021 12:40:09 PM - FxMainPage - INFO: -> from_search_goto_specific_currency started / CURRENCY = USD/CAD
10/02/2021 12:40:15 PM - FxMainPage - INFO: --> collecting_data_on_graph started
10/02/2021 12:40:22 PM - FxMainPage - INFO: -> from_search_goto_specific_currency started / CURRENCY = AUD/USD
10/02/2021 12:40:27 PM - FxMainPage - INFO: --> collecting_data_on_graph started
10/02/2021 12:40:34 PM - FxMainPage - INFO: -> from_search_goto_specific_currency started / CURRENCY = NZD/USD
10/02/2021 12:40:39 PM - FxMainPage - INFO: --> collecting_data_on_graph started
10/02/2021 12:40:46 PM - FxMainPage - INFO: -> looping_check_all_currencies started
10/02/2021 12:40:47 PM - FxMainPage - INFO: -> from_search_goto_specific_currency started / CURRENCY = GBP/USD
10/02/2021 12:40:53 PM - FxMainPage - INFO: --> collecting_data_on_graph started
10/02/2021 12:40:59 PM - FxMainPage - INFO: -> from_search_goto_specific_currency started / CURRENCY = EUR/USD
10/02/2021 12:41:05 PM - FxMainPage - INFO: --> collecting_data_on_graph started
10/02/2021 12:41:12 PM - FxMainPage - INFO: -> from_search_goto_specific_currency started / CURRENCY = USD/JPY
10/02/2021 12:41:17 PM - FxMainPage - INFO: --> collecting_data_on_graph started
10/02/2021 12:41:24 PM - FxMainPage - INFO: -> from_search_goto_specific_currency started / CURRENCY = USD/CHF
10/02/2021 12:41:29 PM - FxMainPage - INFO: --> collecting_data_on_graph started
10/02/2021 12:41:36 PM - FxMainPage - INFO: -> from_search_goto_specific_currency started / CURRENCY = USD/CAD
10/02/2021 12:41:41 PM - FxMainPage - INFO: --> collecting_data_on_graph started
10/02/2021 12:41:48 PM - FxMainPage - INFO: -> from_search_goto_specific_currency started / CURRENCY = AUD/USD
10/02/2021 12:41:53 PM - FxMainPage - INFO: --> collecting_data_on_graph started
10/02/2021 12:42:00 PM - FxMainPage - INFO: -> from_search_goto_specific_currency started / CURRENCY = NZD/USD
10/02/2021 12:42:05 PM - FxMainPage - INFO: --> collecting_data_on_graph started
10/02/2021 12:42:12 PM - FxMainPage - INFO: --> sell_stock started
10/02/2021 12:42:12 PM - FxMainPage - INFO: --> open_stock_dialog started
10/02/2021 12:42:16 PM - FxMainPage - INFO: --> script_click_xpath started
10/02/2021 12:42:17 PM - FxMainPage - INFO: --> sell started
10/02/2021 12:42:17 PM - FxMainPage - INFO: --> buy started
10/02/2021 12:44:19 PM - FxMainPage - INFO: -> close_position_CFD_ANY_auto started
10/02/2021 12:44:19 PM - FxMainPage - INFO: --> list_CFD_open_position started
10/02/2021 12:44:23 PM - FxMainPage - INFO: -> looping_check_all_currencies started
10/02/2021 12:44:24 PM - FxMainPage - INFO: -> from_search_goto_specific_currency started / CURRENCY = GBP/USD
10/02/2021 12:44:30 PM - FxMainPage - INFO: --> collecting_data_on_graph started
10/02/2021 12:44:36 PM - FxMainPage - INFO: -> from_search_goto_specific_currency started / CURRENCY = EUR/USD
10/02/2021 12:44:42 PM - FxMainPage - INFO: --> collecting_data_on_graph started
10/02/2021 12:44:49 PM - FxMainPage - INFO: -> from_search_goto_specific_currency started / CURRENCY = USD/JPY
10/02/2021 12:44:54 PM - FxMainPage - INFO: --> collecting_data_on_graph started
10/02/2021 12:45:01 PM - FxMainPage - INFO: -> from_search_goto_specific_currency started / CURRENCY = USD/CHF
10/02/2021 12:45:06 PM - FxMainPage - INFO: --> collecting_data_on_graph started
10/02/2021 12:45:13 PM - FxMainPage - INFO: -> from_search_goto_specific_currency started / CURRENCY = USD/CAD
10/02/2021 12:45:19 PM - FxMainPage - INFO: --> collecting_data_on_graph started
10/02/2021 12:45:25 PM - FxMainPage - INFO: -> from_search_goto_specific_currency started / CURRENCY = AUD/USD
10/02/2021 12:45:31 PM - FxMainPage - INFO: --> collecting_data_on_graph started
10/02/2021 12:45:37 PM - FxMainPage - INFO: -> from_search_goto_specific_currency started / CURRENCY = NZD/USD
10/02/2021 12:45:43 PM - FxMainPage - INFO: --> collecting_data_on_graph started
10/02/2021 12:45:50 PM - FxMainPage - INFO: -> looping_check_all_currencies started
10/02/2021 12:45:51 PM - FxMainPage - INFO: -> from_search_goto_specific_currency started / CURRENCY = GBP/USD
10/02/2021 12:45:57 PM - FxMainPage - INFO: --> collecting_data_on_graph started
10/02/2021 12:46:03 PM - FxMainPage - INFO: -> from_search_goto_specific_currency started / CURRENCY = EUR/USD
10/02/2021 12:46:09 PM - FxMainPage - INFO: --> collecting_data_on_graph started
10/02/2021 12:46:15 PM - FxMainPage - INFO: -> from_search_goto_specific_currency started / CURRENCY = USD/JPY
10/02/2021 12:46:21 PM - FxMainPage - INFO: --> collecting_data_on_graph started
10/02/2021 12:46:28 PM - FxMainPage - INFO: -> from_search_goto_specific_currency started / CURRENCY = USD/CHF
10/02/2021 12:46:33 PM - FxMainPage - INFO: --> collecting_data_on_graph started
10/02/2021 12:46:40 PM - FxMainPage - INFO: -> from_search_goto_specific_currency started / CURRENCY = USD/CAD
10/02/2021 12:46:45 PM - FxMainPage - INFO: --> collecting_data_on_graph started
10/02/2021 12:46:52 PM - FxMainPage - INFO: -> from_search_goto_specific_currency started / CURRENCY = AUD/USD
10/02/2021 12:46:58 PM - FxMainPage - INFO: --> collecting_data_on_graph started
10/02/2021 12:47:04 PM - FxMainPage - INFO: -> from_search_goto_specific_currency started / CURRENCY = NZD/USD
10/02/2021 12:47:10 PM - FxMainPage - INFO: --> collecting_data_on_graph started
