03/03/2021 08:21:50 AM - FxMainPage - INFO: -> autologin_firstwindows started
03/03/2021 08:21:50 AM - FxMainPage - INFO: --> Trading212 user = xixa01@yahoo.co.uk
03/03/2021 08:21:54 AM - FxMainPage - INFO: --> close_popup_ask_upload_docs started
03/03/2021 08:21:56 AM - FxMainPage - INFO: --> mode_live_or_demo started // Mode = Practice
03/03/2021 08:21:58 AM - FxMainPage - INFO: -> close_position_CFD_ANY_auto_MACD started
03/03/2021 08:21:58 AM - FxMainPage - INFO: --> list_CFD_open_position started
03/03/2021 08:22:11 AM - FxMainPage - INFO: -> looping_check_currencies_MACD started
03/03/2021 08:22:12 AM - FxMainPage - INFO: -> from_search_goto_specific_currency started / CURRENCY = GBP/USD
03/03/2021 08:22:19 AM - FxMainPage - INFO: --> collecting_data_on_graph_MACD started
03/03/2021 08:22:24 AM - FxMainPage - INFO: -> from_search_goto_specific_currency started / CURRENCY = EUR/USD
03/03/2021 08:22:30 AM - FxMainPage - INFO: --> collecting_data_on_graph_MACD started
03/03/2021 08:22:34 AM - FxMainPage - INFO: -> from_search_goto_specific_currency started / CURRENCY = USD/JPY
03/03/2021 08:22:41 AM - FxMainPage - INFO: --> collecting_data_on_graph_MACD started
03/03/2021 08:22:46 AM - FxMainPage - INFO: -> from_search_goto_specific_currency started / CURRENCY = USD/CHF
03/03/2021 08:22:52 AM - FxMainPage - INFO: --> collecting_data_on_graph_MACD started
03/03/2021 08:22:57 AM - FxMainPage - INFO: -> from_search_goto_specific_currency started / CURRENCY = USD/CAD
03/03/2021 08:23:03 AM - FxMainPage - INFO: --> collecting_data_on_graph_MACD started
03/03/2021 08:23:07 AM - FxMainPage - INFO: -> from_search_goto_specific_currency started / CURRENCY = AUD/USD
03/03/2021 08:23:14 AM - FxMainPage - INFO: --> collecting_data_on_graph_MACD started
03/03/2021 08:23:18 AM - FxMainPage - INFO: -> from_search_goto_specific_currency started / CURRENCY = NZD/USD
03/03/2021 08:23:24 AM - FxMainPage - INFO: --> collecting_data_on_graph_MACD started
03/03/2021 08:26:01 AM - FxMainPage - INFO: -> close_position_CFD_ANY_auto_MACD started
03/03/2021 08:26:01 AM - FxMainPage - INFO: --> list_CFD_open_position started
03/03/2021 08:26:12 AM - FxMainPage - INFO: -> looping_check_currencies_MACD started
03/03/2021 08:26:13 AM - FxMainPage - INFO: -> from_search_goto_specific_currency started / CURRENCY = GBP/USD
03/03/2021 08:26:20 AM - FxMainPage - INFO: --> collecting_data_on_graph_MACD started
03/03/2021 08:26:24 AM - FxMainPage - INFO: -> from_search_goto_specific_currency started / CURRENCY = EUR/USD
03/03/2021 08:26:31 AM - FxMainPage - INFO: --> collecting_data_on_graph_MACD started
03/03/2021 08:26:35 AM - FxMainPage - INFO: -> from_search_goto_specific_currency started / CURRENCY = USD/JPY
03/03/2021 08:26:42 AM - FxMainPage - INFO: --> collecting_data_on_graph_MACD started
03/03/2021 08:26:46 AM - FxMainPage - INFO: -> from_search_goto_specific_currency started / CURRENCY = USD/CHF
03/03/2021 08:26:53 AM - FxMainPage - INFO: --> collecting_data_on_graph_MACD started
03/03/2021 08:26:57 AM - FxMainPage - INFO: -> from_search_goto_specific_currency started / CURRENCY = USD/CAD
03/03/2021 08:27:04 AM - FxMainPage - INFO: --> collecting_data_on_graph_MACD started
03/03/2021 08:27:08 AM - FxMainPage - INFO: -> from_search_goto_specific_currency started / CURRENCY = AUD/USD
03/03/2021 08:27:15 AM - FxMainPage - INFO: --> collecting_data_on_graph_MACD started
03/03/2021 08:27:19 AM - FxMainPage - INFO: -> from_search_goto_specific_currency started / CURRENCY = NZD/USD
03/03/2021 08:27:25 AM - FxMainPage - INFO: --> collecting_data_on_graph_MACD started
03/03/2021 08:31:01 AM - FxMainPage - INFO: -> close_position_CFD_ANY_auto_MACD started
03/03/2021 08:31:01 AM - FxMainPage - INFO: --> list_CFD_open_position started
03/03/2021 08:31:12 AM - FxMainPage - INFO: -> looping_check_currencies_MACD started
03/03/2021 08:31:13 AM - FxMainPage - INFO: -> from_search_goto_specific_currency started / CURRENCY = GBP/USD
03/03/2021 08:31:20 AM - FxMainPage - INFO: --> collecting_data_on_graph_MACD started
03/03/2021 08:31:24 AM - FxMainPage - INFO: -> from_search_goto_specific_currency started / CURRENCY = EUR/USD
03/03/2021 08:31:31 AM - FxMainPage - INFO: --> collecting_data_on_graph_MACD started
03/03/2021 08:31:35 AM - FxMainPage - INFO: -> from_search_goto_specific_currency started / CURRENCY = USD/JPY
03/03/2021 08:31:42 AM - FxMainPage - INFO: --> collecting_data_on_graph_MACD started
03/03/2021 08:31:46 AM - FxMainPage - INFO: -> from_search_goto_specific_currency started / CURRENCY = USD/CHF
03/03/2021 08:31:52 AM - FxMainPage - INFO: --> collecting_data_on_graph_MACD started
03/03/2021 08:31:57 AM - FxMainPage - INFO: -> from_search_goto_specific_currency started / CURRENCY = USD/CAD
03/03/2021 08:32:03 AM - FxMainPage - INFO: --> collecting_data_on_graph_MACD started
03/03/2021 08:32:07 AM - FxMainPage - INFO: -> from_search_goto_specific_currency started / CURRENCY = AUD/USD
03/03/2021 08:32:14 AM - FxMainPage - INFO: --> collecting_data_on_graph_MACD started
03/03/2021 08:32:18 AM - FxMainPage - INFO: -> from_search_goto_specific_currency started / CURRENCY = NZD/USD
03/03/2021 08:32:25 AM - FxMainPage - INFO: --> collecting_data_on_graph_MACD started
03/03/2021 08:36:01 AM - FxMainPage - INFO: -> close_position_CFD_ANY_auto_MACD started
03/03/2021 08:36:01 AM - FxMainPage - INFO: --> list_CFD_open_position started
03/03/2021 08:36:12 AM - FxMainPage - INFO: -> looping_check_currencies_MACD started
03/03/2021 08:36:13 AM - FxMainPage - INFO: -> from_search_goto_specific_currency started / CURRENCY = GBP/USD
03/03/2021 08:36:20 AM - FxMainPage - INFO: --> collecting_data_on_graph_MACD started
03/03/2021 08:36:24 AM - FxMainPage - INFO: -> from_search_goto_specific_currency started / CURRENCY = EUR/USD
03/03/2021 08:36:31 AM - FxMainPage - INFO: --> collecting_data_on_graph_MACD started
03/03/2021 08:36:35 AM - FxMainPage - INFO: -> from_search_goto_specific_currency started / CURRENCY = USD/JPY
03/03/2021 08:36:42 AM - FxMainPage - INFO: --> collecting_data_on_graph_MACD started
03/03/2021 08:36:46 AM - FxMainPage - INFO: -> from_search_goto_specific_currency started / CURRENCY = USD/CHF
03/03/2021 08:36:53 AM - FxMainPage - INFO: --> collecting_data_on_graph_MACD started
03/03/2021 08:36:57 AM - FxMainPage - INFO: -> from_search_goto_specific_currency started / CURRENCY = USD/CAD
03/03/2021 08:37:04 AM - FxMainPage - INFO: --> collecting_data_on_graph_MACD started
03/03/2021 08:37:08 AM - FxMainPage - INFO: -> from_search_goto_specific_currency started / CURRENCY = AUD/USD
03/03/2021 08:37:14 AM - FxMainPage - INFO: --> collecting_data_on_graph_MACD started
03/03/2021 08:37:19 AM - FxMainPage - INFO: -> from_search_goto_specific_currency started / CURRENCY = NZD/USD
03/03/2021 08:37:25 AM - FxMainPage - INFO: --> collecting_data_on_graph_MACD started
03/03/2021 08:41:01 AM - FxMainPage - INFO: -> close_position_CFD_ANY_auto_MACD started
03/03/2021 08:41:01 AM - FxMainPage - INFO: --> list_CFD_open_position started
03/03/2021 08:41:12 AM - FxMainPage - INFO: -> looping_check_currencies_MACD started
03/03/2021 08:41:13 AM - FxMainPage - INFO: -> from_search_goto_specific_currency started / CURRENCY = GBP/USD
03/03/2021 08:41:19 AM - FxMainPage - INFO: --> collecting_data_on_graph_MACD started
03/03/2021 08:41:23 AM - FxMainPage - INFO: -> from_search_goto_specific_currency started / CURRENCY = EUR/USD
03/03/2021 08:41:30 AM - FxMainPage - INFO: --> collecting_data_on_graph_MACD started
03/03/2021 08:41:34 AM - FxMainPage - INFO: -> from_search_goto_specific_currency started / CURRENCY = USD/JPY
03/03/2021 08:41:40 AM - FxMainPage - INFO: --> collecting_data_on_graph_MACD started
03/03/2021 08:41:44 AM - FxMainPage - INFO: -> from_search_goto_specific_currency started / CURRENCY = USD/CHF
03/03/2021 08:41:51 AM - FxMainPage - INFO: --> collecting_data_on_graph_MACD started
03/03/2021 08:41:55 AM - FxMainPage - INFO: -> from_search_goto_specific_currency started / CURRENCY = USD/CAD
03/03/2021 08:42:01 AM - FxMainPage - INFO: --> collecting_data_on_graph_MACD started
03/03/2021 08:42:05 AM - FxMainPage - INFO: -> from_search_goto_specific_currency started / CURRENCY = AUD/USD
03/03/2021 08:42:12 AM - FxMainPage - INFO: --> collecting_data_on_graph_MACD started
03/03/2021 08:42:16 AM - FxMainPage - INFO: -> from_search_goto_specific_currency started / CURRENCY = NZD/USD
03/03/2021 08:42:22 AM - FxMainPage - INFO: --> collecting_data_on_graph_MACD started
03/03/2021 08:46:01 AM - FxMainPage - INFO: -> close_position_CFD_ANY_auto_MACD started
03/03/2021 08:46:01 AM - FxMainPage - INFO: --> list_CFD_open_position started
03/03/2021 08:46:13 AM - FxMainPage - INFO: -> looping_check_currencies_MACD started
03/03/2021 08:46:14 AM - FxMainPage - INFO: -> from_search_goto_specific_currency started / CURRENCY = GBP/USD
03/03/2021 08:46:20 AM - FxMainPage - INFO: --> collecting_data_on_graph_MACD started
03/03/2021 08:46:25 AM - FxMainPage - INFO: -> from_search_goto_specific_currency started / CURRENCY = EUR/USD
03/03/2021 08:46:31 AM - FxMainPage - INFO: --> collecting_data_on_graph_MACD started
03/03/2021 08:46:36 AM - FxMainPage - INFO: -> from_search_goto_specific_currency started / CURRENCY = USD/JPY
03/03/2021 08:46:42 AM - FxMainPage - INFO: --> collecting_data_on_graph_MACD started
03/03/2021 08:46:47 AM - FxMainPage - INFO: -> from_search_goto_specific_currency started / CURRENCY = USD/CHF
03/03/2021 08:46:53 AM - FxMainPage - INFO: --> collecting_data_on_graph_MACD started
03/03/2021 08:46:57 AM - FxMainPage - INFO: -> from_search_goto_specific_currency started / CURRENCY = USD/CAD
03/03/2021 08:47:04 AM - FxMainPage - INFO: --> collecting_data_on_graph_MACD started
03/03/2021 08:47:08 AM - FxMainPage - INFO: -> from_search_goto_specific_currency started / CURRENCY = AUD/USD
03/03/2021 08:47:15 AM - FxMainPage - INFO: --> collecting_data_on_graph_MACD started
03/03/2021 08:47:19 AM - FxMainPage - INFO: -> from_search_goto_specific_currency started / CURRENCY = NZD/USD
03/03/2021 08:47:25 AM - FxMainPage - INFO: --> collecting_data_on_graph_MACD started
03/03/2021 08:47:30 AM - FxMainPage - INFO: --> sell_stock started
03/03/2021 08:47:30 AM - FxMainPage - INFO: --> open_stock_dialog started
03/03/2021 08:47:43 AM - FxMainPage - INFO: --> script_click_xpath started
03/03/2021 08:47:44 AM - FxMainPage - INFO: --> sell started
03/03/2021 08:47:44 AM - FxMainPage - INFO: --> buy started
03/03/2021 08:51:01 AM - FxMainPage - INFO: -> close_position_CFD_ANY_auto_MACD started
03/03/2021 08:51:01 AM - FxMainPage - INFO: --> list_CFD_open_position started
03/03/2021 08:51:02 AM - FxMainPage - INFO: -> looping_check_currencies_MACD started
03/03/2021 08:51:03 AM - FxMainPage - INFO: -> from_search_goto_specific_currency started / CURRENCY = GBP/USD
03/03/2021 08:51:10 AM - FxMainPage - INFO: --> collecting_data_on_graph_MACD started
03/03/2021 08:51:14 AM - FxMainPage - INFO: -> from_search_goto_specific_currency started / CURRENCY = EUR/USD
03/03/2021 08:51:21 AM - FxMainPage - INFO: --> collecting_data_on_graph_MACD started
03/03/2021 08:51:25 AM - FxMainPage - INFO: -> from_search_goto_specific_currency started / CURRENCY = USD/JPY
03/03/2021 08:51:32 AM - FxMainPage - INFO: --> collecting_data_on_graph_MACD started
03/03/2021 08:51:36 AM - FxMainPage - INFO: -> from_search_goto_specific_currency started / CURRENCY = USD/CHF
03/03/2021 08:51:42 AM - FxMainPage - INFO: --> collecting_data_on_graph_MACD started
03/03/2021 08:51:47 AM - FxMainPage - INFO: -> from_search_goto_specific_currency started / CURRENCY = USD/CAD
03/03/2021 08:51:53 AM - FxMainPage - INFO: --> collecting_data_on_graph_MACD started
03/03/2021 08:51:58 AM - FxMainPage - INFO: -> from_search_goto_specific_currency started / CURRENCY = AUD/USD
03/03/2021 08:52:04 AM - FxMainPage - INFO: --> collecting_data_on_graph_MACD started
03/03/2021 08:52:08 AM - FxMainPage - INFO: -> from_search_goto_specific_currency started / CURRENCY = NZD/USD
03/03/2021 08:52:15 AM - FxMainPage - INFO: --> collecting_data_on_graph_MACD started
03/03/2021 08:56:01 AM - FxMainPage - INFO: -> close_position_CFD_ANY_auto_MACD started
03/03/2021 08:56:01 AM - FxMainPage - INFO: --> list_CFD_open_position started
03/03/2021 08:56:03 AM - FxMainPage - INFO: -> looping_check_currencies_MACD started
03/03/2021 08:56:04 AM - FxMainPage - INFO: -> from_search_goto_specific_currency started / CURRENCY = GBP/USD
03/03/2021 08:56:11 AM - FxMainPage - INFO: --> collecting_data_on_graph_MACD started
03/03/2021 08:56:15 AM - FxMainPage - INFO: -> from_search_goto_specific_currency started / CURRENCY = EUR/USD
03/03/2021 08:56:21 AM - FxMainPage - INFO: --> collecting_data_on_graph_MACD started
03/03/2021 08:56:26 AM - FxMainPage - INFO: -> from_search_goto_specific_currency started / CURRENCY = USD/JPY
03/03/2021 08:56:32 AM - FxMainPage - INFO: --> collecting_data_on_graph_MACD started
03/03/2021 08:56:37 AM - FxMainPage - INFO: -> from_search_goto_specific_currency started / CURRENCY = USD/CHF
03/03/2021 08:56:43 AM - FxMainPage - INFO: --> collecting_data_on_graph_MACD started
03/03/2021 08:56:48 AM - FxMainPage - INFO: -> from_search_goto_specific_currency started / CURRENCY = USD/CAD
03/03/2021 08:56:54 AM - FxMainPage - INFO: --> collecting_data_on_graph_MACD started
03/03/2021 08:56:58 AM - FxMainPage - INFO: -> from_search_goto_specific_currency started / CURRENCY = AUD/USD
03/03/2021 08:57:05 AM - FxMainPage - INFO: --> collecting_data_on_graph_MACD started
03/03/2021 08:57:09 AM - FxMainPage - INFO: -> from_search_goto_specific_currency started / CURRENCY = NZD/USD
03/03/2021 08:57:16 AM - FxMainPage - INFO: --> collecting_data_on_graph_MACD started
03/03/2021 09:01:01 AM - FxMainPage - INFO: -> close_position_CFD_ANY_auto_MACD started
03/03/2021 09:01:01 AM - FxMainPage - INFO: --> list_CFD_open_position started
03/03/2021 09:01:03 AM - FxMainPage - INFO: -> looping_check_currencies_MACD started
03/03/2021 09:01:04 AM - FxMainPage - INFO: -> from_search_goto_specific_currency started / CURRENCY = GBP/USD
03/03/2021 09:01:11 AM - FxMainPage - INFO: --> collecting_data_on_graph_MACD started
03/03/2021 09:01:15 AM - FxMainPage - INFO: -> from_search_goto_specific_currency started / CURRENCY = EUR/USD
03/03/2021 09:01:21 AM - FxMainPage - INFO: --> collecting_data_on_graph_MACD started
03/03/2021 09:01:26 AM - FxMainPage - INFO: -> from_search_goto_specific_currency started / CURRENCY = USD/JPY
03/03/2021 09:01:32 AM - FxMainPage - INFO: --> collecting_data_on_graph_MACD started
03/03/2021 09:01:37 AM - FxMainPage - INFO: -> from_search_goto_specific_currency started / CURRENCY = USD/CHF
03/03/2021 09:01:43 AM - FxMainPage - INFO: --> collecting_data_on_graph_MACD started
03/03/2021 09:01:47 AM - FxMainPage - INFO: -> from_search_goto_specific_currency started / CURRENCY = USD/CAD
03/03/2021 09:01:54 AM - FxMainPage - INFO: --> collecting_data_on_graph_MACD started
03/03/2021 09:01:58 AM - FxMainPage - INFO: -> from_search_goto_specific_currency started / CURRENCY = AUD/USD
03/03/2021 09:02:05 AM - FxMainPage - INFO: --> collecting_data_on_graph_MACD started
03/03/2021 09:02:09 AM - FxMainPage - INFO: -> from_search_goto_specific_currency started / CURRENCY = NZD/USD
03/03/2021 09:02:16 AM - FxMainPage - INFO: --> collecting_data_on_graph_MACD started
03/03/2021 09:06:01 AM - FxMainPage - INFO: -> close_position_CFD_ANY_auto_MACD started
03/03/2021 09:06:01 AM - FxMainPage - INFO: --> list_CFD_open_position started
03/03/2021 09:06:03 AM - FxMainPage - INFO: -> looping_check_currencies_MACD started
03/03/2021 09:06:04 AM - FxMainPage - INFO: -> from_search_goto_specific_currency started / CURRENCY = GBP/USD
03/03/2021 09:06:11 AM - FxMainPage - INFO: --> collecting_data_on_graph_MACD started
03/03/2021 09:06:15 AM - FxMainPage - INFO: -> from_search_goto_specific_currency started / CURRENCY = EUR/USD
03/03/2021 09:06:22 AM - FxMainPage - INFO: --> collecting_data_on_graph_MACD started
03/03/2021 09:06:26 AM - FxMainPage - INFO: -> from_search_goto_specific_currency started / CURRENCY = USD/JPY
03/03/2021 09:06:33 AM - FxMainPage - INFO: --> collecting_data_on_graph_MACD started
03/03/2021 09:06:37 AM - FxMainPage - INFO: -> from_search_goto_specific_currency started / CURRENCY = USD/CHF
03/03/2021 09:06:43 AM - FxMainPage - INFO: --> collecting_data_on_graph_MACD started
03/03/2021 09:06:48 AM - FxMainPage - INFO: -> from_search_goto_specific_currency started / CURRENCY = USD/CAD
03/03/2021 09:06:54 AM - FxMainPage - INFO: --> collecting_data_on_graph_MACD started
03/03/2021 09:06:59 AM - FxMainPage - INFO: -> from_search_goto_specific_currency started / CURRENCY = AUD/USD
03/03/2021 09:07:05 AM - FxMainPage - INFO: --> collecting_data_on_graph_MACD started
03/03/2021 09:07:09 AM - FxMainPage - INFO: -> from_search_goto_specific_currency started / CURRENCY = NZD/USD
03/03/2021 09:07:16 AM - FxMainPage - INFO: --> collecting_data_on_graph_MACD started
03/03/2021 09:11:01 AM - FxMainPage - INFO: -> close_position_CFD_ANY_auto_MACD started
03/03/2021 09:11:01 AM - FxMainPage - INFO: --> list_CFD_open_position started
03/03/2021 09:11:03 AM - FxMainPage - INFO: -> looping_check_currencies_MACD started
03/03/2021 09:11:04 AM - FxMainPage - INFO: -> from_search_goto_specific_currency started / CURRENCY = GBP/USD
03/03/2021 09:11:11 AM - FxMainPage - INFO: --> collecting_data_on_graph_MACD started
03/03/2021 09:11:16 AM - FxMainPage - INFO: -> from_search_goto_specific_currency started / CURRENCY = EUR/USD
03/03/2021 09:11:22 AM - FxMainPage - INFO: --> collecting_data_on_graph_MACD started
03/03/2021 09:11:27 AM - FxMainPage - INFO: -> from_search_goto_specific_currency started / CURRENCY = USD/JPY
03/03/2021 09:11:33 AM - FxMainPage - INFO: --> collecting_data_on_graph_MACD started
03/03/2021 09:11:37 AM - FxMainPage - INFO: -> from_search_goto_specific_currency started / CURRENCY = USD/CHF
03/03/2021 09:11:44 AM - FxMainPage - INFO: --> collecting_data_on_graph_MACD started
03/03/2021 09:11:48 AM - FxMainPage - INFO: -> from_search_goto_specific_currency started / CURRENCY = USD/CAD
03/03/2021 09:11:55 AM - FxMainPage - INFO: --> collecting_data_on_graph_MACD started
03/03/2021 09:11:59 AM - FxMainPage - INFO: -> from_search_goto_specific_currency started / CURRENCY = AUD/USD
03/03/2021 09:12:06 AM - FxMainPage - INFO: --> collecting_data_on_graph_MACD started
03/03/2021 09:12:10 AM - FxMainPage - INFO: -> from_search_goto_specific_currency started / CURRENCY = NZD/USD
03/03/2021 09:12:17 AM - FxMainPage - INFO: --> collecting_data_on_graph_MACD started
03/03/2021 09:16:01 AM - FxMainPage - INFO: -> close_position_CFD_ANY_auto_MACD started
03/03/2021 09:16:01 AM - FxMainPage - INFO: --> list_CFD_open_position started
03/03/2021 09:16:03 AM - FxMainPage - INFO: -> looping_check_currencies_MACD started
03/03/2021 09:16:04 AM - FxMainPage - INFO: -> from_search_goto_specific_currency started / CURRENCY = GBP/USD
03/03/2021 09:16:11 AM - FxMainPage - INFO: --> collecting_data_on_graph_MACD started
03/03/2021 09:16:15 AM - FxMainPage - INFO: -> from_search_goto_specific_currency started / CURRENCY = EUR/USD
03/03/2021 09:16:22 AM - FxMainPage - INFO: --> collecting_data_on_graph_MACD started
03/03/2021 09:16:26 AM - FxMainPage - INFO: -> from_search_goto_specific_currency started / CURRENCY = USD/JPY
03/03/2021 09:16:33 AM - FxMainPage - INFO: --> collecting_data_on_graph_MACD started
03/03/2021 09:16:38 AM - FxMainPage - INFO: -> from_search_goto_specific_currency started / CURRENCY = USD/CHF
03/03/2021 09:16:44 AM - FxMainPage - INFO: --> collecting_data_on_graph_MACD started
03/03/2021 09:16:48 AM - FxMainPage - INFO: -> from_search_goto_specific_currency started / CURRENCY = USD/CAD
03/03/2021 09:16:55 AM - FxMainPage - INFO: --> collecting_data_on_graph_MACD started
03/03/2021 09:16:59 AM - FxMainPage - INFO: -> from_search_goto_specific_currency started / CURRENCY = AUD/USD
03/03/2021 09:17:06 AM - FxMainPage - INFO: --> collecting_data_on_graph_MACD started
03/03/2021 09:17:10 AM - FxMainPage - INFO: -> from_search_goto_specific_currency started / CURRENCY = NZD/USD
03/03/2021 09:17:17 AM - FxMainPage - INFO: --> collecting_data_on_graph_MACD started
03/03/2021 09:21:01 AM - FxMainPage - INFO: -> close_position_CFD_ANY_auto_MACD started
03/03/2021 09:21:01 AM - FxMainPage - INFO: --> list_CFD_open_position started
03/03/2021 09:21:03 AM - FxMainPage - INFO: -> looping_check_currencies_MACD started
03/03/2021 09:21:04 AM - FxMainPage - INFO: -> from_search_goto_specific_currency started / CURRENCY = GBP/USD
03/03/2021 09:21:11 AM - FxMainPage - INFO: --> collecting_data_on_graph_MACD started
03/03/2021 09:21:15 AM - FxMainPage - INFO: -> from_search_goto_specific_currency started / CURRENCY = EUR/USD
03/03/2021 09:21:22 AM - FxMainPage - INFO: --> collecting_data_on_graph_MACD started
03/03/2021 09:21:26 AM - FxMainPage - INFO: -> from_search_goto_specific_currency started / CURRENCY = USD/JPY
03/03/2021 09:21:32 AM - FxMainPage - INFO: --> collecting_data_on_graph_MACD started
03/03/2021 09:21:37 AM - FxMainPage - INFO: -> from_search_goto_specific_currency started / CURRENCY = USD/CHF
03/03/2021 09:21:43 AM - FxMainPage - INFO: --> collecting_data_on_graph_MACD started
03/03/2021 09:21:48 AM - FxMainPage - INFO: -> from_search_goto_specific_currency started / CURRENCY = USD/CAD
03/03/2021 09:21:54 AM - FxMainPage - INFO: --> collecting_data_on_graph_MACD started
03/03/2021 09:21:58 AM - FxMainPage - INFO: -> from_search_goto_specific_currency started / CURRENCY = AUD/USD
03/03/2021 09:22:05 AM - FxMainPage - INFO: --> collecting_data_on_graph_MACD started
03/03/2021 09:22:09 AM - FxMainPage - INFO: -> from_search_goto_specific_currency started / CURRENCY = NZD/USD
03/03/2021 09:22:15 AM - FxMainPage - INFO: --> collecting_data_on_graph_MACD started
03/03/2021 09:26:01 AM - FxMainPage - INFO: -> close_position_CFD_ANY_auto_MACD started
03/03/2021 09:26:01 AM - FxMainPage - INFO: --> list_CFD_open_position started
03/03/2021 09:26:02 AM - FxMainPage - INFO: -> looping_check_currencies_MACD started
03/03/2021 09:26:03 AM - FxMainPage - INFO: -> from_search_goto_specific_currency started / CURRENCY = GBP/USD
03/03/2021 09:26:10 AM - FxMainPage - INFO: --> collecting_data_on_graph_MACD started
03/03/2021 09:26:14 AM - FxMainPage - INFO: -> from_search_goto_specific_currency started / CURRENCY = EUR/USD
03/03/2021 09:26:21 AM - FxMainPage - INFO: --> collecting_data_on_graph_MACD started
03/03/2021 09:26:25 AM - FxMainPage - INFO: -> from_search_goto_specific_currency started / CURRENCY = USD/JPY
03/03/2021 09:26:32 AM - FxMainPage - INFO: --> collecting_data_on_graph_MACD started
03/03/2021 09:26:36 AM - FxMainPage - INFO: -> from_search_goto_specific_currency started / CURRENCY = USD/CHF
03/03/2021 09:26:42 AM - FxMainPage - INFO: --> collecting_data_on_graph_MACD started
03/03/2021 09:26:47 AM - FxMainPage - INFO: -> from_search_goto_specific_currency started / CURRENCY = USD/CAD
03/03/2021 09:26:53 AM - FxMainPage - INFO: --> collecting_data_on_graph_MACD started
03/03/2021 09:26:57 AM - FxMainPage - INFO: -> from_search_goto_specific_currency started / CURRENCY = AUD/USD
03/03/2021 09:27:04 AM - FxMainPage - INFO: --> collecting_data_on_graph_MACD started
03/03/2021 09:27:08 AM - FxMainPage - INFO: -> from_search_goto_specific_currency started / CURRENCY = NZD/USD
03/03/2021 09:27:15 AM - FxMainPage - INFO: --> collecting_data_on_graph_MACD started
03/03/2021 09:31:01 AM - FxMainPage - INFO: -> close_position_CFD_ANY_auto_MACD started
03/03/2021 09:31:01 AM - FxMainPage - INFO: --> list_CFD_open_position started
03/03/2021 09:31:03 AM - FxMainPage - INFO: -> looping_check_currencies_MACD started
03/03/2021 09:31:04 AM - FxMainPage - INFO: -> from_search_goto_specific_currency started / CURRENCY = GBP/USD
03/03/2021 09:31:10 AM - FxMainPage - INFO: --> collecting_data_on_graph_MACD started
03/03/2021 09:31:15 AM - FxMainPage - INFO: -> from_search_goto_specific_currency started / CURRENCY = EUR/USD
03/03/2021 09:31:22 AM - FxMainPage - INFO: --> collecting_data_on_graph_MACD started
03/03/2021 09:31:26 AM - FxMainPage - INFO: -> from_search_goto_specific_currency started / CURRENCY = USD/JPY
03/03/2021 09:31:33 AM - FxMainPage - INFO: --> collecting_data_on_graph_MACD started
03/03/2021 09:31:37 AM - FxMainPage - INFO: -> from_search_goto_specific_currency started / CURRENCY = USD/CHF
03/03/2021 09:31:44 AM - FxMainPage - INFO: --> collecting_data_on_graph_MACD started
03/03/2021 09:31:48 AM - FxMainPage - INFO: -> from_search_goto_specific_currency started / CURRENCY = USD/CAD
03/03/2021 09:31:54 AM - FxMainPage - INFO: --> collecting_data_on_graph_MACD started
03/03/2021 09:31:59 AM - FxMainPage - INFO: -> from_search_goto_specific_currency started / CURRENCY = AUD/USD
03/03/2021 09:32:05 AM - FxMainPage - INFO: --> collecting_data_on_graph_MACD started
03/03/2021 09:32:10 AM - FxMainPage - INFO: -> from_search_goto_specific_currency started / CURRENCY = NZD/USD
03/03/2021 09:32:16 AM - FxMainPage - INFO: --> collecting_data_on_graph_MACD started
03/03/2021 09:36:01 AM - FxMainPage - INFO: -> close_position_CFD_ANY_auto_MACD started
03/03/2021 09:36:01 AM - FxMainPage - INFO: --> list_CFD_open_position started
03/03/2021 09:36:02 AM - FxMainPage - INFO: -> looping_check_currencies_MACD started
03/03/2021 09:36:04 AM - FxMainPage - INFO: -> from_search_goto_specific_currency started / CURRENCY = GBP/USD
03/03/2021 09:36:10 AM - FxMainPage - INFO: --> collecting_data_on_graph_MACD started
03/03/2021 09:36:15 AM - FxMainPage - INFO: -> from_search_goto_specific_currency started / CURRENCY = EUR/USD
03/03/2021 09:36:21 AM - FxMainPage - INFO: --> collecting_data_on_graph_MACD started
03/03/2021 09:36:26 AM - FxMainPage - INFO: -> from_search_goto_specific_currency started / CURRENCY = USD/JPY
03/03/2021 09:36:32 AM - FxMainPage - INFO: --> collecting_data_on_graph_MACD started
03/03/2021 09:36:37 AM - FxMainPage - INFO: -> from_search_goto_specific_currency started / CURRENCY = USD/CHF
03/03/2021 09:36:43 AM - FxMainPage - INFO: --> collecting_data_on_graph_MACD started
03/03/2021 09:36:48 AM - FxMainPage - INFO: -> from_search_goto_specific_currency started / CURRENCY = USD/CAD
03/03/2021 09:36:54 AM - FxMainPage - INFO: --> collecting_data_on_graph_MACD started
03/03/2021 09:36:59 AM - FxMainPage - INFO: -> from_search_goto_specific_currency started / CURRENCY = AUD/USD
03/03/2021 09:37:05 AM - FxMainPage - INFO: --> collecting_data_on_graph_MACD started
03/03/2021 09:37:09 AM - FxMainPage - INFO: -> from_search_goto_specific_currency started / CURRENCY = NZD/USD
03/03/2021 09:37:16 AM - FxMainPage - INFO: --> collecting_data_on_graph_MACD started
03/03/2021 09:41:01 AM - FxMainPage - INFO: -> close_position_CFD_ANY_auto_MACD started
03/03/2021 09:41:01 AM - FxMainPage - INFO: --> list_CFD_open_position started
03/03/2021 09:41:03 AM - FxMainPage - INFO: -> looping_check_currencies_MACD started
03/03/2021 09:41:04 AM - FxMainPage - INFO: -> from_search_goto_specific_currency started / CURRENCY = GBP/USD
03/03/2021 09:41:10 AM - FxMainPage - INFO: --> collecting_data_on_graph_MACD started
03/03/2021 09:41:14 AM - FxMainPage - INFO: -> from_search_goto_specific_currency started / CURRENCY = EUR/USD
03/03/2021 09:41:21 AM - FxMainPage - INFO: --> collecting_data_on_graph_MACD started
03/03/2021 09:41:25 AM - FxMainPage - INFO: -> from_search_goto_specific_currency started / CURRENCY = USD/JPY
03/03/2021 09:41:32 AM - FxMainPage - INFO: --> collecting_data_on_graph_MACD started
03/03/2021 09:41:36 AM - FxMainPage - INFO: -> from_search_goto_specific_currency started / CURRENCY = USD/CHF
03/03/2021 09:41:43 AM - FxMainPage - INFO: --> collecting_data_on_graph_MACD started
03/03/2021 09:41:47 AM - FxMainPage - INFO: -> from_search_goto_specific_currency started / CURRENCY = USD/CAD
03/03/2021 09:41:54 AM - FxMainPage - INFO: --> collecting_data_on_graph_MACD started
03/03/2021 09:41:58 AM - FxMainPage - INFO: -> from_search_goto_specific_currency started / CURRENCY = AUD/USD
03/03/2021 09:42:04 AM - FxMainPage - INFO: --> collecting_data_on_graph_MACD started
03/03/2021 09:42:09 AM - FxMainPage - INFO: -> from_search_goto_specific_currency started / CURRENCY = NZD/USD
03/03/2021 09:42:15 AM - FxMainPage - INFO: --> collecting_data_on_graph_MACD started
03/03/2021 09:46:01 AM - FxMainPage - INFO: -> close_position_CFD_ANY_auto_MACD started
03/03/2021 09:46:01 AM - FxMainPage - INFO: --> list_CFD_open_position started
03/03/2021 09:46:02 AM - FxMainPage - INFO: -> looping_check_currencies_MACD started
03/03/2021 09:46:04 AM - FxMainPage - INFO: -> from_search_goto_specific_currency started / CURRENCY = GBP/USD
03/03/2021 09:46:10 AM - FxMainPage - INFO: --> collecting_data_on_graph_MACD started
03/03/2021 09:46:15 AM - FxMainPage - INFO: -> from_search_goto_specific_currency started / CURRENCY = EUR/USD
03/03/2021 09:46:22 AM - FxMainPage - INFO: --> collecting_data_on_graph_MACD started
03/03/2021 09:46:26 AM - FxMainPage - INFO: -> from_search_goto_specific_currency started / CURRENCY = USD/JPY
03/03/2021 09:46:32 AM - FxMainPage - INFO: --> collecting_data_on_graph_MACD started
03/03/2021 09:46:37 AM - FxMainPage - INFO: -> from_search_goto_specific_currency started / CURRENCY = USD/CHF
03/03/2021 09:46:44 AM - FxMainPage - INFO: --> collecting_data_on_graph_MACD started
03/03/2021 09:46:48 AM - FxMainPage - INFO: -> from_search_goto_specific_currency started / CURRENCY = USD/CAD
03/03/2021 09:46:55 AM - FxMainPage - INFO: --> collecting_data_on_graph_MACD started
03/03/2021 09:46:59 AM - FxMainPage - INFO: -> from_search_goto_specific_currency started / CURRENCY = AUD/USD
03/03/2021 09:47:06 AM - FxMainPage - INFO: --> collecting_data_on_graph_MACD started
03/03/2021 09:47:10 AM - FxMainPage - INFO: -> from_search_goto_specific_currency started / CURRENCY = NZD/USD
03/03/2021 09:47:16 AM - FxMainPage - INFO: --> collecting_data_on_graph_MACD started
03/03/2021 09:51:01 AM - FxMainPage - INFO: -> close_position_CFD_ANY_auto_MACD started
03/03/2021 09:51:01 AM - FxMainPage - INFO: --> list_CFD_open_position started
03/03/2021 09:51:12 AM - FxMainPage - INFO: -> looping_check_currencies_MACD started
03/03/2021 09:51:13 AM - FxMainPage - INFO: -> from_search_goto_specific_currency started / CURRENCY = GBP/USD
03/03/2021 09:51:20 AM - FxMainPage - INFO: --> collecting_data_on_graph_MACD started
03/03/2021 09:51:25 AM - FxMainPage - INFO: -> from_search_goto_specific_currency started / CURRENCY = EUR/USD
03/03/2021 09:51:31 AM - FxMainPage - INFO: --> collecting_data_on_graph_MACD started
03/03/2021 09:51:36 AM - FxMainPage - INFO: -> from_search_goto_specific_currency started / CURRENCY = USD/JPY
03/03/2021 09:51:42 AM - FxMainPage - INFO: --> collecting_data_on_graph_MACD started
03/03/2021 09:51:46 AM - FxMainPage - INFO: -> from_search_goto_specific_currency started / CURRENCY = USD/CHF
03/03/2021 09:51:53 AM - FxMainPage - INFO: --> collecting_data_on_graph_MACD started
03/03/2021 09:51:57 AM - FxMainPage - INFO: -> from_search_goto_specific_currency started / CURRENCY = USD/CAD
03/03/2021 09:52:04 AM - FxMainPage - INFO: --> collecting_data_on_graph_MACD started
03/03/2021 09:52:09 AM - FxMainPage - INFO: -> from_search_goto_specific_currency started / CURRENCY = AUD/USD
03/03/2021 09:52:15 AM - FxMainPage - INFO: --> collecting_data_on_graph_MACD started
03/03/2021 09:52:19 AM - FxMainPage - INFO: -> from_search_goto_specific_currency started / CURRENCY = NZD/USD
03/03/2021 09:52:26 AM - FxMainPage - INFO: --> collecting_data_on_graph_MACD started
03/03/2021 09:52:30 AM - FxMainPage - INFO: --> sell_stock started
03/03/2021 09:52:30 AM - FxMainPage - INFO: --> open_stock_dialog started
03/03/2021 09:52:43 AM - FxMainPage - INFO: --> script_click_xpath started
03/03/2021 09:52:45 AM - FxMainPage - INFO: --> sell started
03/03/2021 09:52:45 AM - FxMainPage - INFO: --> buy started
03/03/2021 09:56:01 AM - FxMainPage - INFO: -> close_position_CFD_ANY_auto_MACD started
03/03/2021 09:56:01 AM - FxMainPage - INFO: --> list_CFD_open_position started
03/03/2021 09:56:03 AM - FxMainPage - INFO: -> looping_check_currencies_MACD started
03/03/2021 09:56:04 AM - FxMainPage - INFO: -> from_search_goto_specific_currency started / CURRENCY = GBP/USD
03/03/2021 09:56:10 AM - FxMainPage - INFO: --> collecting_data_on_graph_MACD started
03/03/2021 09:56:15 AM - FxMainPage - INFO: -> from_search_goto_specific_currency started / CURRENCY = EUR/USD
03/03/2021 09:56:22 AM - FxMainPage - INFO: --> collecting_data_on_graph_MACD started
03/03/2021 09:56:26 AM - FxMainPage - INFO: -> from_search_goto_specific_currency started / CURRENCY = USD/JPY
03/03/2021 09:56:32 AM - FxMainPage - INFO: --> collecting_data_on_graph_MACD started
03/03/2021 09:56:37 AM - FxMainPage - INFO: -> from_search_goto_specific_currency started / CURRENCY = USD/CHF
03/03/2021 09:56:43 AM - FxMainPage - INFO: --> collecting_data_on_graph_MACD started
03/03/2021 09:56:47 AM - FxMainPage - INFO: -> from_search_goto_specific_currency started / CURRENCY = USD/CAD
03/03/2021 09:56:54 AM - FxMainPage - INFO: --> collecting_data_on_graph_MACD started
03/03/2021 09:56:59 AM - FxMainPage - INFO: -> from_search_goto_specific_currency started / CURRENCY = AUD/USD
03/03/2021 09:57:05 AM - FxMainPage - INFO: --> collecting_data_on_graph_MACD started
03/03/2021 09:57:10 AM - FxMainPage - INFO: -> from_search_goto_specific_currency started / CURRENCY = NZD/USD
03/03/2021 09:57:16 AM - FxMainPage - INFO: --> collecting_data_on_graph_MACD started
03/03/2021 10:01:01 AM - FxMainPage - INFO: -> close_position_CFD_ANY_auto_MACD started
03/03/2021 10:01:01 AM - FxMainPage - INFO: --> list_CFD_open_position started
03/03/2021 10:01:02 AM - FxMainPage - INFO: -> looping_check_currencies_MACD started
03/03/2021 10:01:04 AM - FxMainPage - INFO: -> from_search_goto_specific_currency started / CURRENCY = GBP/USD
03/03/2021 10:01:11 AM - FxMainPage - INFO: --> collecting_data_on_graph_MACD started
03/03/2021 10:01:15 AM - FxMainPage - INFO: -> from_search_goto_specific_currency started / CURRENCY = EUR/USD
03/03/2021 10:01:22 AM - FxMainPage - INFO: --> collecting_data_on_graph_MACD started
03/03/2021 10:01:26 AM - FxMainPage - INFO: -> from_search_goto_specific_currency started / CURRENCY = USD/JPY
03/03/2021 10:01:33 AM - FxMainPage - INFO: --> collecting_data_on_graph_MACD started
03/03/2021 10:01:37 AM - FxMainPage - INFO: -> from_search_goto_specific_currency started / CURRENCY = USD/CHF
03/03/2021 10:01:44 AM - FxMainPage - INFO: --> collecting_data_on_graph_MACD started
03/03/2021 10:01:48 AM - FxMainPage - INFO: -> from_search_goto_specific_currency started / CURRENCY = USD/CAD
03/03/2021 10:01:55 AM - FxMainPage - INFO: --> collecting_data_on_graph_MACD started
03/03/2021 10:01:59 AM - FxMainPage - INFO: -> from_search_goto_specific_currency started / CURRENCY = AUD/USD
03/03/2021 10:02:05 AM - FxMainPage - INFO: --> collecting_data_on_graph_MACD started
03/03/2021 10:02:10 AM - FxMainPage - INFO: -> from_search_goto_specific_currency started / CURRENCY = NZD/USD
03/03/2021 10:02:16 AM - FxMainPage - INFO: --> collecting_data_on_graph_MACD started
03/03/2021 10:06:01 AM - FxMainPage - INFO: -> close_position_CFD_ANY_auto_MACD started
03/03/2021 10:06:01 AM - FxMainPage - INFO: --> list_CFD_open_position started
03/03/2021 10:06:02 AM - FxMainPage - INFO: -> looping_check_currencies_MACD started
03/03/2021 10:06:03 AM - FxMainPage - INFO: -> from_search_goto_specific_currency started / CURRENCY = GBP/USD
03/03/2021 10:06:10 AM - FxMainPage - INFO: --> collecting_data_on_graph_MACD started
03/03/2021 10:06:15 AM - FxMainPage - INFO: -> from_search_goto_specific_currency started / CURRENCY = EUR/USD
03/03/2021 10:06:22 AM - FxMainPage - INFO: --> collecting_data_on_graph_MACD started
03/03/2021 10:06:26 AM - FxMainPage - INFO: -> from_search_goto_specific_currency started / CURRENCY = USD/JPY
03/03/2021 10:06:32 AM - FxMainPage - INFO: --> collecting_data_on_graph_MACD started
03/03/2021 10:06:37 AM - FxMainPage - INFO: -> from_search_goto_specific_currency started / CURRENCY = USD/CHF
03/03/2021 10:06:43 AM - FxMainPage - INFO: --> collecting_data_on_graph_MACD started
03/03/2021 10:06:48 AM - FxMainPage - INFO: -> from_search_goto_specific_currency started / CURRENCY = USD/CAD
03/03/2021 10:06:54 AM - FxMainPage - INFO: --> collecting_data_on_graph_MACD started
03/03/2021 10:06:59 AM - FxMainPage - INFO: -> from_search_goto_specific_currency started / CURRENCY = AUD/USD
03/03/2021 10:07:05 AM - FxMainPage - INFO: --> collecting_data_on_graph_MACD started
03/03/2021 10:07:10 AM - FxMainPage - INFO: -> from_search_goto_specific_currency started / CURRENCY = NZD/USD
03/03/2021 10:07:16 AM - FxMainPage - INFO: --> collecting_data_on_graph_MACD started
03/03/2021 10:11:01 AM - FxMainPage - INFO: -> close_position_CFD_ANY_auto_MACD started
03/03/2021 10:11:01 AM - FxMainPage - INFO: --> list_CFD_open_position started
03/03/2021 10:11:02 AM - FxMainPage - INFO: -> looping_check_currencies_MACD started
03/03/2021 10:11:03 AM - FxMainPage - INFO: -> from_search_goto_specific_currency started / CURRENCY = GBP/USD
03/03/2021 10:11:10 AM - FxMainPage - INFO: --> collecting_data_on_graph_MACD started
03/03/2021 10:11:14 AM - FxMainPage - INFO: -> from_search_goto_specific_currency started / CURRENCY = EUR/USD
03/03/2021 10:11:21 AM - FxMainPage - INFO: --> collecting_data_on_graph_MACD started
03/03/2021 10:11:25 AM - FxMainPage - INFO: -> from_search_goto_specific_currency started / CURRENCY = USD/JPY
03/03/2021 10:11:32 AM - FxMainPage - INFO: --> collecting_data_on_graph_MACD started
03/03/2021 10:11:36 AM - FxMainPage - INFO: -> from_search_goto_specific_currency started / CURRENCY = USD/CHF
03/03/2021 10:11:43 AM - FxMainPage - INFO: --> collecting_data_on_graph_MACD started
03/03/2021 10:11:47 AM - FxMainPage - INFO: -> from_search_goto_specific_currency started / CURRENCY = USD/CAD
03/03/2021 10:11:54 AM - FxMainPage - INFO: --> collecting_data_on_graph_MACD started
03/03/2021 10:11:58 AM - FxMainPage - INFO: -> from_search_goto_specific_currency started / CURRENCY = AUD/USD
03/03/2021 10:12:04 AM - FxMainPage - INFO: --> collecting_data_on_graph_MACD started
03/03/2021 10:12:09 AM - FxMainPage - INFO: -> from_search_goto_specific_currency started / CURRENCY = NZD/USD
03/03/2021 10:12:15 AM - FxMainPage - INFO: --> collecting_data_on_graph_MACD started
03/03/2021 10:16:01 AM - FxMainPage - INFO: -> close_position_CFD_ANY_auto_MACD started
03/03/2021 10:16:01 AM - FxMainPage - INFO: --> list_CFD_open_position started
03/03/2021 10:16:02 AM - FxMainPage - INFO: -> looping_check_currencies_MACD started
03/03/2021 10:16:04 AM - FxMainPage - INFO: -> from_search_goto_specific_currency started / CURRENCY = GBP/USD
03/03/2021 10:16:11 AM - FxMainPage - INFO: --> collecting_data_on_graph_MACD started
03/03/2021 10:16:15 AM - FxMainPage - INFO: -> from_search_goto_specific_currency started / CURRENCY = EUR/USD
03/03/2021 10:16:22 AM - FxMainPage - INFO: --> collecting_data_on_graph_MACD started
03/03/2021 10:16:26 AM - FxMainPage - INFO: -> from_search_goto_specific_currency started / CURRENCY = USD/JPY
03/03/2021 10:16:32 AM - FxMainPage - INFO: --> collecting_data_on_graph_MACD started
03/03/2021 10:16:37 AM - FxMainPage - INFO: -> from_search_goto_specific_currency started / CURRENCY = USD/CHF
03/03/2021 10:16:43 AM - FxMainPage - INFO: --> collecting_data_on_graph_MACD started
03/03/2021 10:16:47 AM - FxMainPage - INFO: -> from_search_goto_specific_currency started / CURRENCY = USD/CAD
03/03/2021 10:16:54 AM - FxMainPage - INFO: --> collecting_data_on_graph_MACD started
03/03/2021 10:16:58 AM - FxMainPage - INFO: -> from_search_goto_specific_currency started / CURRENCY = AUD/USD
03/03/2021 10:17:04 AM - FxMainPage - INFO: --> collecting_data_on_graph_MACD started
03/03/2021 10:17:09 AM - FxMainPage - INFO: -> from_search_goto_specific_currency started / CURRENCY = NZD/USD
03/03/2021 10:17:15 AM - FxMainPage - INFO: --> collecting_data_on_graph_MACD started
03/03/2021 10:21:01 AM - FxMainPage - INFO: -> close_position_CFD_ANY_auto_MACD started
03/03/2021 10:21:01 AM - FxMainPage - INFO: --> list_CFD_open_position started
03/03/2021 10:21:02 AM - FxMainPage - INFO: -> looping_check_currencies_MACD started
03/03/2021 10:21:03 AM - FxMainPage - INFO: -> from_search_goto_specific_currency started / CURRENCY = GBP/USD
03/03/2021 10:21:10 AM - FxMainPage - INFO: --> collecting_data_on_graph_MACD started
03/03/2021 10:21:15 AM - FxMainPage - INFO: -> from_search_goto_specific_currency started / CURRENCY = EUR/USD
03/03/2021 10:21:21 AM - FxMainPage - INFO: --> collecting_data_on_graph_MACD started
03/03/2021 10:21:26 AM - FxMainPage - INFO: -> from_search_goto_specific_currency started / CURRENCY = USD/JPY
03/03/2021 10:21:32 AM - FxMainPage - INFO: --> collecting_data_on_graph_MACD started
03/03/2021 10:21:36 AM - FxMainPage - INFO: -> from_search_goto_specific_currency started / CURRENCY = USD/CHF
03/03/2021 10:21:43 AM - FxMainPage - INFO: --> collecting_data_on_graph_MACD started
03/03/2021 10:21:47 AM - FxMainPage - INFO: -> from_search_goto_specific_currency started / CURRENCY = USD/CAD
03/03/2021 10:21:54 AM - FxMainPage - INFO: --> collecting_data_on_graph_MACD started
03/03/2021 10:21:58 AM - FxMainPage - INFO: -> from_search_goto_specific_currency started / CURRENCY = AUD/USD
03/03/2021 10:22:05 AM - FxMainPage - INFO: --> collecting_data_on_graph_MACD started
03/03/2021 10:22:09 AM - FxMainPage - INFO: -> from_search_goto_specific_currency started / CURRENCY = NZD/USD
03/03/2021 10:22:16 AM - FxMainPage - INFO: --> collecting_data_on_graph_MACD started
03/03/2021 10:26:01 AM - FxMainPage - INFO: -> close_position_CFD_ANY_auto_MACD started
03/03/2021 10:26:01 AM - FxMainPage - INFO: --> list_CFD_open_position started
03/03/2021 10:26:03 AM - FxMainPage - INFO: -> looping_check_currencies_MACD started
03/03/2021 10:26:04 AM - FxMainPage - INFO: -> from_search_goto_specific_currency started / CURRENCY = GBP/USD
03/03/2021 10:26:11 AM - FxMainPage - INFO: --> collecting_data_on_graph_MACD started
03/03/2021 10:26:15 AM - FxMainPage - INFO: -> from_search_goto_specific_currency started / CURRENCY = EUR/USD
03/03/2021 10:26:22 AM - FxMainPage - INFO: --> collecting_data_on_graph_MACD started
03/03/2021 10:26:26 AM - FxMainPage - INFO: -> from_search_goto_specific_currency started / CURRENCY = USD/JPY
03/03/2021 10:26:32 AM - FxMainPage - INFO: --> collecting_data_on_graph_MACD started
03/03/2021 10:26:37 AM - FxMainPage - INFO: -> from_search_goto_specific_currency started / CURRENCY = USD/CHF
03/03/2021 10:26:43 AM - FxMainPage - INFO: --> collecting_data_on_graph_MACD started
03/03/2021 10:26:48 AM - FxMainPage - INFO: -> from_search_goto_specific_currency started / CURRENCY = USD/CAD
03/03/2021 10:26:54 AM - FxMainPage - INFO: --> collecting_data_on_graph_MACD started
03/03/2021 10:26:58 AM - FxMainPage - INFO: -> from_search_goto_specific_currency started / CURRENCY = AUD/USD
03/03/2021 10:27:05 AM - FxMainPage - INFO: --> collecting_data_on_graph_MACD started
03/03/2021 10:27:09 AM - FxMainPage - INFO: -> from_search_goto_specific_currency started / CURRENCY = NZD/USD
03/03/2021 10:27:16 AM - FxMainPage - INFO: --> collecting_data_on_graph_MACD started
03/03/2021 10:31:01 AM - FxMainPage - INFO: -> close_position_CFD_ANY_auto_MACD started
03/03/2021 10:31:01 AM - FxMainPage - INFO: --> list_CFD_open_position started
03/03/2021 10:31:03 AM - FxMainPage - INFO: -> looping_check_currencies_MACD started
03/03/2021 10:31:03 AM - FxMainPage - INFO: -> from_search_goto_specific_currency started / CURRENCY = GBP/USD
03/03/2021 10:31:10 AM - FxMainPage - INFO: --> collecting_data_on_graph_MACD started
03/03/2021 10:31:14 AM - FxMainPage - INFO: -> from_search_goto_specific_currency started / CURRENCY = EUR/USD
03/03/2021 10:31:21 AM - FxMainPage - INFO: --> collecting_data_on_graph_MACD started
03/03/2021 10:31:25 AM - FxMainPage - INFO: -> from_search_goto_specific_currency started / CURRENCY = USD/JPY
03/03/2021 10:31:32 AM - FxMainPage - INFO: --> collecting_data_on_graph_MACD started
03/03/2021 10:31:36 AM - FxMainPage - INFO: -> from_search_goto_specific_currency started / CURRENCY = USD/CHF
03/03/2021 10:31:42 AM - FxMainPage - INFO: --> collecting_data_on_graph_MACD started
03/03/2021 10:31:47 AM - FxMainPage - INFO: -> from_search_goto_specific_currency started / CURRENCY = USD/CAD
03/03/2021 10:31:53 AM - FxMainPage - INFO: --> collecting_data_on_graph_MACD started
03/03/2021 10:31:58 AM - FxMainPage - INFO: -> from_search_goto_specific_currency started / CURRENCY = AUD/USD
03/03/2021 10:32:04 AM - FxMainPage - INFO: --> collecting_data_on_graph_MACD started
03/03/2021 10:32:09 AM - FxMainPage - INFO: -> from_search_goto_specific_currency started / CURRENCY = NZD/USD
03/03/2021 10:32:15 AM - FxMainPage - INFO: --> collecting_data_on_graph_MACD started
03/03/2021 10:36:01 AM - FxMainPage - INFO: -> close_position_CFD_ANY_auto_MACD started
03/03/2021 10:36:01 AM - FxMainPage - INFO: --> list_CFD_open_position started
03/03/2021 10:36:02 AM - FxMainPage - INFO: -> looping_check_currencies_MACD started
03/03/2021 10:36:04 AM - FxMainPage - INFO: -> from_search_goto_specific_currency started / CURRENCY = GBP/USD
03/03/2021 10:36:10 AM - FxMainPage - INFO: --> collecting_data_on_graph_MACD started
03/03/2021 10:36:14 AM - FxMainPage - INFO: -> from_search_goto_specific_currency started / CURRENCY = EUR/USD
03/03/2021 10:36:21 AM - FxMainPage - INFO: --> collecting_data_on_graph_MACD started
03/03/2021 10:36:25 AM - FxMainPage - INFO: -> from_search_goto_specific_currency started / CURRENCY = USD/JPY
03/03/2021 10:36:32 AM - FxMainPage - INFO: --> collecting_data_on_graph_MACD started
03/03/2021 10:36:36 AM - FxMainPage - INFO: -> from_search_goto_specific_currency started / CURRENCY = USD/CHF
03/03/2021 10:36:42 AM - FxMainPage - INFO: --> collecting_data_on_graph_MACD started
03/03/2021 10:36:47 AM - FxMainPage - INFO: -> from_search_goto_specific_currency started / CURRENCY = USD/CAD
03/03/2021 10:36:53 AM - FxMainPage - INFO: --> collecting_data_on_graph_MACD started
03/03/2021 10:36:57 AM - FxMainPage - INFO: -> from_search_goto_specific_currency started / CURRENCY = AUD/USD
03/03/2021 10:37:04 AM - FxMainPage - INFO: --> collecting_data_on_graph_MACD started
03/03/2021 10:37:08 AM - FxMainPage - INFO: -> from_search_goto_specific_currency started / CURRENCY = NZD/USD
03/03/2021 10:37:15 AM - FxMainPage - INFO: --> collecting_data_on_graph_MACD started
03/03/2021 10:41:01 AM - FxMainPage - INFO: -> close_position_CFD_ANY_auto_MACD started
03/03/2021 10:41:01 AM - FxMainPage - INFO: --> list_CFD_open_position started
03/03/2021 10:41:03 AM - FxMainPage - INFO: -> looping_check_currencies_MACD started
03/03/2021 10:41:04 AM - FxMainPage - INFO: -> from_search_goto_specific_currency started / CURRENCY = GBP/USD
03/03/2021 10:41:11 AM - FxMainPage - INFO: --> collecting_data_on_graph_MACD started
03/03/2021 10:41:15 AM - FxMainPage - INFO: -> from_search_goto_specific_currency started / CURRENCY = EUR/USD
03/03/2021 10:41:22 AM - FxMainPage - INFO: --> collecting_data_on_graph_MACD started
03/03/2021 10:41:27 AM - FxMainPage - INFO: -> from_search_goto_specific_currency started / CURRENCY = USD/JPY
03/03/2021 10:41:33 AM - FxMainPage - INFO: --> collecting_data_on_graph_MACD started
03/03/2021 10:41:37 AM - FxMainPage - INFO: -> from_search_goto_specific_currency started / CURRENCY = USD/CHF
03/03/2021 10:41:44 AM - FxMainPage - INFO: --> collecting_data_on_graph_MACD started
03/03/2021 10:41:49 AM - FxMainPage - INFO: -> from_search_goto_specific_currency started / CURRENCY = USD/CAD
03/03/2021 10:41:55 AM - FxMainPage - INFO: --> collecting_data_on_graph_MACD started
03/03/2021 10:41:59 AM - FxMainPage - INFO: -> from_search_goto_specific_currency started / CURRENCY = AUD/USD
03/03/2021 10:42:06 AM - FxMainPage - INFO: --> collecting_data_on_graph_MACD started
03/03/2021 10:42:10 AM - FxMainPage - INFO: -> from_search_goto_specific_currency started / CURRENCY = NZD/USD
03/03/2021 10:42:17 AM - FxMainPage - INFO: --> collecting_data_on_graph_MACD started
03/03/2021 10:42:21 AM - FxMainPage - INFO: --> buy_stock started
03/03/2021 10:42:21 AM - FxMainPage - INFO: --> open_stock_dialog started
03/03/2021 10:42:24 AM - FxMainPage - INFO: --> script_click_xpath started
03/03/2021 10:42:26 AM - FxMainPage - INFO: --> buy started
03/03/2021 10:46:01 AM - FxMainPage - INFO: -> close_position_CFD_ANY_auto_MACD started
03/03/2021 10:46:01 AM - FxMainPage - INFO: --> list_CFD_open_position started
03/03/2021 10:46:03 AM - FxMainPage - INFO: -> looping_check_currencies_MACD started
03/03/2021 10:46:05 AM - FxMainPage - INFO: -> from_search_goto_specific_currency started / CURRENCY = GBP/USD
03/03/2021 10:46:11 AM - FxMainPage - INFO: --> collecting_data_on_graph_MACD started
03/03/2021 10:46:16 AM - FxMainPage - INFO: -> from_search_goto_specific_currency started / CURRENCY = EUR/USD
03/03/2021 10:46:22 AM - FxMainPage - INFO: --> collecting_data_on_graph_MACD started
03/03/2021 10:46:27 AM - FxMainPage - INFO: -> from_search_goto_specific_currency started / CURRENCY = USD/JPY
03/03/2021 10:46:33 AM - FxMainPage - INFO: --> collecting_data_on_graph_MACD started
03/03/2021 10:46:38 AM - FxMainPage - INFO: -> from_search_goto_specific_currency started / CURRENCY = USD/CHF
03/03/2021 10:46:44 AM - FxMainPage - INFO: --> collecting_data_on_graph_MACD started
03/03/2021 10:46:49 AM - FxMainPage - INFO: -> from_search_goto_specific_currency started / CURRENCY = USD/CAD
03/03/2021 10:46:55 AM - FxMainPage - INFO: --> collecting_data_on_graph_MACD started
03/03/2021 10:47:00 AM - FxMainPage - INFO: -> from_search_goto_specific_currency started / CURRENCY = AUD/USD
03/03/2021 10:47:06 AM - FxMainPage - INFO: --> collecting_data_on_graph_MACD started
03/03/2021 10:47:11 AM - FxMainPage - INFO: -> from_search_goto_specific_currency started / CURRENCY = NZD/USD
03/03/2021 10:47:17 AM - FxMainPage - INFO: --> collecting_data_on_graph_MACD started
03/03/2021 10:51:01 AM - FxMainPage - INFO: -> close_position_CFD_ANY_auto_MACD started
03/03/2021 10:51:01 AM - FxMainPage - INFO: --> list_CFD_open_position started
03/03/2021 10:51:03 AM - FxMainPage - INFO: -> looping_check_currencies_MACD started
03/03/2021 10:51:04 AM - FxMainPage - INFO: -> from_search_goto_specific_currency started / CURRENCY = GBP/USD
03/03/2021 10:51:11 AM - FxMainPage - INFO: --> collecting_data_on_graph_MACD started
03/03/2021 10:51:15 AM - FxMainPage - INFO: -> from_search_goto_specific_currency started / CURRENCY = EUR/USD
03/03/2021 10:51:22 AM - FxMainPage - INFO: --> collecting_data_on_graph_MACD started
03/03/2021 10:51:26 AM - FxMainPage - INFO: -> from_search_goto_specific_currency started / CURRENCY = USD/JPY
03/03/2021 10:51:32 AM - FxMainPage - INFO: --> collecting_data_on_graph_MACD started
03/03/2021 10:51:37 AM - FxMainPage - INFO: -> from_search_goto_specific_currency started / CURRENCY = USD/CHF
03/03/2021 10:51:44 AM - FxMainPage - INFO: --> collecting_data_on_graph_MACD started
03/03/2021 10:51:48 AM - FxMainPage - INFO: -> from_search_goto_specific_currency started / CURRENCY = USD/CAD
03/03/2021 10:51:54 AM - FxMainPage - INFO: --> collecting_data_on_graph_MACD started
03/03/2021 10:51:59 AM - FxMainPage - INFO: -> from_search_goto_specific_currency started / CURRENCY = AUD/USD
03/03/2021 10:52:05 AM - FxMainPage - INFO: --> collecting_data_on_graph_MACD started
03/03/2021 10:52:10 AM - FxMainPage - INFO: -> from_search_goto_specific_currency started / CURRENCY = NZD/USD
03/03/2021 10:52:16 AM - FxMainPage - INFO: --> collecting_data_on_graph_MACD started
03/03/2021 10:56:01 AM - FxMainPage - INFO: -> close_position_CFD_ANY_auto_MACD started
03/03/2021 10:56:01 AM - FxMainPage - INFO: --> list_CFD_open_position started
03/03/2021 10:56:03 AM - FxMainPage - INFO: -> looping_check_currencies_MACD started
03/03/2021 10:56:03 AM - FxMainPage - INFO: -> from_search_goto_specific_currency started / CURRENCY = GBP/USD
03/03/2021 10:56:10 AM - FxMainPage - INFO: --> collecting_data_on_graph_MACD started
03/03/2021 10:56:14 AM - FxMainPage - INFO: -> from_search_goto_specific_currency started / CURRENCY = EUR/USD
03/03/2021 10:56:21 AM - FxMainPage - INFO: --> collecting_data_on_graph_MACD started
03/03/2021 10:56:25 AM - FxMainPage - INFO: -> from_search_goto_specific_currency started / CURRENCY = USD/JPY
03/03/2021 10:56:32 AM - FxMainPage - INFO: --> collecting_data_on_graph_MACD started
03/03/2021 10:56:36 AM - FxMainPage - INFO: -> from_search_goto_specific_currency started / CURRENCY = USD/CHF
03/03/2021 10:56:43 AM - FxMainPage - INFO: --> collecting_data_on_graph_MACD started
03/03/2021 10:56:47 AM - FxMainPage - INFO: -> from_search_goto_specific_currency started / CURRENCY = USD/CAD
03/03/2021 10:56:54 AM - FxMainPage - INFO: --> collecting_data_on_graph_MACD started
03/03/2021 10:56:59 AM - FxMainPage - INFO: -> from_search_goto_specific_currency started / CURRENCY = AUD/USD
03/03/2021 10:57:05 AM - FxMainPage - INFO: --> collecting_data_on_graph_MACD started
03/03/2021 10:57:10 AM - FxMainPage - INFO: -> from_search_goto_specific_currency started / CURRENCY = NZD/USD
03/03/2021 10:57:16 AM - FxMainPage - INFO: --> collecting_data_on_graph_MACD started
