10/02/2021 07:07:51 PM - FxMainPage - INFO: -> autologin_maxwindows started
10/02/2021 07:07:51 PM - FxMainPage - INFO: --> Trading212 user = mycromox@gmail.com
10/02/2021 07:07:57 PM - FxMainPage - INFO: --> close_popup_ask_upload_docs started
10/02/2021 07:07:58 PM - FxMainPage - INFO: --> mode_live_or_demo started // Mode = Practice
10/02/2021 07:08:00 PM - FxMainPage - INFO: -> close_position_CFD_ANY_auto started
10/02/2021 07:08:00 PM - FxMainPage - INFO: --> list_CFD_open_position started
10/02/2021 07:08:05 PM - FxMainPage - INFO: -> looping_check_currencies started
10/02/2021 07:08:07 PM - FxMainPage - INFO: -> from_search_goto_specific_currency started / CURRENCY = EUR/USD
10/02/2021 07:08:12 PM - FxMainPage - INFO: --> collecting_data_on_graph started
10/02/2021 07:08:19 PM - FxMainPage - INFO: -> from_search_goto_specific_currency started / CURRENCY = USD/JPY
10/02/2021 07:08:24 PM - FxMainPage - INFO: --> collecting_data_on_graph started
10/02/2021 07:08:30 PM - FxMainPage - INFO: -> from_search_goto_specific_currency started / CURRENCY = USD/CHF
10/02/2021 07:08:35 PM - FxMainPage - INFO: --> collecting_data_on_graph started
10/02/2021 07:08:41 PM - FxMainPage - INFO: -> from_search_goto_specific_currency started / CURRENCY = AUD/USD
10/02/2021 07:08:46 PM - FxMainPage - INFO: --> collecting_data_on_graph started
10/02/2021 07:08:52 PM - FxMainPage - INFO: -> looping_check_currencies started
10/02/2021 07:08:53 PM - FxMainPage - INFO: -> from_search_goto_specific_currency started / CURRENCY = EUR/USD
10/02/2021 07:08:58 PM - FxMainPage - INFO: --> collecting_data_on_graph started
10/02/2021 07:09:05 PM - FxMainPage - INFO: -> from_search_goto_specific_currency started / CURRENCY = USD/JPY
10/02/2021 07:09:10 PM - FxMainPage - INFO: --> collecting_data_on_graph started
10/02/2021 07:09:16 PM - FxMainPage - INFO: -> from_search_goto_specific_currency started / CURRENCY = USD/CHF
10/02/2021 07:09:21 PM - FxMainPage - INFO: --> collecting_data_on_graph started
10/02/2021 07:09:27 PM - FxMainPage - INFO: -> from_search_goto_specific_currency started / CURRENCY = AUD/USD
10/02/2021 07:09:33 PM - FxMainPage - INFO: --> collecting_data_on_graph started
10/02/2021 07:12:13 PM - FxMainPage - INFO: -> close_position_CFD_ANY_auto started
10/02/2021 07:12:13 PM - FxMainPage - INFO: --> list_CFD_open_position started
10/02/2021 07:12:15 PM - FxMainPage - INFO: -> looping_check_currencies started
10/02/2021 07:12:16 PM - FxMainPage - INFO: -> from_search_goto_specific_currency started / CURRENCY = GBP/USD
10/02/2021 07:12:21 PM - FxMainPage - INFO: --> collecting_data_on_graph started
10/02/2021 07:12:28 PM - FxMainPage - INFO: -> from_search_goto_specific_currency started / CURRENCY = EUR/USD
10/02/2021 07:12:33 PM - FxMainPage - INFO: --> collecting_data_on_graph started
10/02/2021 07:12:39 PM - FxMainPage - INFO: -> from_search_goto_specific_currency started / CURRENCY = USD/JPY
10/02/2021 07:12:44 PM - FxMainPage - INFO: --> collecting_data_on_graph started
10/02/2021 07:12:51 PM - FxMainPage - INFO: -> from_search_goto_specific_currency started / CURRENCY = USD/CHF
10/02/2021 07:12:56 PM - FxMainPage - INFO: --> collecting_data_on_graph started
10/02/2021 07:13:02 PM - FxMainPage - INFO: -> from_search_goto_specific_currency started / CURRENCY = USD/CAD
10/02/2021 07:13:07 PM - FxMainPage - INFO: --> collecting_data_on_graph started
10/02/2021 07:13:13 PM - FxMainPage - INFO: -> from_search_goto_specific_currency started / CURRENCY = AUD/USD
10/02/2021 07:13:18 PM - FxMainPage - INFO: --> collecting_data_on_graph started
10/02/2021 07:13:25 PM - FxMainPage - INFO: -> looping_check_currencies started
10/02/2021 07:13:26 PM - FxMainPage - INFO: -> from_search_goto_specific_currency started / CURRENCY = GBP/USD
10/02/2021 07:13:31 PM - FxMainPage - INFO: --> collecting_data_on_graph started
10/02/2021 07:13:38 PM - FxMainPage - INFO: -> from_search_goto_specific_currency started / CURRENCY = EUR/USD
10/02/2021 07:13:43 PM - FxMainPage - INFO: --> collecting_data_on_graph started
10/02/2021 07:13:49 PM - FxMainPage - INFO: -> from_search_goto_specific_currency started / CURRENCY = USD/JPY
10/02/2021 07:13:54 PM - FxMainPage - INFO: --> collecting_data_on_graph started
10/02/2021 07:14:00 PM - FxMainPage - INFO: -> from_search_goto_specific_currency started / CURRENCY = USD/CHF
10/02/2021 07:14:05 PM - FxMainPage - INFO: --> collecting_data_on_graph started
10/02/2021 07:14:11 PM - FxMainPage - INFO: -> from_search_goto_specific_currency started / CURRENCY = USD/CAD
10/02/2021 07:14:16 PM - FxMainPage - INFO: --> collecting_data_on_graph started
10/02/2021 07:14:23 PM - FxMainPage - INFO: -> from_search_goto_specific_currency started / CURRENCY = AUD/USD
10/02/2021 07:14:28 PM - FxMainPage - INFO: --> collecting_data_on_graph started
10/02/2021 07:17:04 PM - FxMainPage - INFO: -> close_position_CFD_ANY_auto started
10/02/2021 07:17:04 PM - FxMainPage - INFO: --> list_CFD_open_position started
10/02/2021 07:17:06 PM - FxMainPage - INFO: -> looping_check_currencies started
10/02/2021 07:17:07 PM - FxMainPage - INFO: -> from_search_goto_specific_currency started / CURRENCY = GBP/USD
10/02/2021 07:17:13 PM - FxMainPage - INFO: --> collecting_data_on_graph started
10/02/2021 07:17:19 PM - FxMainPage - INFO: -> from_search_goto_specific_currency started / CURRENCY = EUR/USD
10/02/2021 07:17:24 PM - FxMainPage - INFO: --> collecting_data_on_graph started
10/02/2021 07:17:31 PM - FxMainPage - INFO: -> from_search_goto_specific_currency started / CURRENCY = USD/JPY
10/02/2021 07:17:36 PM - FxMainPage - INFO: --> collecting_data_on_graph started
10/02/2021 07:17:42 PM - FxMainPage - INFO: -> from_search_goto_specific_currency started / CURRENCY = USD/CHF
10/02/2021 07:17:47 PM - FxMainPage - INFO: --> collecting_data_on_graph started
10/02/2021 07:17:53 PM - FxMainPage - INFO: -> from_search_goto_specific_currency started / CURRENCY = USD/CAD
10/02/2021 07:17:59 PM - FxMainPage - INFO: --> collecting_data_on_graph started
10/02/2021 07:18:05 PM - FxMainPage - INFO: -> from_search_goto_specific_currency started / CURRENCY = AUD/USD
10/02/2021 07:18:10 PM - FxMainPage - INFO: --> collecting_data_on_graph started
10/02/2021 07:18:16 PM - FxMainPage - INFO: -> looping_check_currencies started
10/02/2021 07:18:17 PM - FxMainPage - INFO: -> from_search_goto_specific_currency started / CURRENCY = GBP/USD
10/02/2021 07:18:22 PM - FxMainPage - INFO: --> collecting_data_on_graph started
10/02/2021 07:18:29 PM - FxMainPage - INFO: -> from_search_goto_specific_currency started / CURRENCY = EUR/USD
10/02/2021 07:18:34 PM - FxMainPage - INFO: --> collecting_data_on_graph started
10/02/2021 07:18:40 PM - FxMainPage - INFO: -> from_search_goto_specific_currency started / CURRENCY = USD/JPY
10/02/2021 07:18:45 PM - FxMainPage - INFO: --> collecting_data_on_graph started
10/02/2021 07:18:51 PM - FxMainPage - INFO: -> from_search_goto_specific_currency started / CURRENCY = USD/CHF
10/02/2021 07:18:56 PM - FxMainPage - INFO: --> collecting_data_on_graph started
10/02/2021 07:19:03 PM - FxMainPage - INFO: -> from_search_goto_specific_currency started / CURRENCY = USD/CAD
10/02/2021 07:19:08 PM - FxMainPage - INFO: --> collecting_data_on_graph started
10/02/2021 07:19:14 PM - FxMainPage - INFO: -> from_search_goto_specific_currency started / CURRENCY = AUD/USD
10/02/2021 07:19:19 PM - FxMainPage - INFO: --> collecting_data_on_graph started
10/02/2021 07:19:28 PM - FxMainPage - INFO: --> buy_stock started
10/02/2021 07:19:28 PM - FxMainPage - INFO: --> open_stock_dialog started
10/02/2021 07:19:41 PM - FxMainPage - INFO: --> script_click_xpath started
10/02/2021 07:19:42 PM - FxMainPage - INFO: --> buy started
10/02/2021 07:22:14 PM - FxMainPage - INFO: -> close_position_CFD_ANY_auto started
10/02/2021 07:22:14 PM - FxMainPage - INFO: --> list_CFD_open_position started
10/02/2021 07:22:15 PM - FxMainPage - INFO: -> looping_check_currencies started
10/02/2021 07:22:17 PM - FxMainPage - INFO: -> from_search_goto_specific_currency started / CURRENCY = EUR/USD
10/02/2021 07:22:22 PM - FxMainPage - INFO: --> collecting_data_on_graph started
10/02/2021 07:22:28 PM - FxMainPage - INFO: -> from_search_goto_specific_currency started / CURRENCY = USD/JPY
10/02/2021 07:22:33 PM - FxMainPage - INFO: --> collecting_data_on_graph started
10/02/2021 07:22:40 PM - FxMainPage - INFO: -> from_search_goto_specific_currency started / CURRENCY = USD/CHF
10/02/2021 07:22:45 PM - FxMainPage - INFO: --> collecting_data_on_graph started
10/02/2021 07:22:51 PM - FxMainPage - INFO: -> from_search_goto_specific_currency started / CURRENCY = USD/CAD
10/02/2021 07:22:56 PM - FxMainPage - INFO: --> collecting_data_on_graph started
10/02/2021 07:23:02 PM - FxMainPage - INFO: -> from_search_goto_specific_currency started / CURRENCY = AUD/USD
10/02/2021 07:23:07 PM - FxMainPage - INFO: --> collecting_data_on_graph started
10/02/2021 07:23:13 PM - FxMainPage - INFO: -> from_search_goto_specific_currency started / CURRENCY = NZD/USD
10/02/2021 07:23:18 PM - FxMainPage - INFO: --> collecting_data_on_graph started
10/02/2021 07:23:25 PM - FxMainPage - INFO: -> looping_check_currencies started
10/02/2021 07:23:26 PM - FxMainPage - INFO: -> from_search_goto_specific_currency started / CURRENCY = EUR/USD
10/02/2021 07:23:31 PM - FxMainPage - INFO: --> collecting_data_on_graph started
10/02/2021 07:23:37 PM - FxMainPage - INFO: -> from_search_goto_specific_currency started / CURRENCY = USD/JPY
10/02/2021 07:23:42 PM - FxMainPage - INFO: --> collecting_data_on_graph started
10/02/2021 07:23:48 PM - FxMainPage - INFO: -> from_search_goto_specific_currency started / CURRENCY = USD/CHF
10/02/2021 07:23:53 PM - FxMainPage - INFO: --> collecting_data_on_graph started
10/02/2021 07:23:59 PM - FxMainPage - INFO: -> from_search_goto_specific_currency started / CURRENCY = USD/CAD
10/02/2021 07:24:04 PM - FxMainPage - INFO: --> collecting_data_on_graph started
10/02/2021 07:24:11 PM - FxMainPage - INFO: -> from_search_goto_specific_currency started / CURRENCY = AUD/USD
10/02/2021 07:24:16 PM - FxMainPage - INFO: --> collecting_data_on_graph started
10/02/2021 07:24:22 PM - FxMainPage - INFO: -> from_search_goto_specific_currency started / CURRENCY = NZD/USD
10/02/2021 07:24:27 PM - FxMainPage - INFO: --> collecting_data_on_graph started
10/02/2021 07:24:33 PM - FxMainPage - INFO: --> buy_stock started
10/02/2021 07:24:33 PM - FxMainPage - INFO: --> open_stock_dialog started
10/02/2021 07:24:36 PM - FxMainPage - INFO: --> script_click_xpath started
10/02/2021 07:24:38 PM - FxMainPage - INFO: --> buy started
10/02/2021 07:24:40 PM - FxMainPage - INFO: --> buy_stock started
10/02/2021 07:24:40 PM - FxMainPage - INFO: --> open_stock_dialog started
10/02/2021 07:24:43 PM - FxMainPage - INFO: --> script_click_xpath started
10/02/2021 07:24:44 PM - FxMainPage - INFO: --> buy started
10/02/2021 07:24:46 PM - FxMainPage - INFO: --> sell_stock started
10/02/2021 07:24:46 PM - FxMainPage - INFO: --> open_stock_dialog started
10/02/2021 07:24:49 PM - FxMainPage - INFO: --> script_click_xpath started
10/02/2021 07:24:51 PM - FxMainPage - INFO: --> sell started
10/02/2021 07:24:51 PM - FxMainPage - INFO: --> buy started
10/02/2021 07:27:23 PM - FxMainPage - INFO: -> close_position_CFD_ANY_auto started
10/02/2021 07:27:23 PM - FxMainPage - INFO: --> list_CFD_open_position started
10/02/2021 07:27:25 PM - FxMainPage - INFO: -> looping_check_currencies started
10/02/2021 07:27:26 PM - FxMainPage - INFO: -> from_search_goto_specific_currency started / CURRENCY = EUR/USD
10/02/2021 07:27:31 PM - FxMainPage - INFO: --> collecting_data_on_graph started
10/02/2021 07:27:38 PM - FxMainPage - INFO: -> from_search_goto_specific_currency started / CURRENCY = USD/CAD
10/02/2021 07:27:43 PM - FxMainPage - INFO: --> collecting_data_on_graph started
10/02/2021 07:27:49 PM - FxMainPage - INFO: -> from_search_goto_specific_currency started / CURRENCY = NZD/USD
10/02/2021 07:27:54 PM - FxMainPage - INFO: --> collecting_data_on_graph started
10/02/2021 07:28:00 PM - FxMainPage - INFO: -> looping_check_currencies started
10/02/2021 07:28:01 PM - FxMainPage - INFO: -> from_search_goto_specific_currency started / CURRENCY = EUR/USD
10/02/2021 07:28:06 PM - FxMainPage - INFO: --> collecting_data_on_graph started
10/02/2021 07:28:12 PM - FxMainPage - INFO: -> from_search_goto_specific_currency started / CURRENCY = USD/CAD
10/02/2021 07:28:18 PM - FxMainPage - INFO: --> collecting_data_on_graph started
10/02/2021 07:28:24 PM - FxMainPage - INFO: -> from_search_goto_specific_currency started / CURRENCY = NZD/USD
10/02/2021 07:28:29 PM - FxMainPage - INFO: --> collecting_data_on_graph started
10/02/2021 07:31:05 PM - FxMainPage - INFO: -> close_position_CFD_ANY_auto started
10/02/2021 07:31:05 PM - FxMainPage - INFO: --> list_CFD_open_position started
10/02/2021 07:31:08 PM - FxMainPage - INFO: -> looping_check_currencies started
10/02/2021 07:31:09 PM - FxMainPage - INFO: -> from_search_goto_specific_currency started / CURRENCY = EUR/USD
10/02/2021 07:31:14 PM - FxMainPage - INFO: --> collecting_data_on_graph started
10/02/2021 07:31:20 PM - FxMainPage - INFO: -> from_search_goto_specific_currency started / CURRENCY = USD/CAD
10/02/2021 07:31:25 PM - FxMainPage - INFO: --> collecting_data_on_graph started
10/02/2021 07:31:32 PM - FxMainPage - INFO: -> from_search_goto_specific_currency started / CURRENCY = NZD/USD
10/02/2021 07:31:37 PM - FxMainPage - INFO: --> collecting_data_on_graph started
10/02/2021 07:31:43 PM - FxMainPage - INFO: -> looping_check_currencies started
10/02/2021 07:31:44 PM - FxMainPage - INFO: -> from_search_goto_specific_currency started / CURRENCY = EUR/USD
10/02/2021 07:31:49 PM - FxMainPage - INFO: --> collecting_data_on_graph started
10/02/2021 07:31:55 PM - FxMainPage - INFO: -> from_search_goto_specific_currency started / CURRENCY = USD/CAD
10/02/2021 07:32:00 PM - FxMainPage - INFO: --> collecting_data_on_graph started
10/02/2021 07:32:07 PM - FxMainPage - INFO: -> from_search_goto_specific_currency started / CURRENCY = NZD/USD
10/02/2021 07:32:12 PM - FxMainPage - INFO: --> collecting_data_on_graph started
10/02/2021 07:32:21 PM - FxMainPage - INFO: --> sell_stock started
10/02/2021 07:32:21 PM - FxMainPage - INFO: --> open_stock_dialog started
10/02/2021 07:32:24 PM - FxMainPage - INFO: --> script_click_xpath started
10/02/2021 07:32:25 PM - FxMainPage - INFO: --> sell started
10/02/2021 07:32:25 PM - FxMainPage - INFO: --> buy started
10/02/2021 07:34:57 PM - FxMainPage - INFO: -> close_position_CFD_ANY_auto started
10/02/2021 07:34:57 PM - FxMainPage - INFO: --> list_CFD_open_position started
10/02/2021 07:35:00 PM - FxMainPage - INFO: -> looping_check_currencies started
10/02/2021 07:35:01 PM - FxMainPage - INFO: -> from_search_goto_specific_currency started / CURRENCY = GBP/USD
10/02/2021 07:35:06 PM - FxMainPage - INFO: --> collecting_data_on_graph started
10/02/2021 07:35:12 PM - FxMainPage - INFO: -> from_search_goto_specific_currency started / CURRENCY = USD/CAD
10/02/2021 07:35:18 PM - FxMainPage - INFO: --> collecting_data_on_graph started
10/02/2021 07:35:24 PM - FxMainPage - INFO: -> from_search_goto_specific_currency started / CURRENCY = NZD/USD
10/02/2021 07:35:29 PM - FxMainPage - INFO: --> collecting_data_on_graph started
10/02/2021 07:35:36 PM - FxMainPage - INFO: -> looping_check_currencies started
10/02/2021 07:35:36 PM - FxMainPage - INFO: -> from_search_goto_specific_currency started / CURRENCY = GBP/USD
10/02/2021 07:35:41 PM - FxMainPage - INFO: --> collecting_data_on_graph started
10/02/2021 07:35:48 PM - FxMainPage - INFO: -> from_search_goto_specific_currency started / CURRENCY = USD/CAD
10/02/2021 07:35:53 PM - FxMainPage - INFO: --> collecting_data_on_graph started
10/02/2021 07:35:59 PM - FxMainPage - INFO: -> from_search_goto_specific_currency started / CURRENCY = NZD/USD
10/02/2021 07:36:05 PM - FxMainPage - INFO: --> collecting_data_on_graph started
10/02/2021 07:36:13 PM - FxMainPage - INFO: --> sell_stock started
10/02/2021 07:36:13 PM - FxMainPage - INFO: --> open_stock_dialog started
10/02/2021 07:36:16 PM - FxMainPage - INFO: --> script_click_xpath started
10/02/2021 07:36:18 PM - FxMainPage - INFO: --> sell started
10/02/2021 07:36:18 PM - FxMainPage - INFO: --> buy started
10/02/2021 07:36:20 PM - FxMainPage - INFO: --> buy_stock started
10/02/2021 07:36:20 PM - FxMainPage - INFO: --> open_stock_dialog started
10/02/2021 07:36:23 PM - FxMainPage - INFO: --> script_click_xpath started
10/02/2021 07:36:24 PM - FxMainPage - INFO: --> buy started
10/02/2021 07:38:56 PM - FxMainPage - INFO: -> close_position_CFD_ANY_auto started
10/02/2021 07:38:56 PM - FxMainPage - INFO: --> list_CFD_open_position started
10/02/2021 07:38:59 PM - FxMainPage - INFO: -> looping_check_currencies started
10/02/2021 07:39:00 PM - FxMainPage - INFO: -> from_search_goto_specific_currency started / CURRENCY = USD/CAD
10/02/2021 07:39:05 PM - FxMainPage - INFO: --> collecting_data_on_graph started
10/02/2021 07:39:12 PM - FxMainPage - INFO: -> from_search_goto_specific_currency started / CURRENCY = AUD/USD
10/02/2021 07:39:17 PM - FxMainPage - INFO: --> collecting_data_on_graph started
10/02/2021 07:39:23 PM - FxMainPage - INFO: -> looping_check_currencies started
10/02/2021 07:39:23 PM - FxMainPage - INFO: -> from_search_goto_specific_currency started / CURRENCY = USD/CAD
10/02/2021 07:39:28 PM - FxMainPage - INFO: --> collecting_data_on_graph started
10/02/2021 07:39:35 PM - FxMainPage - INFO: -> from_search_goto_specific_currency started / CURRENCY = AUD/USD
10/02/2021 07:39:40 PM - FxMainPage - INFO: --> collecting_data_on_graph started
10/02/2021 07:39:46 PM - FxMainPage - INFO: --> buy_stock started
10/02/2021 07:39:46 PM - FxMainPage - INFO: --> open_stock_dialog started
10/02/2021 07:39:50 PM - FxMainPage - INFO: --> script_click_xpath started
10/02/2021 07:39:51 PM - FxMainPage - INFO: --> buy started
10/02/2021 07:42:23 PM - FxMainPage - INFO: -> close_position_CFD_ANY_auto started
10/02/2021 07:42:23 PM - FxMainPage - INFO: --> list_CFD_open_position started
10/02/2021 07:42:26 PM - FxMainPage - INFO: -> looping_check_currencies started
10/02/2021 07:42:28 PM - FxMainPage - INFO: -> from_search_goto_specific_currency started / CURRENCY = USD/CAD
10/02/2021 07:42:33 PM - FxMainPage - INFO: --> collecting_data_on_graph started
10/02/2021 07:42:39 PM - FxMainPage - INFO: -> looping_check_currencies started
10/02/2021 07:42:40 PM - FxMainPage - INFO: -> from_search_goto_specific_currency started / CURRENCY = USD/CAD
10/02/2021 07:42:45 PM - FxMainPage - INFO: --> collecting_data_on_graph started
10/02/2021 07:45:21 PM - FxMainPage - INFO: -> close_position_CFD_ANY_auto started
10/02/2021 07:45:21 PM - FxMainPage - INFO: --> list_CFD_open_position started
10/02/2021 07:45:24 PM - FxMainPage - INFO: -> looping_check_currencies started
10/02/2021 07:45:25 PM - FxMainPage - INFO: -> from_search_goto_specific_currency started / CURRENCY = USD/CAD
10/02/2021 07:45:30 PM - FxMainPage - INFO: --> collecting_data_on_graph started
10/02/2021 07:45:36 PM - FxMainPage - INFO: -> looping_check_currencies started
10/02/2021 07:45:37 PM - FxMainPage - INFO: -> from_search_goto_specific_currency started / CURRENCY = USD/CAD
10/02/2021 07:45:42 PM - FxMainPage - INFO: --> collecting_data_on_graph started
