05/02/2021 06:42:31 PM - FxMainPage - INFO: -> autologin_maxwindows started
05/02/2021 06:42:31 PM - FxMainPage - INFO: --> Trading212 user = rosli.talib@yahoo.com
05/02/2021 06:42:37 PM - FxMainPage - INFO: --> close_popup_ask_upload_docs started
05/02/2021 06:42:47 PM - FxMainPage - INFO: --> mode_live_or_demo started
05/02/2021 06:42:47 PM - FxMainPage - INFO: -> close_position_CFD_ANY started
05/02/2021 06:42:47 PM - FxMainPage - INFO: -> looping_check_all_currencies started
05/02/2021 06:42:48 PM - FxMainPage - INFO: -> from_search_goto_specific_currency started / CURRENCY = GBP/USD
05/02/2021 06:42:55 PM - FxMainPage - INFO: --> collecting_data_on_graph started
05/02/2021 06:43:00 PM - FxMainPage - INFO: -> from_search_goto_specific_currency started / CURRENCY = EUR/USD
05/02/2021 06:43:05 PM - FxMainPage - INFO: --> collecting_data_on_graph started
05/02/2021 06:43:10 PM - FxMainPage - INFO: -> from_search_goto_specific_currency started / CURRENCY = USD/JPY
05/02/2021 06:43:16 PM - FxMainPage - INFO: --> collecting_data_on_graph started
05/02/2021 06:43:21 PM - FxMainPage - INFO: -> from_search_goto_specific_currency started / CURRENCY = USD/CHF
05/02/2021 06:43:26 PM - FxMainPage - INFO: --> collecting_data_on_graph started
05/02/2021 06:43:31 PM - FxMainPage - INFO: -> from_search_goto_specific_currency started / CURRENCY = USD/CAD
05/02/2021 06:43:37 PM - FxMainPage - INFO: --> collecting_data_on_graph started
05/02/2021 06:43:42 PM - FxMainPage - INFO: -> from_search_goto_specific_currency started / CURRENCY = AUD/USD
05/02/2021 06:43:48 PM - FxMainPage - INFO: --> collecting_data_on_graph started
05/02/2021 06:43:53 PM - FxMainPage - INFO: -> from_search_goto_specific_currency started / CURRENCY = NZD/USD
05/02/2021 06:43:58 PM - FxMainPage - INFO: --> collecting_data_on_graph started
05/02/2021 06:44:03 PM - FxMainPage - INFO: --> list_CFD_open_position started
05/02/2021 06:44:14 PM - FxMainPage - INFO: --> pilihan_buy_or_sell started
05/02/2021 06:44:14 PM - FxMainPage - INFO: --> pilihan_to_close_position started
05/02/2021 06:44:49 PM - FxMainPage - INFO: --> choice_currency started
05/02/2021 06:44:51 PM - FxMainPage - INFO: -> close_position_CFD_ANY started
05/02/2021 06:44:51 PM - FxMainPage - INFO: --> list_CFD_open_position started
05/02/2021 06:45:02 PM - FxMainPage - INFO: --> pilihan_buy_or_sell started
05/02/2021 06:45:02 PM - FxMainPage - INFO: --> pilihan_to_close_position started
