10/02/2021 05:59:18 PM - FxMainPage - INFO: -> autologin_maxwindows started
10/02/2021 05:59:18 PM - FxMainPage - INFO: --> Trading212 user = xixa01@yahoo.co.uk
10/02/2021 05:59:24 PM - FxMainPage - INFO: --> close_popup_ask_upload_docs started
10/02/2021 05:59:25 PM - FxMainPage - INFO: --> mode_live_or_demo started // Mode = Practice
10/02/2021 05:59:26 PM - FxMainPage - INFO: -> close_position_CFD_ANY_auto started
10/02/2021 05:59:26 PM - FxMainPage - INFO: --> list_CFD_open_position started
10/02/2021 06:02:06 PM - FxMainPage - INFO: -> close_position_CFD_ANY_auto started
10/02/2021 06:02:06 PM - FxMainPage - INFO: --> list_CFD_open_position started
10/02/2021 06:02:08 PM - FxMainPage - INFO: -> looping_check_currencies started
10/02/2021 06:02:10 PM - FxMainPage - INFO: -> from_search_goto_specific_currency started / CURRENCY = USD/CHF
10/02/2021 06:02:17 PM - FxMainPage - INFO: --> collecting_data_on_graph started
10/02/2021 06:02:23 PM - FxMainPage - INFO: -> from_search_goto_specific_currency started / CURRENCY = USD/CAD
10/02/2021 06:02:28 PM - FxMainPage - INFO: --> collecting_data_on_graph started
10/02/2021 06:02:35 PM - FxMainPage - INFO: -> looping_check_currencies started
10/02/2021 06:02:35 PM - FxMainPage - INFO: -> from_search_goto_specific_currency started / CURRENCY = USD/CHF
10/02/2021 06:02:41 PM - FxMainPage - INFO: --> collecting_data_on_graph started
10/02/2021 06:02:47 PM - FxMainPage - INFO: -> from_search_goto_specific_currency started / CURRENCY = USD/CAD
10/02/2021 06:02:53 PM - FxMainPage - INFO: --> collecting_data_on_graph started
10/02/2021 06:02:59 PM - FxMainPage - INFO: --> sell_stock started
10/02/2021 06:02:59 PM - FxMainPage - INFO: --> open_stock_dialog started
10/02/2021 06:03:02 PM - FxMainPage - INFO: --> script_click_xpath started
10/02/2021 06:03:04 PM - FxMainPage - INFO: --> sell started
10/02/2021 06:03:04 PM - FxMainPage - INFO: --> buy started
10/02/2021 06:05:36 PM - FxMainPage - INFO: -> close_position_CFD_ANY_auto started
10/02/2021 06:05:36 PM - FxMainPage - INFO: --> list_CFD_open_position started
10/02/2021 06:05:39 PM - FxMainPage - INFO: -> looping_check_currencies started
10/02/2021 06:05:41 PM - FxMainPage - INFO: -> from_search_goto_specific_currency started / CURRENCY = USD/CHF
10/02/2021 06:05:46 PM - FxMainPage - INFO: --> collecting_data_on_graph started
10/02/2021 06:05:52 PM - FxMainPage - INFO: -> looping_check_currencies started
10/02/2021 06:05:53 PM - FxMainPage - INFO: -> from_search_goto_specific_currency started / CURRENCY = USD/CHF
10/02/2021 06:05:58 PM - FxMainPage - INFO: --> collecting_data_on_graph started
10/02/2021 06:08:35 PM - FxMainPage - INFO: -> close_position_CFD_ANY_auto started
10/02/2021 06:08:35 PM - FxMainPage - INFO: --> list_CFD_open_position started
10/02/2021 06:08:38 PM - FxMainPage - INFO: -> looping_check_currencies started
10/02/2021 06:08:39 PM - FxMainPage - INFO: -> from_search_goto_specific_currency started / CURRENCY = USD/CHF
10/02/2021 06:08:45 PM - FxMainPage - INFO: --> collecting_data_on_graph started
10/02/2021 06:08:51 PM - FxMainPage - INFO: -> looping_check_currencies started
10/02/2021 06:08:52 PM - FxMainPage - INFO: -> from_search_goto_specific_currency started / CURRENCY = USD/CHF
10/02/2021 06:08:57 PM - FxMainPage - INFO: --> collecting_data_on_graph started
10/02/2021 06:11:34 PM - FxMainPage - INFO: -> close_position_CFD_ANY_auto started
10/02/2021 06:11:34 PM - FxMainPage - INFO: --> list_CFD_open_position started
10/02/2021 06:11:37 PM - FxMainPage - INFO: -> looping_check_currencies started
10/02/2021 06:11:38 PM - FxMainPage - INFO: -> from_search_goto_specific_currency started / CURRENCY = USD/CHF
10/02/2021 06:11:44 PM - FxMainPage - INFO: --> collecting_data_on_graph started
10/02/2021 06:11:50 PM - FxMainPage - INFO: -> looping_check_currencies started
10/02/2021 06:11:51 PM - FxMainPage - INFO: -> from_search_goto_specific_currency started / CURRENCY = USD/CHF
10/02/2021 06:11:56 PM - FxMainPage - INFO: --> collecting_data_on_graph started
10/02/2021 06:12:02 PM - FxMainPage - INFO: --> buy_stock started
10/02/2021 06:12:02 PM - FxMainPage - INFO: --> open_stock_dialog started
10/02/2021 06:12:06 PM - FxMainPage - INFO: --> script_click_xpath started
10/02/2021 06:12:07 PM - FxMainPage - INFO: --> buy started
10/02/2021 06:14:40 PM - FxMainPage - INFO: -> close_position_CFD_ANY_auto started
10/02/2021 06:14:40 PM - FxMainPage - INFO: --> list_CFD_open_position started
10/02/2021 06:17:13 PM - FxMainPage - INFO: -> close_position_CFD_ANY_auto started
10/02/2021 06:17:13 PM - FxMainPage - INFO: --> list_CFD_open_position started
10/02/2021 06:19:47 PM - FxMainPage - INFO: -> close_position_CFD_ANY_auto started
10/02/2021 06:19:47 PM - FxMainPage - INFO: --> list_CFD_open_position started
10/02/2021 06:22:21 PM - FxMainPage - INFO: -> close_position_CFD_ANY_auto started
10/02/2021 06:22:21 PM - FxMainPage - INFO: --> list_CFD_open_position started
10/02/2021 06:24:55 PM - FxMainPage - INFO: -> close_position_CFD_ANY_auto started
10/02/2021 06:24:55 PM - FxMainPage - INFO: --> list_CFD_open_position started
10/02/2021 06:27:28 PM - FxMainPage - INFO: -> close_position_CFD_ANY_auto started
10/02/2021 06:27:28 PM - FxMainPage - INFO: --> list_CFD_open_position started
10/02/2021 06:30:02 PM - FxMainPage - INFO: -> close_position_CFD_ANY_auto started
10/02/2021 06:30:02 PM - FxMainPage - INFO: --> list_CFD_open_position started
10/02/2021 06:32:36 PM - FxMainPage - INFO: -> close_position_CFD_ANY_auto started
10/02/2021 06:32:36 PM - FxMainPage - INFO: --> list_CFD_open_position started
10/02/2021 06:35:10 PM - FxMainPage - INFO: -> close_position_CFD_ANY_auto started
10/02/2021 06:35:10 PM - FxMainPage - INFO: --> list_CFD_open_position started
10/02/2021 06:37:43 PM - FxMainPage - INFO: -> close_position_CFD_ANY_auto started
10/02/2021 06:37:43 PM - FxMainPage - INFO: --> list_CFD_open_position started
10/02/2021 06:40:17 PM - FxMainPage - INFO: -> close_position_CFD_ANY_auto started
10/02/2021 06:40:17 PM - FxMainPage - INFO: --> list_CFD_open_position started
10/02/2021 06:42:51 PM - FxMainPage - INFO: -> close_position_CFD_ANY_auto started
10/02/2021 06:42:51 PM - FxMainPage - INFO: --> list_CFD_open_position started
10/02/2021 06:45:24 PM - FxMainPage - INFO: -> close_position_CFD_ANY_auto started
10/02/2021 06:45:24 PM - FxMainPage - INFO: --> list_CFD_open_position started
10/02/2021 06:48:00 PM - FxMainPage - INFO: -> close_position_CFD_ANY_auto started
10/02/2021 06:48:00 PM - FxMainPage - INFO: --> list_CFD_open_position started
10/02/2021 06:48:04 PM - FxMainPage - INFO: -> looping_check_currencies started
10/02/2021 06:48:05 PM - FxMainPage - INFO: -> from_search_goto_specific_currency started / CURRENCY = AUD/USD
10/02/2021 06:48:10 PM - FxMainPage - INFO: --> collecting_data_on_graph started
10/02/2021 06:48:17 PM - FxMainPage - INFO: -> looping_check_currencies started
10/02/2021 06:48:17 PM - FxMainPage - INFO: -> from_search_goto_specific_currency started / CURRENCY = AUD/USD
10/02/2021 06:48:23 PM - FxMainPage - INFO: --> collecting_data_on_graph started
10/02/2021 06:51:02 PM - FxMainPage - INFO: -> close_position_CFD_ANY_auto started
10/02/2021 06:51:02 PM - FxMainPage - INFO: --> list_CFD_open_position started
10/02/2021 06:51:05 PM - FxMainPage - INFO: -> looping_check_currencies started
10/02/2021 06:51:05 PM - FxMainPage - INFO: -> from_search_goto_specific_currency started / CURRENCY = USD/CAD
10/02/2021 06:51:11 PM - FxMainPage - INFO: --> collecting_data_on_graph started
10/02/2021 06:51:18 PM - FxMainPage - INFO: -> from_search_goto_specific_currency started / CURRENCY = AUD/USD
10/02/2021 06:51:23 PM - FxMainPage - INFO: --> collecting_data_on_graph started
10/02/2021 06:51:30 PM - FxMainPage - INFO: -> looping_check_currencies started
10/02/2021 06:51:30 PM - FxMainPage - INFO: -> from_search_goto_specific_currency started / CURRENCY = USD/CAD
10/02/2021 06:51:36 PM - FxMainPage - INFO: --> collecting_data_on_graph started
10/02/2021 06:51:42 PM - FxMainPage - INFO: -> from_search_goto_specific_currency started / CURRENCY = AUD/USD
10/02/2021 06:51:48 PM - FxMainPage - INFO: --> collecting_data_on_graph started
10/02/2021 06:51:54 PM - FxMainPage - INFO: --> buy_stock started
10/02/2021 06:51:54 PM - FxMainPage - INFO: --> open_stock_dialog started
10/02/2021 06:51:58 PM - FxMainPage - INFO: --> script_click_xpath started
10/02/2021 06:51:59 PM - FxMainPage - INFO: --> buy started
10/02/2021 06:52:01 PM - FxMainPage - INFO: --> sell_stock started
10/02/2021 06:52:01 PM - FxMainPage - INFO: --> open_stock_dialog started
10/02/2021 06:52:04 PM - FxMainPage - INFO: --> script_click_xpath started
10/02/2021 06:52:06 PM - FxMainPage - INFO: --> sell started
10/02/2021 06:52:06 PM - FxMainPage - INFO: --> buy started
10/02/2021 06:54:38 PM - FxMainPage - INFO: -> close_position_CFD_ANY_auto started
10/02/2021 06:54:38 PM - FxMainPage - INFO: --> list_CFD_open_position started
10/02/2021 06:57:12 PM - FxMainPage - INFO: -> close_position_CFD_ANY_auto started
10/02/2021 06:57:12 PM - FxMainPage - INFO: --> list_CFD_open_position started
10/02/2021 06:59:45 PM - FxMainPage - INFO: -> close_position_CFD_ANY_auto started
10/02/2021 06:59:45 PM - FxMainPage - INFO: --> list_CFD_open_position started
10/02/2021 07:02:19 PM - FxMainPage - INFO: -> close_position_CFD_ANY_auto started
10/02/2021 07:02:19 PM - FxMainPage - INFO: --> list_CFD_open_position started
10/02/2021 07:04:53 PM - FxMainPage - INFO: -> close_position_CFD_ANY_auto started
10/02/2021 07:04:53 PM - FxMainPage - INFO: --> list_CFD_open_position started
