10/02/2021 03:06:58 PM - FxMainPage - INFO: -> autologin_maxwindows started
10/02/2021 03:06:58 PM - FxMainPage - INFO: --> Trading212 user = xixa01@yahoo.co.uk
10/02/2021 03:07:03 PM - FxMainPage - INFO: --> close_popup_ask_upload_docs started
10/02/2021 03:07:05 PM - FxMainPage - INFO: --> mode_live_or_demo started // Mode = Practice
10/02/2021 03:07:06 PM - FxMainPage - INFO: -> close_position_CFD_ANY_auto started
10/02/2021 03:07:06 PM - FxMainPage - INFO: --> list_CFD_open_position started
10/02/2021 03:07:12 PM - FxMainPage - INFO: -> looping_check_currencies started
10/02/2021 03:07:13 PM - FxMainPage - INFO: -> from_search_goto_specific_currency started / CURRENCY = GBP/USD
10/02/2021 03:07:20 PM - FxMainPage - INFO: --> collecting_data_on_graph started
10/02/2021 03:07:27 PM - FxMainPage - INFO: -> from_search_goto_specific_currency started / CURRENCY = EUR/USD
10/02/2021 03:07:32 PM - FxMainPage - INFO: --> collecting_data_on_graph started
10/02/2021 03:07:39 PM - FxMainPage - INFO: -> from_search_goto_specific_currency started / CURRENCY = USD/CHF
10/02/2021 03:07:44 PM - FxMainPage - INFO: --> collecting_data_on_graph started
10/02/2021 03:07:51 PM - FxMainPage - INFO: -> from_search_goto_specific_currency started / CURRENCY = NZD/USD
10/02/2021 03:07:57 PM - FxMainPage - INFO: --> collecting_data_on_graph started
10/02/2021 03:08:04 PM - FxMainPage - INFO: -> looping_check_currencies started
10/02/2021 03:08:04 PM - FxMainPage - INFO: -> from_search_goto_specific_currency started / CURRENCY = GBP/USD
10/02/2021 03:08:10 PM - FxMainPage - INFO: --> collecting_data_on_graph started
10/02/2021 03:08:16 PM - FxMainPage - INFO: -> from_search_goto_specific_currency started / CURRENCY = EUR/USD
10/02/2021 03:08:22 PM - FxMainPage - INFO: --> collecting_data_on_graph started
10/02/2021 03:08:29 PM - FxMainPage - INFO: -> from_search_goto_specific_currency started / CURRENCY = USD/CHF
10/02/2021 03:08:34 PM - FxMainPage - INFO: --> collecting_data_on_graph started
10/02/2021 03:08:41 PM - FxMainPage - INFO: -> from_search_goto_specific_currency started / CURRENCY = NZD/USD
10/02/2021 03:08:46 PM - FxMainPage - INFO: --> collecting_data_on_graph started
10/02/2021 03:08:56 PM - FxMainPage - INFO: --> buy_stock started
10/02/2021 03:08:56 PM - FxMainPage - INFO: --> open_stock_dialog started
10/02/2021 03:08:59 PM - FxMainPage - INFO: --> script_click_xpath started
10/02/2021 03:09:00 PM - FxMainPage - INFO: --> buy started
10/02/2021 03:11:33 PM - FxMainPage - INFO: -> close_position_CFD_ANY_auto started
10/02/2021 03:11:33 PM - FxMainPage - INFO: --> list_CFD_open_position started
10/02/2021 03:11:35 PM - FxMainPage - INFO: -> looping_check_currencies started
10/02/2021 03:11:36 PM - FxMainPage - INFO: -> from_search_goto_specific_currency started / CURRENCY = GBP/USD
10/02/2021 03:11:42 PM - FxMainPage - INFO: --> collecting_data_on_graph started
10/02/2021 03:11:49 PM - FxMainPage - INFO: -> from_search_goto_specific_currency started / CURRENCY = USD/CHF
10/02/2021 03:11:54 PM - FxMainPage - INFO: --> collecting_data_on_graph started
10/02/2021 03:12:01 PM - FxMainPage - INFO: -> from_search_goto_specific_currency started / CURRENCY = USD/CAD
10/02/2021 03:12:06 PM - FxMainPage - INFO: --> collecting_data_on_graph started
10/02/2021 03:12:13 PM - FxMainPage - INFO: -> from_search_goto_specific_currency started / CURRENCY = NZD/USD
10/02/2021 03:12:19 PM - FxMainPage - INFO: --> collecting_data_on_graph started
10/02/2021 03:12:25 PM - FxMainPage - INFO: -> looping_check_currencies started
10/02/2021 03:12:26 PM - FxMainPage - INFO: -> from_search_goto_specific_currency started / CURRENCY = GBP/USD
10/02/2021 03:12:31 PM - FxMainPage - INFO: --> collecting_data_on_graph started
10/02/2021 03:12:38 PM - FxMainPage - INFO: -> from_search_goto_specific_currency started / CURRENCY = USD/CHF
10/02/2021 03:12:44 PM - FxMainPage - INFO: --> collecting_data_on_graph started
10/02/2021 03:12:50 PM - FxMainPage - INFO: -> from_search_goto_specific_currency started / CURRENCY = USD/CAD
10/02/2021 03:12:56 PM - FxMainPage - INFO: --> collecting_data_on_graph started
10/02/2021 03:13:03 PM - FxMainPage - INFO: -> from_search_goto_specific_currency started / CURRENCY = NZD/USD
10/02/2021 03:13:08 PM - FxMainPage - INFO: --> collecting_data_on_graph started
10/02/2021 03:15:45 PM - FxMainPage - INFO: -> close_position_CFD_ANY_auto started
10/02/2021 03:15:45 PM - FxMainPage - INFO: --> list_CFD_open_position started
10/02/2021 03:15:47 PM - FxMainPage - INFO: -> looping_check_currencies started
10/02/2021 03:15:48 PM - FxMainPage - INFO: -> from_search_goto_specific_currency started / CURRENCY = GBP/USD
10/02/2021 03:15:54 PM - FxMainPage - INFO: --> collecting_data_on_graph started
10/02/2021 03:16:00 PM - FxMainPage - INFO: -> from_search_goto_specific_currency started / CURRENCY = USD/CHF
10/02/2021 03:16:06 PM - FxMainPage - INFO: --> collecting_data_on_graph started
10/02/2021 03:16:13 PM - FxMainPage - INFO: -> from_search_goto_specific_currency started / CURRENCY = USD/CAD
10/02/2021 03:16:19 PM - FxMainPage - INFO: --> collecting_data_on_graph started
10/02/2021 03:16:26 PM - FxMainPage - INFO: -> from_search_goto_specific_currency started / CURRENCY = NZD/USD
10/02/2021 03:16:32 PM - FxMainPage - INFO: --> collecting_data_on_graph started
10/02/2021 03:16:39 PM - FxMainPage - INFO: -> looping_check_currencies started
10/02/2021 03:16:39 PM - FxMainPage - INFO: -> from_search_goto_specific_currency started / CURRENCY = GBP/USD
10/02/2021 03:16:45 PM - FxMainPage - INFO: --> collecting_data_on_graph started
10/02/2021 03:16:51 PM - FxMainPage - INFO: -> from_search_goto_specific_currency started / CURRENCY = USD/CHF
10/02/2021 03:16:57 PM - FxMainPage - INFO: --> collecting_data_on_graph started
10/02/2021 03:17:04 PM - FxMainPage - INFO: -> from_search_goto_specific_currency started / CURRENCY = USD/CAD
10/02/2021 03:17:09 PM - FxMainPage - INFO: --> collecting_data_on_graph started
10/02/2021 03:17:16 PM - FxMainPage - INFO: -> from_search_goto_specific_currency started / CURRENCY = NZD/USD
10/02/2021 03:17:22 PM - FxMainPage - INFO: --> collecting_data_on_graph started
10/02/2021 03:17:29 PM - FxMainPage - INFO: --> buy_stock started
10/02/2021 03:17:29 PM - FxMainPage - INFO: --> open_stock_dialog started
10/02/2021 03:17:32 PM - FxMainPage - INFO: --> script_click_xpath started
10/02/2021 03:17:33 PM - FxMainPage - INFO: --> buy started
10/02/2021 03:17:35 PM - FxMainPage - INFO: --> sell_stock started
10/02/2021 03:17:35 PM - FxMainPage - INFO: --> open_stock_dialog started
10/02/2021 03:17:39 PM - FxMainPage - INFO: --> script_click_xpath started
10/02/2021 03:17:40 PM - FxMainPage - INFO: --> sell started
10/02/2021 03:17:40 PM - FxMainPage - INFO: --> buy started
10/02/2021 03:17:42 PM - FxMainPage - INFO: --> sell_stock started
10/02/2021 03:17:42 PM - FxMainPage - INFO: --> open_stock_dialog started
10/02/2021 03:17:45 PM - FxMainPage - INFO: --> script_click_xpath started
10/02/2021 03:17:46 PM - FxMainPage - INFO: --> sell started
10/02/2021 03:17:47 PM - FxMainPage - INFO: --> buy started
10/02/2021 03:17:49 PM - FxMainPage - INFO: --> buy_stock started
10/02/2021 03:17:49 PM - FxMainPage - INFO: --> open_stock_dialog started
10/02/2021 03:17:52 PM - FxMainPage - INFO: --> script_click_xpath started
10/02/2021 03:17:53 PM - FxMainPage - INFO: --> buy started
10/02/2021 03:20:26 PM - FxMainPage - INFO: -> close_position_CFD_ANY_auto started
10/02/2021 03:20:26 PM - FxMainPage - INFO: --> list_CFD_open_position started
10/02/2021 03:23:10 PM - FxMainPage - INFO: -> close_position_CFD_ANY_auto started
10/02/2021 03:23:10 PM - FxMainPage - INFO: --> list_CFD_open_position started
10/02/2021 03:23:12 PM - FxMainPage - INFO: -> looping_check_currencies started
10/02/2021 03:23:14 PM - FxMainPage - INFO: -> from_search_goto_specific_currency started / CURRENCY = GBP/USD
10/02/2021 03:23:19 PM - FxMainPage - INFO: --> collecting_data_on_graph started
10/02/2021 03:23:26 PM - FxMainPage - INFO: -> from_search_goto_specific_currency started / CURRENCY = EUR/USD
10/02/2021 03:23:32 PM - FxMainPage - INFO: --> collecting_data_on_graph started
10/02/2021 03:23:38 PM - FxMainPage - INFO: -> from_search_goto_specific_currency started / CURRENCY = USD/CAD
10/02/2021 03:23:44 PM - FxMainPage - INFO: --> collecting_data_on_graph started
10/02/2021 03:23:51 PM - FxMainPage - INFO: -> from_search_goto_specific_currency started / CURRENCY = AUD/USD
10/02/2021 03:23:56 PM - FxMainPage - INFO: --> collecting_data_on_graph started
10/02/2021 03:24:03 PM - FxMainPage - INFO: -> from_search_goto_specific_currency started / CURRENCY = NZD/USD
10/02/2021 03:24:09 PM - FxMainPage - INFO: --> collecting_data_on_graph started
10/02/2021 03:24:15 PM - FxMainPage - INFO: -> looping_check_currencies started
10/02/2021 03:24:17 PM - FxMainPage - INFO: -> from_search_goto_specific_currency started / CURRENCY = GBP/USD
10/02/2021 03:24:22 PM - FxMainPage - INFO: --> collecting_data_on_graph started
10/02/2021 03:24:29 PM - FxMainPage - INFO: -> from_search_goto_specific_currency started / CURRENCY = EUR/USD
10/02/2021 03:24:34 PM - FxMainPage - INFO: --> collecting_data_on_graph started
10/02/2021 03:24:41 PM - FxMainPage - INFO: -> from_search_goto_specific_currency started / CURRENCY = USD/CAD
10/02/2021 03:24:46 PM - FxMainPage - INFO: --> collecting_data_on_graph started
10/02/2021 03:24:53 PM - FxMainPage - INFO: -> from_search_goto_specific_currency started / CURRENCY = AUD/USD
10/02/2021 03:24:59 PM - FxMainPage - INFO: --> collecting_data_on_graph started
10/02/2021 03:25:06 PM - FxMainPage - INFO: -> from_search_goto_specific_currency started / CURRENCY = NZD/USD
10/02/2021 03:25:11 PM - FxMainPage - INFO: --> collecting_data_on_graph started
10/02/2021 03:25:21 PM - FxMainPage - INFO: --> sell_stock started
10/02/2021 03:25:21 PM - FxMainPage - INFO: --> open_stock_dialog started
10/02/2021 03:25:24 PM - FxMainPage - INFO: --> script_click_xpath started
10/02/2021 03:25:25 PM - FxMainPage - INFO: --> sell started
10/02/2021 03:25:25 PM - FxMainPage - INFO: --> buy started
10/02/2021 03:25:27 PM - FxMainPage - INFO: --> sell_stock started
10/02/2021 03:25:27 PM - FxMainPage - INFO: --> open_stock_dialog started
10/02/2021 03:25:30 PM - FxMainPage - INFO: --> script_click_xpath started
10/02/2021 03:25:32 PM - FxMainPage - INFO: --> sell started
10/02/2021 03:25:32 PM - FxMainPage - INFO: --> buy started
10/02/2021 03:25:34 PM - FxMainPage - INFO: --> buy_stock started
10/02/2021 03:25:34 PM - FxMainPage - INFO: --> open_stock_dialog started
10/02/2021 03:25:37 PM - FxMainPage - INFO: --> script_click_xpath started
10/02/2021 03:25:38 PM - FxMainPage - INFO: --> buy started
10/02/2021 03:25:41 PM - FxMainPage - INFO: --> sell_stock started
10/02/2021 03:25:41 PM - FxMainPage - INFO: --> open_stock_dialog started
10/02/2021 03:25:44 PM - FxMainPage - INFO: --> script_click_xpath started
10/02/2021 03:25:45 PM - FxMainPage - INFO: --> sell started
10/02/2021 03:25:45 PM - FxMainPage - INFO: --> buy started
10/02/2021 03:25:48 PM - FxMainPage - INFO: --> sell_stock started
10/02/2021 03:25:48 PM - FxMainPage - INFO: --> open_stock_dialog started
10/02/2021 03:25:50 PM - FxMainPage - INFO: --> script_click_xpath started
10/02/2021 03:25:52 PM - FxMainPage - INFO: --> sell started
10/02/2021 03:25:52 PM - FxMainPage - INFO: --> buy started
10/02/2021 03:28:24 PM - FxMainPage - INFO: -> close_position_CFD_ANY_auto started
10/02/2021 03:28:24 PM - FxMainPage - INFO: --> list_CFD_open_position started
10/02/2021 03:28:28 PM - FxMainPage - INFO: -> looping_check_currencies started
10/02/2021 03:28:29 PM - FxMainPage - INFO: -> from_search_goto_specific_currency started / CURRENCY = USD/CHF
10/02/2021 03:28:35 PM - FxMainPage - INFO: --> collecting_data_on_graph started
10/02/2021 03:28:42 PM - FxMainPage - INFO: -> looping_check_currencies started
10/02/2021 03:28:42 PM - FxMainPage - INFO: -> from_search_goto_specific_currency started / CURRENCY = USD/CHF
10/02/2021 03:28:48 PM - FxMainPage - INFO: --> collecting_data_on_graph started
10/02/2021 03:29:06 PM - FxMainPage - INFO: --> sell_stock started
10/02/2021 03:29:06 PM - FxMainPage - INFO: --> open_stock_dialog started
10/02/2021 03:29:09 PM - FxMainPage - INFO: --> script_click_xpath started
10/02/2021 03:29:10 PM - FxMainPage - INFO: --> sell started
10/02/2021 03:29:11 PM - FxMainPage - INFO: --> buy started
10/02/2021 03:31:43 PM - FxMainPage - INFO: -> close_position_CFD_ANY_auto started
10/02/2021 03:31:43 PM - FxMainPage - INFO: --> list_CFD_open_position started
10/02/2021 03:31:45 PM - FxMainPage - INFO: -> looping_check_currencies started
10/02/2021 03:31:46 PM - FxMainPage - INFO: -> from_search_goto_specific_currency started / CURRENCY = GBP/USD
10/02/2021 03:31:52 PM - FxMainPage - INFO: --> collecting_data_on_graph started
10/02/2021 03:31:59 PM - FxMainPage - INFO: -> from_search_goto_specific_currency started / CURRENCY = EUR/USD
10/02/2021 03:32:04 PM - FxMainPage - INFO: --> collecting_data_on_graph started
10/02/2021 03:32:11 PM - FxMainPage - INFO: -> from_search_goto_specific_currency started / CURRENCY = USD/CAD
10/02/2021 03:32:17 PM - FxMainPage - INFO: --> collecting_data_on_graph started
10/02/2021 03:32:23 PM - FxMainPage - INFO: -> from_search_goto_specific_currency started / CURRENCY = AUD/USD
10/02/2021 03:32:29 PM - FxMainPage - INFO: --> collecting_data_on_graph started
10/02/2021 03:32:36 PM - FxMainPage - INFO: -> from_search_goto_specific_currency started / CURRENCY = NZD/USD
10/02/2021 03:32:41 PM - FxMainPage - INFO: --> collecting_data_on_graph started
10/02/2021 03:32:48 PM - FxMainPage - INFO: -> looping_check_currencies started
10/02/2021 03:32:50 PM - FxMainPage - INFO: -> from_search_goto_specific_currency started / CURRENCY = GBP/USD
10/02/2021 03:32:55 PM - FxMainPage - INFO: --> collecting_data_on_graph started
10/02/2021 03:33:02 PM - FxMainPage - INFO: -> from_search_goto_specific_currency started / CURRENCY = EUR/USD
10/02/2021 03:33:07 PM - FxMainPage - INFO: --> collecting_data_on_graph started
10/02/2021 03:33:14 PM - FxMainPage - INFO: -> from_search_goto_specific_currency started / CURRENCY = USD/CAD
10/02/2021 03:33:19 PM - FxMainPage - INFO: --> collecting_data_on_graph started
10/02/2021 03:33:26 PM - FxMainPage - INFO: -> from_search_goto_specific_currency started / CURRENCY = AUD/USD
10/02/2021 03:33:32 PM - FxMainPage - INFO: --> collecting_data_on_graph started
10/02/2021 03:33:38 PM - FxMainPage - INFO: -> from_search_goto_specific_currency started / CURRENCY = NZD/USD
10/02/2021 03:33:44 PM - FxMainPage - INFO: --> collecting_data_on_graph started
10/02/2021 03:36:21 PM - FxMainPage - INFO: -> close_position_CFD_ANY_auto started
10/02/2021 03:36:21 PM - FxMainPage - INFO: --> list_CFD_open_position started
10/02/2021 03:36:22 PM - FxMainPage - INFO: -> looping_check_currencies started
10/02/2021 03:36:23 PM - FxMainPage - INFO: -> from_search_goto_specific_currency started / CURRENCY = GBP/USD
10/02/2021 03:36:29 PM - FxMainPage - INFO: --> collecting_data_on_graph started
10/02/2021 03:36:36 PM - FxMainPage - INFO: -> from_search_goto_specific_currency started / CURRENCY = EUR/USD
10/02/2021 03:36:41 PM - FxMainPage - INFO: --> collecting_data_on_graph started
10/02/2021 03:36:48 PM - FxMainPage - INFO: -> from_search_goto_specific_currency started / CURRENCY = USD/CAD
10/02/2021 03:36:54 PM - FxMainPage - INFO: --> collecting_data_on_graph started
10/02/2021 03:37:01 PM - FxMainPage - INFO: -> from_search_goto_specific_currency started / CURRENCY = AUD/USD
10/02/2021 03:37:06 PM - FxMainPage - INFO: --> collecting_data_on_graph started
10/02/2021 03:37:13 PM - FxMainPage - INFO: -> from_search_goto_specific_currency started / CURRENCY = NZD/USD
10/02/2021 03:37:19 PM - FxMainPage - INFO: --> collecting_data_on_graph started
10/02/2021 03:37:25 PM - FxMainPage - INFO: -> looping_check_currencies started
10/02/2021 03:37:27 PM - FxMainPage - INFO: -> from_search_goto_specific_currency started / CURRENCY = GBP/USD
10/02/2021 03:37:32 PM - FxMainPage - INFO: --> collecting_data_on_graph started
10/02/2021 03:37:39 PM - FxMainPage - INFO: -> from_search_goto_specific_currency started / CURRENCY = EUR/USD
10/02/2021 03:37:44 PM - FxMainPage - INFO: --> collecting_data_on_graph started
10/02/2021 03:37:51 PM - FxMainPage - INFO: -> from_search_goto_specific_currency started / CURRENCY = USD/CAD
10/02/2021 03:37:57 PM - FxMainPage - INFO: --> collecting_data_on_graph started
10/02/2021 03:38:03 PM - FxMainPage - INFO: -> from_search_goto_specific_currency started / CURRENCY = AUD/USD
10/02/2021 03:38:09 PM - FxMainPage - INFO: --> collecting_data_on_graph started
10/02/2021 03:38:16 PM - FxMainPage - INFO: -> from_search_goto_specific_currency started / CURRENCY = NZD/USD
10/02/2021 03:38:21 PM - FxMainPage - INFO: --> collecting_data_on_graph started
10/02/2021 03:38:28 PM - FxMainPage - INFO: --> sell_stock started
10/02/2021 03:38:28 PM - FxMainPage - INFO: --> open_stock_dialog started
10/02/2021 03:38:31 PM - FxMainPage - INFO: --> script_click_xpath started
10/02/2021 03:38:33 PM - FxMainPage - INFO: --> sell started
10/02/2021 03:38:33 PM - FxMainPage - INFO: --> buy started
10/02/2021 03:38:35 PM - FxMainPage - INFO: --> buy_stock started
10/02/2021 03:38:35 PM - FxMainPage - INFO: --> open_stock_dialog started
10/02/2021 03:38:38 PM - FxMainPage - INFO: --> script_click_xpath started
10/02/2021 03:38:39 PM - FxMainPage - INFO: --> buy started
10/02/2021 03:41:12 PM - FxMainPage - INFO: -> close_position_CFD_ANY_auto started
10/02/2021 03:41:12 PM - FxMainPage - INFO: --> list_CFD_open_position started
10/02/2021 03:41:14 PM - FxMainPage - INFO: -> looping_check_currencies started
10/02/2021 03:41:16 PM - FxMainPage - INFO: -> from_search_goto_specific_currency started / CURRENCY = EUR/USD
10/02/2021 03:41:22 PM - FxMainPage - INFO: --> collecting_data_on_graph started
10/02/2021 03:41:29 PM - FxMainPage - INFO: -> from_search_goto_specific_currency started / CURRENCY = AUD/USD
10/02/2021 03:41:34 PM - FxMainPage - INFO: --> collecting_data_on_graph started
10/02/2021 03:41:41 PM - FxMainPage - INFO: -> from_search_goto_specific_currency started / CURRENCY = NZD/USD
10/02/2021 03:41:46 PM - FxMainPage - INFO: --> collecting_data_on_graph started
10/02/2021 03:41:53 PM - FxMainPage - INFO: -> looping_check_currencies started
10/02/2021 03:41:54 PM - FxMainPage - INFO: -> from_search_goto_specific_currency started / CURRENCY = EUR/USD
10/02/2021 03:42:00 PM - FxMainPage - INFO: --> collecting_data_on_graph started
10/02/2021 03:42:07 PM - FxMainPage - INFO: -> from_search_goto_specific_currency started / CURRENCY = AUD/USD
10/02/2021 03:42:12 PM - FxMainPage - INFO: --> collecting_data_on_graph started
10/02/2021 03:42:19 PM - FxMainPage - INFO: -> from_search_goto_specific_currency started / CURRENCY = NZD/USD
10/02/2021 03:42:25 PM - FxMainPage - INFO: --> collecting_data_on_graph started
10/02/2021 03:42:31 PM - FxMainPage - INFO: --> buy_stock started
10/02/2021 03:42:31 PM - FxMainPage - INFO: --> open_stock_dialog started
10/02/2021 03:42:35 PM - FxMainPage - INFO: --> script_click_xpath started
10/02/2021 03:42:36 PM - FxMainPage - INFO: --> buy started
10/02/2021 03:45:08 PM - FxMainPage - INFO: -> close_position_CFD_ANY_auto started
10/02/2021 03:45:08 PM - FxMainPage - INFO: --> list_CFD_open_position started
10/02/2021 03:45:12 PM - FxMainPage - INFO: -> looping_check_currencies started
10/02/2021 03:45:13 PM - FxMainPage - INFO: -> from_search_goto_specific_currency started / CURRENCY = AUD/USD
