10/02/2021 07:46:50 PM - FxMainPage - INFO: -> autologin_maxwindows started
10/02/2021 07:46:50 PM - FxMainPage - INFO: --> Trading212 user = xixa01@yahoo.co.uk
10/02/2021 07:46:56 PM - FxMainPage - INFO: --> close_popup_ask_upload_docs started
10/02/2021 07:46:57 PM - FxMainPage - INFO: --> mode_live_or_demo started // Mode = Practice
10/02/2021 07:46:58 PM - FxMainPage - INFO: -> close_position_CFD_ANY_auto started
10/02/2021 07:46:58 PM - FxMainPage - INFO: --> list_CFD_open_position started
10/02/2021 07:49:37 PM - FxMainPage - INFO: -> close_position_CFD_ANY_auto started
10/02/2021 07:49:38 PM - FxMainPage - INFO: --> list_CFD_open_position started
10/02/2021 07:49:40 PM - FxMainPage - INFO: -> looping_check_currencies started
10/02/2021 07:49:41 PM - FxMainPage - INFO: -> from_search_goto_specific_currency started / CURRENCY = GBP/USD
10/02/2021 07:49:48 PM - FxMainPage - INFO: --> collecting_data_on_graph started
10/02/2021 07:49:54 PM - FxMainPage - INFO: -> from_search_goto_specific_currency started / CURRENCY = EUR/USD
10/02/2021 07:50:00 PM - FxMainPage - INFO: --> collecting_data_on_graph started
10/02/2021 07:50:06 PM - FxMainPage - INFO: -> looping_check_currencies started
10/02/2021 07:50:07 PM - FxMainPage - INFO: -> from_search_goto_specific_currency started / CURRENCY = GBP/USD
10/02/2021 07:50:12 PM - FxMainPage - INFO: --> collecting_data_on_graph started
10/02/2021 07:50:19 PM - FxMainPage - INFO: -> from_search_goto_specific_currency started / CURRENCY = EUR/USD
10/02/2021 07:50:24 PM - FxMainPage - INFO: --> collecting_data_on_graph started
10/02/2021 07:50:31 PM - FxMainPage - INFO: --> buy_stock started
10/02/2021 07:50:31 PM - FxMainPage - INFO: --> open_stock_dialog started
10/02/2021 07:50:34 PM - FxMainPage - INFO: --> script_click_xpath started
10/02/2021 07:50:35 PM - FxMainPage - INFO: --> buy started
10/02/2021 07:50:38 PM - FxMainPage - INFO: --> buy_stock started
10/02/2021 07:50:38 PM - FxMainPage - INFO: --> open_stock_dialog started
10/02/2021 07:50:41 PM - FxMainPage - INFO: --> script_click_xpath started
10/02/2021 07:50:42 PM - FxMainPage - INFO: --> buy started
10/02/2021 07:53:14 PM - FxMainPage - INFO: -> close_position_CFD_ANY_auto started
10/02/2021 07:53:14 PM - FxMainPage - INFO: --> list_CFD_open_position started
10/02/2021 07:55:48 PM - FxMainPage - INFO: -> close_position_CFD_ANY_auto started
10/02/2021 07:55:48 PM - FxMainPage - INFO: --> list_CFD_open_position started
10/02/2021 07:58:21 PM - FxMainPage - INFO: -> close_position_CFD_ANY_auto started
10/02/2021 07:58:21 PM - FxMainPage - INFO: --> list_CFD_open_position started
10/02/2021 08:00:55 PM - FxMainPage - INFO: -> close_position_CFD_ANY_auto started
10/02/2021 08:00:55 PM - FxMainPage - INFO: --> list_CFD_open_position started
10/02/2021 08:03:31 PM - FxMainPage - INFO: -> close_position_CFD_ANY_auto started
10/02/2021 08:03:31 PM - FxMainPage - INFO: --> list_CFD_open_position started
10/02/2021 08:03:34 PM - FxMainPage - INFO: -> looping_check_currencies started
10/02/2021 08:03:36 PM - FxMainPage - INFO: -> from_search_goto_specific_currency started / CURRENCY = GBP/USD
10/02/2021 08:03:41 PM - FxMainPage - INFO: --> collecting_data_on_graph started
10/02/2021 08:03:48 PM - FxMainPage - INFO: -> looping_check_currencies started
10/02/2021 08:03:48 PM - FxMainPage - INFO: -> from_search_goto_specific_currency started / CURRENCY = GBP/USD
10/02/2021 08:03:53 PM - FxMainPage - INFO: --> collecting_data_on_graph started
10/02/2021 08:06:30 PM - FxMainPage - INFO: -> close_position_CFD_ANY_auto started
10/02/2021 08:06:30 PM - FxMainPage - INFO: --> list_CFD_open_position started
10/02/2021 08:06:33 PM - FxMainPage - INFO: -> looping_check_currencies started
10/02/2021 08:06:35 PM - FxMainPage - INFO: -> from_search_goto_specific_currency started / CURRENCY = GBP/USD
10/02/2021 08:06:40 PM - FxMainPage - INFO: --> collecting_data_on_graph started
10/02/2021 08:06:46 PM - FxMainPage - INFO: -> looping_check_currencies started
10/02/2021 08:06:47 PM - FxMainPage - INFO: -> from_search_goto_specific_currency started / CURRENCY = GBP/USD
10/02/2021 08:06:52 PM - FxMainPage - INFO: --> collecting_data_on_graph started
10/02/2021 08:09:29 PM - FxMainPage - INFO: -> close_position_CFD_ANY_auto started
10/02/2021 08:09:29 PM - FxMainPage - INFO: --> list_CFD_open_position started
10/02/2021 08:09:32 PM - FxMainPage - INFO: -> looping_check_currencies started
10/02/2021 08:09:34 PM - FxMainPage - INFO: -> from_search_goto_specific_currency started / CURRENCY = GBP/USD
10/02/2021 08:09:39 PM - FxMainPage - INFO: --> collecting_data_on_graph started
10/02/2021 08:09:45 PM - FxMainPage - INFO: -> looping_check_currencies started
10/02/2021 08:09:46 PM - FxMainPage - INFO: -> from_search_goto_specific_currency started / CURRENCY = GBP/USD
10/02/2021 08:09:51 PM - FxMainPage - INFO: --> collecting_data_on_graph started
10/02/2021 08:12:28 PM - FxMainPage - INFO: -> close_position_CFD_ANY_auto started
10/02/2021 08:12:28 PM - FxMainPage - INFO: --> list_CFD_open_position started
10/02/2021 08:12:31 PM - FxMainPage - INFO: -> looping_check_currencies started
10/02/2021 08:12:33 PM - FxMainPage - INFO: -> from_search_goto_specific_currency started / CURRENCY = GBP/USD
10/02/2021 08:12:38 PM - FxMainPage - INFO: --> collecting_data_on_graph started
10/02/2021 08:12:45 PM - FxMainPage - INFO: -> looping_check_currencies started
10/02/2021 08:12:45 PM - FxMainPage - INFO: -> from_search_goto_specific_currency started / CURRENCY = GBP/USD
10/02/2021 08:12:50 PM - FxMainPage - INFO: --> collecting_data_on_graph started
10/02/2021 08:12:57 PM - FxMainPage - INFO: --> sell_stock started
10/02/2021 08:12:57 PM - FxMainPage - INFO: --> open_stock_dialog started
10/02/2021 08:13:00 PM - FxMainPage - INFO: --> script_click_xpath started
10/02/2021 08:13:01 PM - FxMainPage - INFO: --> sell started
10/02/2021 08:13:01 PM - FxMainPage - INFO: --> buy started
10/02/2021 08:15:34 PM - FxMainPage - INFO: -> close_position_CFD_ANY_auto started
10/02/2021 08:15:34 PM - FxMainPage - INFO: --> list_CFD_open_position started
10/02/2021 08:18:07 PM - FxMainPage - INFO: -> close_position_CFD_ANY_auto started
10/02/2021 08:18:07 PM - FxMainPage - INFO: --> list_CFD_open_position started
10/02/2021 08:20:41 PM - FxMainPage - INFO: -> close_position_CFD_ANY_auto started
10/02/2021 08:20:41 PM - FxMainPage - INFO: --> list_CFD_open_position started
10/02/2021 08:23:15 PM - FxMainPage - INFO: -> close_position_CFD_ANY_auto started
10/02/2021 08:23:15 PM - FxMainPage - INFO: --> list_CFD_open_position started
10/02/2021 08:25:48 PM - FxMainPage - INFO: -> close_position_CFD_ANY_auto started
10/02/2021 08:25:48 PM - FxMainPage - INFO: --> list_CFD_open_position started
10/02/2021 08:28:22 PM - FxMainPage - INFO: -> close_position_CFD_ANY_auto started
10/02/2021 08:28:22 PM - FxMainPage - INFO: --> list_CFD_open_position started
10/02/2021 08:30:56 PM - FxMainPage - INFO: -> close_position_CFD_ANY_auto started
10/02/2021 08:30:56 PM - FxMainPage - INFO: --> list_CFD_open_position started
10/02/2021 08:33:30 PM - FxMainPage - INFO: -> close_position_CFD_ANY_auto started
10/02/2021 08:33:30 PM - FxMainPage - INFO: --> list_CFD_open_position started
10/02/2021 08:36:03 PM - FxMainPage - INFO: -> close_position_CFD_ANY_auto started
10/02/2021 08:36:03 PM - FxMainPage - INFO: --> list_CFD_open_position started
10/02/2021 08:38:37 PM - FxMainPage - INFO: -> close_position_CFD_ANY_auto started
10/02/2021 08:38:37 PM - FxMainPage - INFO: --> list_CFD_open_position started
10/02/2021 08:41:15 PM - FxMainPage - INFO: -> close_position_CFD_ANY_auto started
10/02/2021 08:41:15 PM - FxMainPage - INFO: --> list_CFD_open_position started
10/02/2021 08:41:17 PM - FxMainPage - INFO: -> looping_check_currencies started
10/02/2021 08:41:19 PM - FxMainPage - INFO: -> from_search_goto_specific_currency started / CURRENCY = EUR/USD
10/02/2021 08:41:24 PM - FxMainPage - INFO: --> collecting_data_on_graph started
10/02/2021 08:41:30 PM - FxMainPage - INFO: -> from_search_goto_specific_currency started / CURRENCY = USD/JPY
10/02/2021 08:41:36 PM - FxMainPage - INFO: --> collecting_data_on_graph started
10/02/2021 08:41:42 PM - FxMainPage - INFO: -> from_search_goto_specific_currency started / CURRENCY = USD/CHF
10/02/2021 08:41:48 PM - FxMainPage - INFO: --> collecting_data_on_graph started
10/02/2021 08:41:54 PM - FxMainPage - INFO: -> from_search_goto_specific_currency started / CURRENCY = USD/CAD
10/02/2021 08:42:00 PM - FxMainPage - INFO: --> collecting_data_on_graph started
10/02/2021 08:42:06 PM - FxMainPage - INFO: -> from_search_goto_specific_currency started / CURRENCY = AUD/USD
10/02/2021 08:42:11 PM - FxMainPage - INFO: --> collecting_data_on_graph started
10/02/2021 08:42:18 PM - FxMainPage - INFO: -> from_search_goto_specific_currency started / CURRENCY = NZD/USD
10/02/2021 08:42:24 PM - FxMainPage - INFO: --> collecting_data_on_graph started
10/02/2021 08:42:31 PM - FxMainPage - INFO: -> looping_check_currencies started
10/02/2021 08:42:33 PM - FxMainPage - INFO: -> from_search_goto_specific_currency started / CURRENCY = EUR/USD
10/02/2021 08:42:38 PM - FxMainPage - INFO: --> collecting_data_on_graph started
10/02/2021 08:42:44 PM - FxMainPage - INFO: -> from_search_goto_specific_currency started / CURRENCY = USD/JPY
10/02/2021 08:42:50 PM - FxMainPage - INFO: --> collecting_data_on_graph started
10/02/2021 08:42:56 PM - FxMainPage - INFO: -> from_search_goto_specific_currency started / CURRENCY = USD/CHF
10/02/2021 08:43:01 PM - FxMainPage - INFO: --> collecting_data_on_graph started
10/02/2021 08:43:08 PM - FxMainPage - INFO: -> from_search_goto_specific_currency started / CURRENCY = USD/CAD
10/02/2021 08:43:13 PM - FxMainPage - INFO: --> collecting_data_on_graph started
10/02/2021 08:43:19 PM - FxMainPage - INFO: -> from_search_goto_specific_currency started / CURRENCY = AUD/USD
10/02/2021 08:43:25 PM - FxMainPage - INFO: --> collecting_data_on_graph started
10/02/2021 08:43:31 PM - FxMainPage - INFO: -> from_search_goto_specific_currency started / CURRENCY = NZD/USD
10/02/2021 08:43:37 PM - FxMainPage - INFO: --> collecting_data_on_graph started
10/02/2021 08:43:44 PM - FxMainPage - INFO: --> buy_stock started
10/02/2021 08:43:44 PM - FxMainPage - INFO: --> open_stock_dialog started
10/02/2021 08:43:47 PM - FxMainPage - INFO: --> script_click_xpath started
10/02/2021 08:43:48 PM - FxMainPage - INFO: --> buy started
10/02/2021 08:43:51 PM - FxMainPage - INFO: --> buy_stock started
10/02/2021 08:43:51 PM - FxMainPage - INFO: --> open_stock_dialog started
10/02/2021 08:43:53 PM - FxMainPage - INFO: --> script_click_xpath started
10/02/2021 08:43:55 PM - FxMainPage - INFO: --> buy started
