07/02/2021 06:18:51 PM - FxMainPage - INFO: -> autologin_maxwindows started
07/02/2021 06:18:51 PM - FxMainPage - INFO: --> Trading212 user = mycromox@gmail.com
07/02/2021 06:18:56 PM - FxMainPage - INFO: --> close_popup_ask_upload_docs started
07/02/2021 06:18:57 PM - FxMainPage - INFO: --> mode_live_or_demo started // Mode = Practice
07/02/2021 06:18:59 PM - FxMainPage - INFO: -> close_position_CFD_ANY started
07/02/2021 06:18:59 PM - FxMainPage - INFO: -> looping_check_all_currencies started
07/02/2021 06:19:01 PM - FxMainPage - INFO: -> from_search_goto_specific_currency started / CURRENCY = GBP/USD
07/02/2021 06:19:07 PM - FxMainPage - INFO: --> collecting_data_on_graph started
07/02/2021 06:19:12 PM - FxMainPage - INFO: -> from_search_goto_specific_currency started / CURRENCY = EUR/USD
07/02/2021 06:19:17 PM - FxMainPage - INFO: --> collecting_data_on_graph started
07/02/2021 06:19:22 PM - FxMainPage - INFO: -> from_search_goto_specific_currency started / CURRENCY = USD/JPY
07/02/2021 06:19:28 PM - FxMainPage - INFO: --> collecting_data_on_graph started
07/02/2021 06:19:32 PM - FxMainPage - INFO: -> from_search_goto_specific_currency started / CURRENCY = USD/CHF
07/02/2021 06:19:37 PM - FxMainPage - INFO: --> collecting_data_on_graph started
07/02/2021 06:19:42 PM - FxMainPage - INFO: -> from_search_goto_specific_currency started / CURRENCY = USD/CAD
07/02/2021 06:19:47 PM - FxMainPage - INFO: --> collecting_data_on_graph started
07/02/2021 06:19:52 PM - FxMainPage - INFO: -> from_search_goto_specific_currency started / CURRENCY = AUD/USD
07/02/2021 06:19:57 PM - FxMainPage - INFO: --> collecting_data_on_graph started
07/02/2021 06:20:02 PM - FxMainPage - INFO: -> from_search_goto_specific_currency started / CURRENCY = NZD/USD
07/02/2021 06:20:07 PM - FxMainPage - INFO: --> collecting_data_on_graph started
07/02/2021 06:20:12 PM - FxMainPage - INFO: --> list_CFD_open_position started
07/02/2021 06:20:13 PM - FxMainPage - INFO: --> pilihan_buy_or_sell started
07/02/2021 06:20:13 PM - FxMainPage - INFO: --> pilihan_to_close_position started
