17/03/2021 02:12:12 PM - FxMainPage - INFO: -> autologin_firstwindows started
17/03/2021 02:12:12 PM - FxMainPage - INFO: --> Trading212 user = xixa01@yahoo.co.uk
17/03/2021 02:12:16 PM - FxMainPage - INFO: --> close_popup_ask_upload_docs started
17/03/2021 02:12:18 PM - FxMainPage - INFO: --> mode_live_or_demo started // Mode = Practice
17/03/2021 02:12:20 PM - FxMainPage - INFO: -> close_position_CFD_ANY_auto_MACD started
17/03/2021 02:12:20 PM - FxMainPage - INFO: --> list_CFD_open_position started
17/03/2021 02:12:24 PM - FxMainPage - INFO: -> looping_check_currencies_MACD started
17/03/2021 02:12:26 PM - FxMainPage - INFO: -> from_search_goto_specific_currency started / CURRENCY = GBP/USD
17/03/2021 02:12:34 PM - FxMainPage - INFO: --> collecting_data_on_graph_MACD started
17/03/2021 02:12:38 PM - FxMainPage - INFO: -> from_search_goto_specific_currency started / CURRENCY = EUR/USD
17/03/2021 02:12:44 PM - FxMainPage - INFO: --> collecting_data_on_graph_MACD started
17/03/2021 02:12:48 PM - FxMainPage - INFO: -> from_search_goto_specific_currency started / CURRENCY = USD/JPY
17/03/2021 02:12:55 PM - FxMainPage - INFO: --> collecting_data_on_graph_MACD started
17/03/2021 02:12:59 PM - FxMainPage - INFO: -> from_search_goto_specific_currency started / CURRENCY = USD/CHF
17/03/2021 02:13:06 PM - FxMainPage - INFO: --> collecting_data_on_graph_MACD started
17/03/2021 02:13:10 PM - FxMainPage - INFO: -> from_search_goto_specific_currency started / CURRENCY = USD/CAD
17/03/2021 02:13:16 PM - FxMainPage - INFO: --> collecting_data_on_graph_MACD started
17/03/2021 02:13:20 PM - FxMainPage - INFO: -> from_search_goto_specific_currency started / CURRENCY = AUD/USD
17/03/2021 02:13:27 PM - FxMainPage - INFO: --> collecting_data_on_graph_MACD started
17/03/2021 02:13:31 PM - FxMainPage - INFO: -> from_search_goto_specific_currency started / CURRENCY = NZD/USD
17/03/2021 02:13:37 PM - FxMainPage - INFO: --> collecting_data_on_graph_MACD started
17/03/2021 02:16:31 PM - FxMainPage - INFO: -> close_position_CFD_ANY_auto_MACD started
17/03/2021 02:16:31 PM - FxMainPage - INFO: --> list_CFD_open_position started
17/03/2021 02:16:32 PM - FxMainPage - INFO: -> looping_check_currencies_MACD started
17/03/2021 02:16:35 PM - FxMainPage - INFO: -> from_search_goto_specific_currency started / CURRENCY = GBP/USD
17/03/2021 02:16:41 PM - FxMainPage - INFO: --> collecting_data_on_graph_MACD started
17/03/2021 02:16:46 PM - FxMainPage - INFO: -> from_search_goto_specific_currency started / CURRENCY = EUR/USD
17/03/2021 02:16:53 PM - FxMainPage - INFO: --> collecting_data_on_graph_MACD started
17/03/2021 02:16:57 PM - FxMainPage - INFO: -> from_search_goto_specific_currency started / CURRENCY = USD/JPY
17/03/2021 02:17:03 PM - FxMainPage - INFO: --> collecting_data_on_graph_MACD started
17/03/2021 02:17:07 PM - FxMainPage - INFO: -> from_search_goto_specific_currency started / CURRENCY = USD/CHF
17/03/2021 02:17:14 PM - FxMainPage - INFO: --> collecting_data_on_graph_MACD started
17/03/2021 02:17:18 PM - FxMainPage - INFO: -> from_search_goto_specific_currency started / CURRENCY = USD/CAD
17/03/2021 02:17:24 PM - FxMainPage - INFO: --> collecting_data_on_graph_MACD started
17/03/2021 02:17:28 PM - FxMainPage - INFO: -> from_search_goto_specific_currency started / CURRENCY = AUD/USD
17/03/2021 02:17:34 PM - FxMainPage - INFO: --> collecting_data_on_graph_MACD started
17/03/2021 02:17:39 PM - FxMainPage - INFO: -> from_search_goto_specific_currency started / CURRENCY = NZD/USD
17/03/2021 02:17:45 PM - FxMainPage - INFO: --> collecting_data_on_graph_MACD started
17/03/2021 02:17:49 PM - FxMainPage - INFO: --> buy_stock started
17/03/2021 02:17:49 PM - FxMainPage - INFO: --> open_stock_dialog started
17/03/2021 02:17:53 PM - FxMainPage - INFO: --> script_click_xpath started
17/03/2021 02:17:54 PM - FxMainPage - INFO: --> buy started
17/03/2021 02:21:31 PM - FxMainPage - INFO: -> close_position_CFD_ANY_auto_MACD started
17/03/2021 02:21:31 PM - FxMainPage - INFO: --> list_CFD_open_position started
17/03/2021 02:21:33 PM - FxMainPage - INFO: -> looping_check_currencies_MACD started
17/03/2021 02:21:34 PM - FxMainPage - INFO: -> from_search_goto_specific_currency started / CURRENCY = GBP/USD
17/03/2021 02:21:41 PM - FxMainPage - INFO: --> collecting_data_on_graph_MACD started
17/03/2021 02:21:45 PM - FxMainPage - INFO: -> from_search_goto_specific_currency started / CURRENCY = EUR/USD
17/03/2021 02:21:52 PM - FxMainPage - INFO: --> collecting_data_on_graph_MACD started
17/03/2021 02:21:56 PM - FxMainPage - INFO: -> from_search_goto_specific_currency started / CURRENCY = USD/JPY
17/03/2021 02:22:03 PM - FxMainPage - INFO: --> collecting_data_on_graph_MACD started
17/03/2021 02:22:07 PM - FxMainPage - INFO: -> from_search_goto_specific_currency started / CURRENCY = USD/CHF
17/03/2021 02:22:14 PM - FxMainPage - INFO: --> collecting_data_on_graph_MACD started
17/03/2021 02:22:18 PM - FxMainPage - INFO: -> from_search_goto_specific_currency started / CURRENCY = USD/CAD
17/03/2021 02:22:24 PM - FxMainPage - INFO: --> collecting_data_on_graph_MACD started
17/03/2021 02:22:28 PM - FxMainPage - INFO: -> from_search_goto_specific_currency started / CURRENCY = AUD/USD
17/03/2021 02:22:35 PM - FxMainPage - INFO: --> collecting_data_on_graph_MACD started
17/03/2021 02:22:39 PM - FxMainPage - INFO: -> from_search_goto_specific_currency started / CURRENCY = NZD/USD
17/03/2021 02:22:46 PM - FxMainPage - INFO: --> collecting_data_on_graph_MACD started
17/03/2021 02:26:31 PM - FxMainPage - INFO: -> close_position_CFD_ANY_auto_MACD started
17/03/2021 02:26:31 PM - FxMainPage - INFO: --> list_CFD_open_position started
17/03/2021 02:26:33 PM - FxMainPage - INFO: -> looping_check_currencies_MACD started
17/03/2021 02:26:34 PM - FxMainPage - INFO: -> from_search_goto_specific_currency started / CURRENCY = GBP/USD
17/03/2021 02:26:40 PM - FxMainPage - INFO: --> collecting_data_on_graph_MACD started
17/03/2021 02:26:45 PM - FxMainPage - INFO: -> from_search_goto_specific_currency started / CURRENCY = EUR/USD
17/03/2021 02:26:51 PM - FxMainPage - INFO: --> collecting_data_on_graph_MACD started
17/03/2021 02:26:55 PM - FxMainPage - INFO: -> from_search_goto_specific_currency started / CURRENCY = USD/JPY
17/03/2021 02:27:02 PM - FxMainPage - INFO: --> collecting_data_on_graph_MACD started
17/03/2021 02:27:06 PM - FxMainPage - INFO: -> from_search_goto_specific_currency started / CURRENCY = USD/CHF
17/03/2021 02:27:13 PM - FxMainPage - INFO: --> collecting_data_on_graph_MACD started
17/03/2021 02:27:17 PM - FxMainPage - INFO: -> from_search_goto_specific_currency started / CURRENCY = USD/CAD
17/03/2021 02:27:24 PM - FxMainPage - INFO: --> collecting_data_on_graph_MACD started
17/03/2021 02:27:28 PM - FxMainPage - INFO: -> from_search_goto_specific_currency started / CURRENCY = AUD/USD
17/03/2021 02:27:35 PM - FxMainPage - INFO: --> collecting_data_on_graph_MACD started
17/03/2021 02:27:39 PM - FxMainPage - INFO: -> from_search_goto_specific_currency started / CURRENCY = NZD/USD
17/03/2021 02:27:46 PM - FxMainPage - INFO: --> collecting_data_on_graph_MACD started
17/03/2021 02:31:31 PM - FxMainPage - INFO: -> close_position_CFD_ANY_auto_MACD started
17/03/2021 02:31:31 PM - FxMainPage - INFO: --> list_CFD_open_position started
17/03/2021 02:31:33 PM - FxMainPage - INFO: -> looping_check_currencies_MACD started
17/03/2021 02:31:34 PM - FxMainPage - INFO: -> from_search_goto_specific_currency started / CURRENCY = GBP/USD
17/03/2021 02:31:41 PM - FxMainPage - INFO: --> collecting_data_on_graph_MACD started
17/03/2021 02:31:45 PM - FxMainPage - INFO: -> from_search_goto_specific_currency started / CURRENCY = EUR/USD
17/03/2021 02:31:52 PM - FxMainPage - INFO: --> collecting_data_on_graph_MACD started
17/03/2021 02:31:56 PM - FxMainPage - INFO: -> from_search_goto_specific_currency started / CURRENCY = USD/JPY
17/03/2021 02:32:03 PM - FxMainPage - INFO: --> collecting_data_on_graph_MACD started
17/03/2021 02:32:08 PM - FxMainPage - INFO: -> from_search_goto_specific_currency started / CURRENCY = USD/CHF
17/03/2021 02:32:14 PM - FxMainPage - INFO: --> collecting_data_on_graph_MACD started
17/03/2021 02:32:19 PM - FxMainPage - INFO: -> from_search_goto_specific_currency started / CURRENCY = USD/CAD
17/03/2021 02:32:25 PM - FxMainPage - INFO: --> collecting_data_on_graph_MACD started
17/03/2021 02:32:30 PM - FxMainPage - INFO: -> from_search_goto_specific_currency started / CURRENCY = AUD/USD
17/03/2021 02:32:37 PM - FxMainPage - INFO: --> collecting_data_on_graph_MACD started
17/03/2021 02:32:41 PM - FxMainPage - INFO: -> from_search_goto_specific_currency started / CURRENCY = NZD/USD
17/03/2021 02:32:48 PM - FxMainPage - INFO: --> collecting_data_on_graph_MACD started
17/03/2021 02:36:31 PM - FxMainPage - INFO: -> close_position_CFD_ANY_auto_MACD started
17/03/2021 02:36:31 PM - FxMainPage - INFO: --> list_CFD_open_position started
17/03/2021 02:36:33 PM - FxMainPage - INFO: -> looping_check_currencies_MACD started
17/03/2021 02:36:35 PM - FxMainPage - INFO: -> from_search_goto_specific_currency started / CURRENCY = GBP/USD
17/03/2021 02:36:41 PM - FxMainPage - INFO: --> collecting_data_on_graph_MACD started
17/03/2021 02:36:45 PM - FxMainPage - INFO: -> from_search_goto_specific_currency started / CURRENCY = EUR/USD
17/03/2021 02:36:52 PM - FxMainPage - INFO: --> collecting_data_on_graph_MACD started
17/03/2021 02:36:57 PM - FxMainPage - INFO: -> from_search_goto_specific_currency started / CURRENCY = USD/JPY
17/03/2021 02:37:04 PM - FxMainPage - INFO: --> collecting_data_on_graph_MACD started
17/03/2021 02:37:09 PM - FxMainPage - INFO: -> from_search_goto_specific_currency started / CURRENCY = USD/CHF
17/03/2021 02:37:15 PM - FxMainPage - INFO: --> collecting_data_on_graph_MACD started
17/03/2021 02:37:19 PM - FxMainPage - INFO: -> from_search_goto_specific_currency started / CURRENCY = USD/CAD
17/03/2021 02:37:26 PM - FxMainPage - INFO: --> collecting_data_on_graph_MACD started
17/03/2021 02:37:30 PM - FxMainPage - INFO: -> from_search_goto_specific_currency started / CURRENCY = AUD/USD
17/03/2021 02:37:37 PM - FxMainPage - INFO: --> collecting_data_on_graph_MACD started
17/03/2021 02:37:41 PM - FxMainPage - INFO: -> from_search_goto_specific_currency started / CURRENCY = NZD/USD
17/03/2021 02:37:47 PM - FxMainPage - INFO: --> collecting_data_on_graph_MACD started
17/03/2021 02:41:31 PM - FxMainPage - INFO: -> close_position_CFD_ANY_auto_MACD started
17/03/2021 02:41:31 PM - FxMainPage - INFO: --> list_CFD_open_position started
17/03/2021 02:41:32 PM - FxMainPage - INFO: -> looping_check_currencies_MACD started
17/03/2021 02:41:34 PM - FxMainPage - INFO: -> from_search_goto_specific_currency started / CURRENCY = GBP/USD
17/03/2021 02:41:41 PM - FxMainPage - INFO: --> collecting_data_on_graph_MACD started
17/03/2021 02:41:45 PM - FxMainPage - INFO: -> from_search_goto_specific_currency started / CURRENCY = EUR/USD
17/03/2021 02:41:52 PM - FxMainPage - INFO: --> collecting_data_on_graph_MACD started
17/03/2021 02:41:56 PM - FxMainPage - INFO: -> from_search_goto_specific_currency started / CURRENCY = USD/JPY
17/03/2021 02:42:03 PM - FxMainPage - INFO: --> collecting_data_on_graph_MACD started
17/03/2021 02:42:08 PM - FxMainPage - INFO: -> from_search_goto_specific_currency started / CURRENCY = USD/CHF
17/03/2021 02:42:14 PM - FxMainPage - INFO: --> collecting_data_on_graph_MACD started
17/03/2021 02:42:19 PM - FxMainPage - INFO: -> from_search_goto_specific_currency started / CURRENCY = USD/CAD
17/03/2021 02:42:25 PM - FxMainPage - INFO: --> collecting_data_on_graph_MACD started
17/03/2021 02:42:30 PM - FxMainPage - INFO: -> from_search_goto_specific_currency started / CURRENCY = AUD/USD
17/03/2021 02:42:36 PM - FxMainPage - INFO: --> collecting_data_on_graph_MACD started
17/03/2021 02:42:41 PM - FxMainPage - INFO: -> from_search_goto_specific_currency started / CURRENCY = NZD/USD
17/03/2021 02:42:47 PM - FxMainPage - INFO: --> collecting_data_on_graph_MACD started
17/03/2021 02:46:31 PM - FxMainPage - INFO: -> close_position_CFD_ANY_auto_MACD started
17/03/2021 02:46:31 PM - FxMainPage - INFO: --> list_CFD_open_position started
17/03/2021 02:46:32 PM - FxMainPage - INFO: -> looping_check_currencies_MACD started
17/03/2021 02:46:34 PM - FxMainPage - INFO: -> from_search_goto_specific_currency started / CURRENCY = GBP/USD
17/03/2021 02:46:40 PM - FxMainPage - INFO: --> collecting_data_on_graph_MACD started
17/03/2021 02:46:45 PM - FxMainPage - INFO: -> from_search_goto_specific_currency started / CURRENCY = EUR/USD
17/03/2021 02:46:51 PM - FxMainPage - INFO: --> collecting_data_on_graph_MACD started
17/03/2021 02:46:56 PM - FxMainPage - INFO: -> from_search_goto_specific_currency started / CURRENCY = USD/JPY
17/03/2021 02:47:02 PM - FxMainPage - INFO: --> collecting_data_on_graph_MACD started
17/03/2021 02:47:06 PM - FxMainPage - INFO: -> from_search_goto_specific_currency started / CURRENCY = USD/CHF
17/03/2021 02:47:13 PM - FxMainPage - INFO: --> collecting_data_on_graph_MACD started
17/03/2021 02:47:17 PM - FxMainPage - INFO: -> from_search_goto_specific_currency started / CURRENCY = USD/CAD
17/03/2021 02:47:24 PM - FxMainPage - INFO: --> collecting_data_on_graph_MACD started
17/03/2021 02:47:28 PM - FxMainPage - INFO: -> from_search_goto_specific_currency started / CURRENCY = AUD/USD
17/03/2021 02:47:34 PM - FxMainPage - INFO: --> collecting_data_on_graph_MACD started
17/03/2021 02:47:39 PM - FxMainPage - INFO: -> from_search_goto_specific_currency started / CURRENCY = NZD/USD
17/03/2021 02:47:45 PM - FxMainPage - INFO: --> collecting_data_on_graph_MACD started
17/03/2021 02:51:31 PM - FxMainPage - INFO: -> close_position_CFD_ANY_auto_MACD started
17/03/2021 02:51:31 PM - FxMainPage - INFO: --> list_CFD_open_position started
17/03/2021 02:51:33 PM - FxMainPage - INFO: -> looping_check_currencies_MACD started
17/03/2021 02:51:34 PM - FxMainPage - INFO: -> from_search_goto_specific_currency started / CURRENCY = GBP/USD
17/03/2021 02:51:41 PM - FxMainPage - INFO: --> collecting_data_on_graph_MACD started
17/03/2021 02:51:45 PM - FxMainPage - INFO: -> from_search_goto_specific_currency started / CURRENCY = EUR/USD
17/03/2021 02:51:52 PM - FxMainPage - INFO: --> collecting_data_on_graph_MACD started
17/03/2021 02:51:56 PM - FxMainPage - INFO: -> from_search_goto_specific_currency started / CURRENCY = USD/JPY
17/03/2021 02:52:03 PM - FxMainPage - INFO: --> collecting_data_on_graph_MACD started
17/03/2021 02:52:07 PM - FxMainPage - INFO: -> from_search_goto_specific_currency started / CURRENCY = USD/CHF
17/03/2021 02:52:14 PM - FxMainPage - INFO: --> collecting_data_on_graph_MACD started
17/03/2021 02:52:18 PM - FxMainPage - INFO: -> from_search_goto_specific_currency started / CURRENCY = USD/CAD
17/03/2021 02:52:24 PM - FxMainPage - INFO: --> collecting_data_on_graph_MACD started
17/03/2021 02:52:29 PM - FxMainPage - INFO: -> from_search_goto_specific_currency started / CURRENCY = AUD/USD
17/03/2021 02:52:35 PM - FxMainPage - INFO: --> collecting_data_on_graph_MACD started
17/03/2021 02:52:40 PM - FxMainPage - INFO: -> from_search_goto_specific_currency started / CURRENCY = NZD/USD
17/03/2021 02:52:47 PM - FxMainPage - INFO: --> collecting_data_on_graph_MACD started
17/03/2021 02:56:31 PM - FxMainPage - INFO: -> close_position_CFD_ANY_auto_MACD started
17/03/2021 02:56:31 PM - FxMainPage - INFO: --> list_CFD_open_position started
17/03/2021 02:56:33 PM - FxMainPage - INFO: -> looping_check_currencies_MACD started
17/03/2021 02:56:34 PM - FxMainPage - INFO: -> from_search_goto_specific_currency started / CURRENCY = GBP/USD
17/03/2021 02:56:41 PM - FxMainPage - INFO: --> collecting_data_on_graph_MACD started
17/03/2021 02:56:45 PM - FxMainPage - INFO: -> from_search_goto_specific_currency started / CURRENCY = EUR/USD
17/03/2021 02:56:52 PM - FxMainPage - INFO: --> collecting_data_on_graph_MACD started
17/03/2021 02:56:56 PM - FxMainPage - INFO: -> from_search_goto_specific_currency started / CURRENCY = USD/JPY
17/03/2021 02:57:03 PM - FxMainPage - INFO: --> collecting_data_on_graph_MACD started
17/03/2021 02:57:07 PM - FxMainPage - INFO: -> from_search_goto_specific_currency started / CURRENCY = USD/CHF
17/03/2021 02:57:13 PM - FxMainPage - INFO: --> collecting_data_on_graph_MACD started
17/03/2021 02:57:18 PM - FxMainPage - INFO: -> from_search_goto_specific_currency started / CURRENCY = USD/CAD
17/03/2021 02:57:24 PM - FxMainPage - INFO: --> collecting_data_on_graph_MACD started
17/03/2021 02:57:29 PM - FxMainPage - INFO: -> from_search_goto_specific_currency started / CURRENCY = AUD/USD
17/03/2021 02:57:35 PM - FxMainPage - INFO: --> collecting_data_on_graph_MACD started
17/03/2021 02:57:40 PM - FxMainPage - INFO: -> from_search_goto_specific_currency started / CURRENCY = NZD/USD
17/03/2021 02:57:46 PM - FxMainPage - INFO: --> collecting_data_on_graph_MACD started
17/03/2021 03:01:31 PM - FxMainPage - INFO: -> close_position_CFD_ANY_auto_MACD started
17/03/2021 03:01:31 PM - FxMainPage - INFO: --> list_CFD_open_position started
17/03/2021 03:01:32 PM - FxMainPage - INFO: -> looping_check_currencies_MACD started
17/03/2021 03:01:34 PM - FxMainPage - INFO: -> from_search_goto_specific_currency started / CURRENCY = GBP/USD
17/03/2021 03:01:41 PM - FxMainPage - INFO: --> collecting_data_on_graph_MACD started
17/03/2021 03:01:45 PM - FxMainPage - INFO: -> from_search_goto_specific_currency started / CURRENCY = EUR/USD
17/03/2021 03:01:52 PM - FxMainPage - INFO: --> collecting_data_on_graph_MACD started
17/03/2021 03:01:56 PM - FxMainPage - INFO: -> from_search_goto_specific_currency started / CURRENCY = USD/JPY
17/03/2021 03:02:03 PM - FxMainPage - INFO: --> collecting_data_on_graph_MACD started
17/03/2021 03:02:07 PM - FxMainPage - INFO: -> from_search_goto_specific_currency started / CURRENCY = USD/CHF
17/03/2021 03:02:14 PM - FxMainPage - INFO: --> collecting_data_on_graph_MACD started
17/03/2021 03:02:18 PM - FxMainPage - INFO: -> from_search_goto_specific_currency started / CURRENCY = USD/CAD
17/03/2021 03:02:25 PM - FxMainPage - INFO: --> collecting_data_on_graph_MACD started
17/03/2021 03:02:29 PM - FxMainPage - INFO: -> from_search_goto_specific_currency started / CURRENCY = AUD/USD
17/03/2021 03:02:35 PM - FxMainPage - INFO: --> collecting_data_on_graph_MACD started
17/03/2021 03:02:40 PM - FxMainPage - INFO: -> from_search_goto_specific_currency started / CURRENCY = NZD/USD
17/03/2021 03:02:46 PM - FxMainPage - INFO: --> collecting_data_on_graph_MACD started
17/03/2021 03:06:31 PM - FxMainPage - INFO: -> close_position_CFD_ANY_auto_MACD started
17/03/2021 03:06:31 PM - FxMainPage - INFO: --> list_CFD_open_position started
17/03/2021 03:06:32 PM - FxMainPage - INFO: -> looping_check_currencies_MACD started
17/03/2021 03:06:34 PM - FxMainPage - INFO: -> from_search_goto_specific_currency started / CURRENCY = GBP/USD
17/03/2021 03:06:41 PM - FxMainPage - INFO: --> collecting_data_on_graph_MACD started
17/03/2021 03:06:45 PM - FxMainPage - INFO: -> from_search_goto_specific_currency started / CURRENCY = EUR/USD
17/03/2021 03:06:52 PM - FxMainPage - INFO: --> collecting_data_on_graph_MACD started
17/03/2021 03:06:56 PM - FxMainPage - INFO: -> from_search_goto_specific_currency started / CURRENCY = USD/JPY
17/03/2021 03:07:02 PM - FxMainPage - INFO: --> collecting_data_on_graph_MACD started
17/03/2021 03:07:07 PM - FxMainPage - INFO: -> from_search_goto_specific_currency started / CURRENCY = USD/CHF
17/03/2021 03:07:13 PM - FxMainPage - INFO: --> collecting_data_on_graph_MACD started
17/03/2021 03:07:17 PM - FxMainPage - INFO: -> from_search_goto_specific_currency started / CURRENCY = USD/CAD
17/03/2021 03:07:23 PM - FxMainPage - INFO: --> collecting_data_on_graph_MACD started
17/03/2021 03:07:28 PM - FxMainPage - INFO: -> from_search_goto_specific_currency started / CURRENCY = AUD/USD
17/03/2021 03:07:34 PM - FxMainPage - INFO: --> collecting_data_on_graph_MACD started
17/03/2021 03:07:39 PM - FxMainPage - INFO: -> from_search_goto_specific_currency started / CURRENCY = NZD/USD
17/03/2021 03:07:45 PM - FxMainPage - INFO: --> collecting_data_on_graph_MACD started
17/03/2021 03:11:31 PM - FxMainPage - INFO: -> close_position_CFD_ANY_auto_MACD started
17/03/2021 03:11:31 PM - FxMainPage - INFO: --> list_CFD_open_position started
17/03/2021 03:11:32 PM - FxMainPage - INFO: -> looping_check_currencies_MACD started
17/03/2021 03:11:34 PM - FxMainPage - INFO: -> from_search_goto_specific_currency started / CURRENCY = GBP/USD
17/03/2021 03:11:41 PM - FxMainPage - INFO: --> collecting_data_on_graph_MACD started
17/03/2021 03:11:45 PM - FxMainPage - INFO: -> from_search_goto_specific_currency started / CURRENCY = EUR/USD
17/03/2021 03:11:52 PM - FxMainPage - INFO: --> collecting_data_on_graph_MACD started
17/03/2021 03:11:56 PM - FxMainPage - INFO: -> from_search_goto_specific_currency started / CURRENCY = USD/JPY
17/03/2021 03:12:03 PM - FxMainPage - INFO: --> collecting_data_on_graph_MACD started
17/03/2021 03:12:08 PM - FxMainPage - INFO: -> from_search_goto_specific_currency started / CURRENCY = USD/CHF
17/03/2021 03:12:14 PM - FxMainPage - INFO: --> collecting_data_on_graph_MACD started
17/03/2021 03:12:19 PM - FxMainPage - INFO: -> from_search_goto_specific_currency started / CURRENCY = USD/CAD
17/03/2021 03:12:25 PM - FxMainPage - INFO: --> collecting_data_on_graph_MACD started
17/03/2021 03:12:30 PM - FxMainPage - INFO: -> from_search_goto_specific_currency started / CURRENCY = AUD/USD
17/03/2021 03:12:36 PM - FxMainPage - INFO: --> collecting_data_on_graph_MACD started
17/03/2021 03:12:41 PM - FxMainPage - INFO: -> from_search_goto_specific_currency started / CURRENCY = NZD/USD
17/03/2021 03:12:47 PM - FxMainPage - INFO: --> collecting_data_on_graph_MACD started
17/03/2021 03:16:31 PM - FxMainPage - INFO: -> close_position_CFD_ANY_auto_MACD started
17/03/2021 03:16:31 PM - FxMainPage - INFO: --> list_CFD_open_position started
17/03/2021 03:16:32 PM - FxMainPage - INFO: -> looping_check_currencies_MACD started
17/03/2021 03:16:34 PM - FxMainPage - INFO: -> from_search_goto_specific_currency started / CURRENCY = GBP/USD
17/03/2021 03:16:41 PM - FxMainPage - INFO: --> collecting_data_on_graph_MACD started
17/03/2021 03:16:45 PM - FxMainPage - INFO: -> from_search_goto_specific_currency started / CURRENCY = EUR/USD
17/03/2021 03:16:52 PM - FxMainPage - INFO: --> collecting_data_on_graph_MACD started
17/03/2021 03:16:56 PM - FxMainPage - INFO: -> from_search_goto_specific_currency started / CURRENCY = USD/JPY
17/03/2021 03:17:03 PM - FxMainPage - INFO: --> collecting_data_on_graph_MACD started
17/03/2021 03:17:07 PM - FxMainPage - INFO: -> from_search_goto_specific_currency started / CURRENCY = USD/CHF
17/03/2021 03:17:13 PM - FxMainPage - INFO: --> collecting_data_on_graph_MACD started
17/03/2021 03:17:18 PM - FxMainPage - INFO: -> from_search_goto_specific_currency started / CURRENCY = USD/CAD
17/03/2021 03:17:24 PM - FxMainPage - INFO: --> collecting_data_on_graph_MACD started
17/03/2021 03:17:29 PM - FxMainPage - INFO: -> from_search_goto_specific_currency started / CURRENCY = AUD/USD
17/03/2021 03:17:35 PM - FxMainPage - INFO: --> collecting_data_on_graph_MACD started
17/03/2021 03:17:40 PM - FxMainPage - INFO: -> from_search_goto_specific_currency started / CURRENCY = NZD/USD
17/03/2021 03:17:46 PM - FxMainPage - INFO: --> collecting_data_on_graph_MACD started
17/03/2021 03:21:31 PM - FxMainPage - INFO: -> close_position_CFD_ANY_auto_MACD started
17/03/2021 03:21:31 PM - FxMainPage - INFO: --> list_CFD_open_position started
17/03/2021 03:21:42 PM - FxMainPage - INFO: -> looping_check_currencies_MACD started
17/03/2021 03:21:43 PM - FxMainPage - INFO: -> from_search_goto_specific_currency started / CURRENCY = GBP/USD
17/03/2021 03:21:50 PM - FxMainPage - INFO: --> collecting_data_on_graph_MACD started
17/03/2021 03:21:54 PM - FxMainPage - INFO: -> from_search_goto_specific_currency started / CURRENCY = EUR/USD
17/03/2021 03:22:01 PM - FxMainPage - INFO: --> collecting_data_on_graph_MACD started
17/03/2021 03:22:05 PM - FxMainPage - INFO: -> from_search_goto_specific_currency started / CURRENCY = USD/JPY
17/03/2021 03:22:12 PM - FxMainPage - INFO: --> collecting_data_on_graph_MACD started
17/03/2021 03:22:16 PM - FxMainPage - INFO: -> from_search_goto_specific_currency started / CURRENCY = USD/CHF
17/03/2021 03:22:23 PM - FxMainPage - INFO: --> collecting_data_on_graph_MACD started
17/03/2021 03:22:28 PM - FxMainPage - INFO: -> from_search_goto_specific_currency started / CURRENCY = USD/CAD
17/03/2021 03:22:34 PM - FxMainPage - INFO: --> collecting_data_on_graph_MACD started
17/03/2021 03:22:39 PM - FxMainPage - INFO: -> from_search_goto_specific_currency started / CURRENCY = AUD/USD
17/03/2021 03:22:45 PM - FxMainPage - INFO: --> collecting_data_on_graph_MACD started
17/03/2021 03:22:49 PM - FxMainPage - INFO: -> from_search_goto_specific_currency started / CURRENCY = NZD/USD
17/03/2021 03:22:56 PM - FxMainPage - INFO: --> collecting_data_on_graph_MACD started
17/03/2021 03:26:31 PM - FxMainPage - INFO: -> close_position_CFD_ANY_auto_MACD started
17/03/2021 03:26:31 PM - FxMainPage - INFO: --> list_CFD_open_position started
17/03/2021 03:26:42 PM - FxMainPage - INFO: -> looping_check_currencies_MACD started
17/03/2021 03:26:44 PM - FxMainPage - INFO: -> from_search_goto_specific_currency started / CURRENCY = GBP/USD
17/03/2021 03:26:50 PM - FxMainPage - INFO: --> collecting_data_on_graph_MACD started
17/03/2021 03:26:55 PM - FxMainPage - INFO: -> from_search_goto_specific_currency started / CURRENCY = EUR/USD
17/03/2021 03:27:01 PM - FxMainPage - INFO: --> collecting_data_on_graph_MACD started
17/03/2021 03:27:05 PM - FxMainPage - INFO: -> from_search_goto_specific_currency started / CURRENCY = USD/JPY
17/03/2021 03:27:12 PM - FxMainPage - INFO: --> collecting_data_on_graph_MACD started
17/03/2021 03:27:16 PM - FxMainPage - INFO: -> from_search_goto_specific_currency started / CURRENCY = USD/CHF
17/03/2021 03:27:23 PM - FxMainPage - INFO: --> collecting_data_on_graph_MACD started
17/03/2021 03:27:27 PM - FxMainPage - INFO: -> from_search_goto_specific_currency started / CURRENCY = USD/CAD
17/03/2021 03:27:34 PM - FxMainPage - INFO: --> collecting_data_on_graph_MACD started
17/03/2021 03:27:38 PM - FxMainPage - INFO: -> from_search_goto_specific_currency started / CURRENCY = AUD/USD
17/03/2021 03:27:45 PM - FxMainPage - INFO: --> collecting_data_on_graph_MACD started
17/03/2021 03:27:49 PM - FxMainPage - INFO: -> from_search_goto_specific_currency started / CURRENCY = NZD/USD
17/03/2021 03:27:56 PM - FxMainPage - INFO: --> collecting_data_on_graph_MACD started
17/03/2021 03:31:31 PM - FxMainPage - INFO: -> close_position_CFD_ANY_auto_MACD started
17/03/2021 03:31:31 PM - FxMainPage - INFO: --> list_CFD_open_position started
17/03/2021 03:31:42 PM - FxMainPage - INFO: -> looping_check_currencies_MACD started
17/03/2021 03:31:43 PM - FxMainPage - INFO: -> from_search_goto_specific_currency started / CURRENCY = GBP/USD
17/03/2021 03:31:50 PM - FxMainPage - INFO: --> collecting_data_on_graph_MACD started
17/03/2021 03:31:54 PM - FxMainPage - INFO: -> from_search_goto_specific_currency started / CURRENCY = EUR/USD
17/03/2021 03:32:01 PM - FxMainPage - INFO: --> collecting_data_on_graph_MACD started
17/03/2021 03:32:05 PM - FxMainPage - INFO: -> from_search_goto_specific_currency started / CURRENCY = USD/JPY
17/03/2021 03:32:13 PM - FxMainPage - INFO: --> collecting_data_on_graph_MACD started
17/03/2021 03:32:17 PM - FxMainPage - INFO: -> from_search_goto_specific_currency started / CURRENCY = USD/CHF
17/03/2021 03:32:23 PM - FxMainPage - INFO: --> collecting_data_on_graph_MACD started
17/03/2021 03:32:28 PM - FxMainPage - INFO: -> from_search_goto_specific_currency started / CURRENCY = USD/CAD
17/03/2021 03:32:34 PM - FxMainPage - INFO: --> collecting_data_on_graph_MACD started
17/03/2021 03:32:39 PM - FxMainPage - INFO: -> from_search_goto_specific_currency started / CURRENCY = AUD/USD
17/03/2021 03:32:45 PM - FxMainPage - INFO: --> collecting_data_on_graph_MACD started
17/03/2021 03:32:50 PM - FxMainPage - INFO: -> from_search_goto_specific_currency started / CURRENCY = NZD/USD
17/03/2021 03:32:56 PM - FxMainPage - INFO: --> collecting_data_on_graph_MACD started
17/03/2021 03:36:31 PM - FxMainPage - INFO: -> close_position_CFD_ANY_auto_MACD started
17/03/2021 03:36:31 PM - FxMainPage - INFO: --> list_CFD_open_position started
17/03/2021 03:36:43 PM - FxMainPage - INFO: -> looping_check_currencies_MACD started
17/03/2021 03:36:44 PM - FxMainPage - INFO: -> from_search_goto_specific_currency started / CURRENCY = GBP/USD
17/03/2021 03:36:51 PM - FxMainPage - INFO: --> collecting_data_on_graph_MACD started
17/03/2021 03:36:55 PM - FxMainPage - INFO: -> from_search_goto_specific_currency started / CURRENCY = EUR/USD
17/03/2021 03:37:02 PM - FxMainPage - INFO: --> collecting_data_on_graph_MACD started
17/03/2021 03:37:06 PM - FxMainPage - INFO: -> from_search_goto_specific_currency started / CURRENCY = USD/JPY
17/03/2021 03:37:12 PM - FxMainPage - INFO: --> collecting_data_on_graph_MACD started
17/03/2021 03:37:17 PM - FxMainPage - INFO: -> from_search_goto_specific_currency started / CURRENCY = USD/CHF
17/03/2021 03:37:23 PM - FxMainPage - INFO: --> collecting_data_on_graph_MACD started
17/03/2021 03:37:28 PM - FxMainPage - INFO: -> from_search_goto_specific_currency started / CURRENCY = USD/CAD
17/03/2021 03:37:34 PM - FxMainPage - INFO: --> collecting_data_on_graph_MACD started
17/03/2021 03:37:39 PM - FxMainPage - INFO: -> from_search_goto_specific_currency started / CURRENCY = AUD/USD
17/03/2021 03:37:45 PM - FxMainPage - INFO: --> collecting_data_on_graph_MACD started
17/03/2021 03:37:50 PM - FxMainPage - INFO: -> from_search_goto_specific_currency started / CURRENCY = NZD/USD
17/03/2021 03:37:56 PM - FxMainPage - INFO: --> collecting_data_on_graph_MACD started
17/03/2021 03:41:31 PM - FxMainPage - INFO: -> close_position_CFD_ANY_auto_MACD started
17/03/2021 03:41:31 PM - FxMainPage - INFO: --> list_CFD_open_position started
17/03/2021 03:41:43 PM - FxMainPage - INFO: -> looping_check_currencies_MACD started
17/03/2021 03:41:44 PM - FxMainPage - INFO: -> from_search_goto_specific_currency started / CURRENCY = GBP/USD
17/03/2021 03:41:51 PM - FxMainPage - INFO: --> collecting_data_on_graph_MACD started
17/03/2021 03:41:55 PM - FxMainPage - INFO: -> from_search_goto_specific_currency started / CURRENCY = EUR/USD
17/03/2021 03:42:02 PM - FxMainPage - INFO: --> collecting_data_on_graph_MACD started
17/03/2021 03:42:06 PM - FxMainPage - INFO: -> from_search_goto_specific_currency started / CURRENCY = USD/JPY
17/03/2021 03:42:13 PM - FxMainPage - INFO: --> collecting_data_on_graph_MACD started
17/03/2021 03:42:17 PM - FxMainPage - INFO: -> from_search_goto_specific_currency started / CURRENCY = USD/CHF
17/03/2021 03:42:24 PM - FxMainPage - INFO: --> collecting_data_on_graph_MACD started
17/03/2021 03:42:28 PM - FxMainPage - INFO: -> from_search_goto_specific_currency started / CURRENCY = USD/CAD
17/03/2021 03:42:34 PM - FxMainPage - INFO: --> collecting_data_on_graph_MACD started
17/03/2021 03:42:39 PM - FxMainPage - INFO: -> from_search_goto_specific_currency started / CURRENCY = AUD/USD
17/03/2021 03:42:45 PM - FxMainPage - INFO: --> collecting_data_on_graph_MACD started
17/03/2021 03:42:50 PM - FxMainPage - INFO: -> from_search_goto_specific_currency started / CURRENCY = NZD/USD
17/03/2021 03:42:56 PM - FxMainPage - INFO: --> collecting_data_on_graph_MACD started
17/03/2021 03:46:31 PM - FxMainPage - INFO: -> close_position_CFD_ANY_auto_MACD started
17/03/2021 03:46:31 PM - FxMainPage - INFO: --> list_CFD_open_position started
17/03/2021 03:46:42 PM - FxMainPage - INFO: -> looping_check_currencies_MACD started
17/03/2021 03:46:43 PM - FxMainPage - INFO: -> from_search_goto_specific_currency started / CURRENCY = GBP/USD
17/03/2021 03:46:49 PM - FxMainPage - INFO: --> collecting_data_on_graph_MACD started
17/03/2021 03:46:54 PM - FxMainPage - INFO: -> from_search_goto_specific_currency started / CURRENCY = EUR/USD
17/03/2021 03:47:00 PM - FxMainPage - INFO: --> collecting_data_on_graph_MACD started
17/03/2021 03:47:04 PM - FxMainPage - INFO: -> from_search_goto_specific_currency started / CURRENCY = USD/JPY
17/03/2021 03:47:11 PM - FxMainPage - INFO: --> collecting_data_on_graph_MACD started
17/03/2021 03:47:15 PM - FxMainPage - INFO: -> from_search_goto_specific_currency started / CURRENCY = USD/CHF
17/03/2021 03:47:22 PM - FxMainPage - INFO: --> collecting_data_on_graph_MACD started
17/03/2021 03:47:26 PM - FxMainPage - INFO: -> from_search_goto_specific_currency started / CURRENCY = USD/CAD
17/03/2021 03:47:32 PM - FxMainPage - INFO: --> collecting_data_on_graph_MACD started
17/03/2021 03:47:36 PM - FxMainPage - INFO: -> from_search_goto_specific_currency started / CURRENCY = AUD/USD
17/03/2021 03:47:43 PM - FxMainPage - INFO: --> collecting_data_on_graph_MACD started
17/03/2021 03:47:47 PM - FxMainPage - INFO: -> from_search_goto_specific_currency started / CURRENCY = NZD/USD
17/03/2021 03:47:53 PM - FxMainPage - INFO: --> collecting_data_on_graph_MACD started
17/03/2021 03:51:31 PM - FxMainPage - INFO: -> close_position_CFD_ANY_auto_MACD started
17/03/2021 03:51:31 PM - FxMainPage - INFO: --> list_CFD_open_position started
17/03/2021 03:51:42 PM - FxMainPage - INFO: -> looping_check_currencies_MACD started
17/03/2021 03:51:44 PM - FxMainPage - INFO: -> from_search_goto_specific_currency started / CURRENCY = GBP/USD
17/03/2021 03:51:50 PM - FxMainPage - INFO: --> collecting_data_on_graph_MACD started
17/03/2021 03:51:55 PM - FxMainPage - INFO: -> from_search_goto_specific_currency started / CURRENCY = EUR/USD
17/03/2021 03:52:01 PM - FxMainPage - INFO: --> collecting_data_on_graph_MACD started
17/03/2021 03:52:06 PM - FxMainPage - INFO: -> from_search_goto_specific_currency started / CURRENCY = USD/JPY
17/03/2021 03:52:12 PM - FxMainPage - INFO: --> collecting_data_on_graph_MACD started
17/03/2021 03:52:17 PM - FxMainPage - INFO: -> from_search_goto_specific_currency started / CURRENCY = USD/CHF
17/03/2021 03:52:23 PM - FxMainPage - INFO: --> collecting_data_on_graph_MACD started
17/03/2021 03:52:28 PM - FxMainPage - INFO: -> from_search_goto_specific_currency started / CURRENCY = USD/CAD
17/03/2021 03:52:34 PM - FxMainPage - INFO: --> collecting_data_on_graph_MACD started
17/03/2021 03:52:39 PM - FxMainPage - INFO: -> from_search_goto_specific_currency started / CURRENCY = AUD/USD
17/03/2021 03:52:45 PM - FxMainPage - INFO: --> collecting_data_on_graph_MACD started
17/03/2021 03:52:50 PM - FxMainPage - INFO: -> from_search_goto_specific_currency started / CURRENCY = NZD/USD
17/03/2021 03:52:56 PM - FxMainPage - INFO: --> collecting_data_on_graph_MACD started
17/03/2021 03:56:31 PM - FxMainPage - INFO: -> close_position_CFD_ANY_auto_MACD started
17/03/2021 03:56:31 PM - FxMainPage - INFO: --> list_CFD_open_position started
17/03/2021 03:56:42 PM - FxMainPage - INFO: -> looping_check_currencies_MACD started
17/03/2021 03:56:44 PM - FxMainPage - INFO: -> from_search_goto_specific_currency started / CURRENCY = GBP/USD
17/03/2021 03:56:50 PM - FxMainPage - INFO: --> collecting_data_on_graph_MACD started
17/03/2021 03:56:55 PM - FxMainPage - INFO: -> from_search_goto_specific_currency started / CURRENCY = EUR/USD
17/03/2021 03:57:01 PM - FxMainPage - INFO: --> collecting_data_on_graph_MACD started
17/03/2021 03:57:06 PM - FxMainPage - INFO: -> from_search_goto_specific_currency started / CURRENCY = USD/JPY
17/03/2021 03:57:12 PM - FxMainPage - INFO: --> collecting_data_on_graph_MACD started
17/03/2021 03:57:16 PM - FxMainPage - INFO: -> from_search_goto_specific_currency started / CURRENCY = USD/CHF
17/03/2021 03:57:23 PM - FxMainPage - INFO: --> collecting_data_on_graph_MACD started
17/03/2021 03:57:27 PM - FxMainPage - INFO: -> from_search_goto_specific_currency started / CURRENCY = USD/CAD
17/03/2021 03:57:34 PM - FxMainPage - INFO: --> collecting_data_on_graph_MACD started
17/03/2021 03:57:38 PM - FxMainPage - INFO: -> from_search_goto_specific_currency started / CURRENCY = AUD/USD
17/03/2021 03:57:45 PM - FxMainPage - INFO: --> collecting_data_on_graph_MACD started
17/03/2021 03:57:49 PM - FxMainPage - INFO: -> from_search_goto_specific_currency started / CURRENCY = NZD/USD
17/03/2021 03:57:55 PM - FxMainPage - INFO: --> collecting_data_on_graph_MACD started
17/03/2021 04:01:31 PM - FxMainPage - INFO: -> close_position_CFD_ANY_auto_MACD started
17/03/2021 04:01:31 PM - FxMainPage - INFO: --> list_CFD_open_position started
17/03/2021 04:01:42 PM - FxMainPage - INFO: -> looping_check_currencies_MACD started
17/03/2021 04:01:43 PM - FxMainPage - INFO: -> from_search_goto_specific_currency started / CURRENCY = GBP/USD
17/03/2021 04:01:50 PM - FxMainPage - INFO: --> collecting_data_on_graph_MACD started
17/03/2021 04:01:54 PM - FxMainPage - INFO: -> from_search_goto_specific_currency started / CURRENCY = EUR/USD
17/03/2021 04:02:01 PM - FxMainPage - INFO: --> collecting_data_on_graph_MACD started
17/03/2021 04:02:05 PM - FxMainPage - INFO: -> from_search_goto_specific_currency started / CURRENCY = USD/JPY
17/03/2021 04:02:12 PM - FxMainPage - INFO: --> collecting_data_on_graph_MACD started
17/03/2021 04:02:16 PM - FxMainPage - INFO: -> from_search_goto_specific_currency started / CURRENCY = USD/CHF
17/03/2021 04:02:23 PM - FxMainPage - INFO: --> collecting_data_on_graph_MACD started
17/03/2021 04:02:27 PM - FxMainPage - INFO: -> from_search_goto_specific_currency started / CURRENCY = USD/CAD
17/03/2021 04:02:34 PM - FxMainPage - INFO: --> collecting_data_on_graph_MACD started
17/03/2021 04:02:38 PM - FxMainPage - INFO: -> from_search_goto_specific_currency started / CURRENCY = AUD/USD
17/03/2021 04:02:44 PM - FxMainPage - INFO: --> collecting_data_on_graph_MACD started
17/03/2021 04:02:49 PM - FxMainPage - INFO: -> from_search_goto_specific_currency started / CURRENCY = NZD/USD
17/03/2021 04:02:55 PM - FxMainPage - INFO: --> collecting_data_on_graph_MACD started
17/03/2021 04:06:31 PM - FxMainPage - INFO: -> close_position_CFD_ANY_auto_MACD started
17/03/2021 04:06:31 PM - FxMainPage - INFO: --> list_CFD_open_position started
17/03/2021 04:06:42 PM - FxMainPage - INFO: -> looping_check_currencies_MACD started
17/03/2021 04:06:43 PM - FxMainPage - INFO: -> from_search_goto_specific_currency started / CURRENCY = GBP/USD
17/03/2021 04:06:50 PM - FxMainPage - INFO: --> collecting_data_on_graph_MACD started
17/03/2021 04:06:54 PM - FxMainPage - INFO: -> from_search_goto_specific_currency started / CURRENCY = EUR/USD
17/03/2021 04:07:01 PM - FxMainPage - INFO: --> collecting_data_on_graph_MACD started
17/03/2021 04:07:05 PM - FxMainPage - INFO: -> from_search_goto_specific_currency started / CURRENCY = USD/JPY
17/03/2021 04:07:11 PM - FxMainPage - INFO: --> collecting_data_on_graph_MACD started
17/03/2021 04:07:15 PM - FxMainPage - INFO: -> from_search_goto_specific_currency started / CURRENCY = USD/CHF
17/03/2021 04:07:21 PM - FxMainPage - INFO: --> collecting_data_on_graph_MACD started
17/03/2021 04:07:26 PM - FxMainPage - INFO: -> from_search_goto_specific_currency started / CURRENCY = USD/CAD
17/03/2021 04:07:32 PM - FxMainPage - INFO: --> collecting_data_on_graph_MACD started
17/03/2021 04:07:36 PM - FxMainPage - INFO: -> from_search_goto_specific_currency started / CURRENCY = AUD/USD
17/03/2021 04:07:42 PM - FxMainPage - INFO: --> collecting_data_on_graph_MACD started
17/03/2021 04:07:46 PM - FxMainPage - INFO: -> from_search_goto_specific_currency started / CURRENCY = NZD/USD
17/03/2021 04:07:52 PM - FxMainPage - INFO: --> collecting_data_on_graph_MACD started
17/03/2021 04:07:57 PM - FxMainPage - INFO: --> buy_stock started
17/03/2021 04:07:57 PM - FxMainPage - INFO: --> open_stock_dialog started
17/03/2021 04:08:10 PM - FxMainPage - INFO: --> script_click_xpath started
17/03/2021 04:08:11 PM - FxMainPage - INFO: --> buy started
17/03/2021 04:11:31 PM - FxMainPage - INFO: -> close_position_CFD_ANY_auto_MACD started
17/03/2021 04:11:31 PM - FxMainPage - INFO: --> list_CFD_open_position started
17/03/2021 04:11:33 PM - FxMainPage - INFO: -> looping_check_currencies_MACD started
17/03/2021 04:11:35 PM - FxMainPage - INFO: -> from_search_goto_specific_currency started / CURRENCY = GBP/USD
17/03/2021 04:11:41 PM - FxMainPage - INFO: --> collecting_data_on_graph_MACD started
17/03/2021 04:11:46 PM - FxMainPage - INFO: -> from_search_goto_specific_currency started / CURRENCY = EUR/USD
17/03/2021 04:11:52 PM - FxMainPage - INFO: --> collecting_data_on_graph_MACD started
17/03/2021 04:11:56 PM - FxMainPage - INFO: -> from_search_goto_specific_currency started / CURRENCY = USD/JPY
17/03/2021 04:12:03 PM - FxMainPage - INFO: --> collecting_data_on_graph_MACD started
17/03/2021 04:12:07 PM - FxMainPage - INFO: -> from_search_goto_specific_currency started / CURRENCY = USD/CHF
17/03/2021 04:12:13 PM - FxMainPage - INFO: --> collecting_data_on_graph_MACD started
17/03/2021 04:12:17 PM - FxMainPage - INFO: -> from_search_goto_specific_currency started / CURRENCY = USD/CAD
17/03/2021 04:12:24 PM - FxMainPage - INFO: --> collecting_data_on_graph_MACD started
17/03/2021 04:12:28 PM - FxMainPage - INFO: -> from_search_goto_specific_currency started / CURRENCY = AUD/USD
17/03/2021 04:12:34 PM - FxMainPage - INFO: --> collecting_data_on_graph_MACD started
17/03/2021 04:12:38 PM - FxMainPage - INFO: -> from_search_goto_specific_currency started / CURRENCY = NZD/USD
17/03/2021 04:12:45 PM - FxMainPage - INFO: --> collecting_data_on_graph_MACD started
17/03/2021 04:12:49 PM - FxMainPage - INFO: --> buy_stock started
17/03/2021 04:12:49 PM - FxMainPage - INFO: --> open_stock_dialog started
17/03/2021 04:12:52 PM - FxMainPage - INFO: --> script_click_xpath started
17/03/2021 04:12:53 PM - FxMainPage - INFO: --> buy started
17/03/2021 04:16:31 PM - FxMainPage - INFO: -> close_position_CFD_ANY_auto_MACD started
17/03/2021 04:16:31 PM - FxMainPage - INFO: --> list_CFD_open_position started
17/03/2021 04:16:33 PM - FxMainPage - INFO: -> looping_check_currencies_MACD started
17/03/2021 04:16:34 PM - FxMainPage - INFO: -> from_search_goto_specific_currency started / CURRENCY = GBP/USD
17/03/2021 04:16:41 PM - FxMainPage - INFO: --> collecting_data_on_graph_MACD started
17/03/2021 04:16:45 PM - FxMainPage - INFO: -> from_search_goto_specific_currency started / CURRENCY = EUR/USD
17/03/2021 04:16:52 PM - FxMainPage - INFO: --> collecting_data_on_graph_MACD started
17/03/2021 04:16:56 PM - FxMainPage - INFO: -> from_search_goto_specific_currency started / CURRENCY = USD/JPY
17/03/2021 04:17:03 PM - FxMainPage - INFO: --> collecting_data_on_graph_MACD started
17/03/2021 04:17:07 PM - FxMainPage - INFO: -> from_search_goto_specific_currency started / CURRENCY = USD/CHF
17/03/2021 04:17:14 PM - FxMainPage - INFO: --> collecting_data_on_graph_MACD started
17/03/2021 04:17:18 PM - FxMainPage - INFO: -> from_search_goto_specific_currency started / CURRENCY = USD/CAD
17/03/2021 04:17:24 PM - FxMainPage - INFO: --> collecting_data_on_graph_MACD started
17/03/2021 04:17:29 PM - FxMainPage - INFO: -> from_search_goto_specific_currency started / CURRENCY = AUD/USD
17/03/2021 04:17:35 PM - FxMainPage - INFO: --> collecting_data_on_graph_MACD started
17/03/2021 04:17:40 PM - FxMainPage - INFO: -> from_search_goto_specific_currency started / CURRENCY = NZD/USD
17/03/2021 04:17:46 PM - FxMainPage - INFO: --> collecting_data_on_graph_MACD started
17/03/2021 04:21:31 PM - FxMainPage - INFO: -> close_position_CFD_ANY_auto_MACD started
17/03/2021 04:21:31 PM - FxMainPage - INFO: --> list_CFD_open_position started
17/03/2021 04:21:33 PM - FxMainPage - INFO: -> looping_check_currencies_MACD started
17/03/2021 04:21:34 PM - FxMainPage - INFO: -> from_search_goto_specific_currency started / CURRENCY = GBP/USD
17/03/2021 04:21:41 PM - FxMainPage - INFO: --> collecting_data_on_graph_MACD started
17/03/2021 04:21:45 PM - FxMainPage - INFO: -> from_search_goto_specific_currency started / CURRENCY = EUR/USD
17/03/2021 04:21:52 PM - FxMainPage - INFO: --> collecting_data_on_graph_MACD started
17/03/2021 04:21:56 PM - FxMainPage - INFO: -> from_search_goto_specific_currency started / CURRENCY = USD/JPY
17/03/2021 04:22:03 PM - FxMainPage - INFO: --> collecting_data_on_graph_MACD started
17/03/2021 04:22:07 PM - FxMainPage - INFO: -> from_search_goto_specific_currency started / CURRENCY = USD/CHF
17/03/2021 04:22:13 PM - FxMainPage - INFO: --> collecting_data_on_graph_MACD started
17/03/2021 04:22:18 PM - FxMainPage - INFO: -> from_search_goto_specific_currency started / CURRENCY = USD/CAD
17/03/2021 04:22:24 PM - FxMainPage - INFO: --> collecting_data_on_graph_MACD started
17/03/2021 04:22:29 PM - FxMainPage - INFO: -> from_search_goto_specific_currency started / CURRENCY = AUD/USD
17/03/2021 04:22:35 PM - FxMainPage - INFO: --> collecting_data_on_graph_MACD started
17/03/2021 04:22:40 PM - FxMainPage - INFO: -> from_search_goto_specific_currency started / CURRENCY = NZD/USD
17/03/2021 04:22:46 PM - FxMainPage - INFO: --> collecting_data_on_graph_MACD started
17/03/2021 04:26:31 PM - FxMainPage - INFO: -> close_position_CFD_ANY_auto_MACD started
17/03/2021 04:26:31 PM - FxMainPage - INFO: --> list_CFD_open_position started
17/03/2021 04:26:34 PM - FxMainPage - INFO: -> looping_check_currencies_MACD started
17/03/2021 04:26:35 PM - FxMainPage - INFO: -> from_search_goto_specific_currency started / CURRENCY = GBP/USD
17/03/2021 04:26:41 PM - FxMainPage - INFO: --> collecting_data_on_graph_MACD started
17/03/2021 04:26:46 PM - FxMainPage - INFO: -> from_search_goto_specific_currency started / CURRENCY = EUR/USD
17/03/2021 04:26:52 PM - FxMainPage - INFO: --> collecting_data_on_graph_MACD started
17/03/2021 04:26:57 PM - FxMainPage - INFO: -> from_search_goto_specific_currency started / CURRENCY = USD/JPY
17/03/2021 04:27:04 PM - FxMainPage - INFO: --> collecting_data_on_graph_MACD started
17/03/2021 04:27:08 PM - FxMainPage - INFO: -> from_search_goto_specific_currency started / CURRENCY = USD/CHF
17/03/2021 04:27:15 PM - FxMainPage - INFO: --> collecting_data_on_graph_MACD started
17/03/2021 04:27:19 PM - FxMainPage - INFO: -> from_search_goto_specific_currency started / CURRENCY = USD/CAD
17/03/2021 04:27:25 PM - FxMainPage - INFO: --> collecting_data_on_graph_MACD started
17/03/2021 04:27:30 PM - FxMainPage - INFO: -> from_search_goto_specific_currency started / CURRENCY = AUD/USD
17/03/2021 04:27:36 PM - FxMainPage - INFO: --> collecting_data_on_graph_MACD started
17/03/2021 04:27:40 PM - FxMainPage - INFO: -> from_search_goto_specific_currency started / CURRENCY = NZD/USD
17/03/2021 04:27:47 PM - FxMainPage - INFO: --> collecting_data_on_graph_MACD started
17/03/2021 04:31:31 PM - FxMainPage - INFO: -> close_position_CFD_ANY_auto_MACD started
17/03/2021 04:31:31 PM - FxMainPage - INFO: --> list_CFD_open_position started
17/03/2021 04:31:33 PM - FxMainPage - INFO: -> looping_check_currencies_MACD started
17/03/2021 04:31:35 PM - FxMainPage - INFO: -> from_search_goto_specific_currency started / CURRENCY = GBP/USD
17/03/2021 04:31:42 PM - FxMainPage - INFO: --> collecting_data_on_graph_MACD started
17/03/2021 04:31:46 PM - FxMainPage - INFO: -> from_search_goto_specific_currency started / CURRENCY = EUR/USD
17/03/2021 04:31:53 PM - FxMainPage - INFO: --> collecting_data_on_graph_MACD started
17/03/2021 04:31:57 PM - FxMainPage - INFO: -> from_search_goto_specific_currency started / CURRENCY = USD/JPY
17/03/2021 04:32:04 PM - FxMainPage - INFO: --> collecting_data_on_graph_MACD started
17/03/2021 04:32:08 PM - FxMainPage - INFO: -> from_search_goto_specific_currency started / CURRENCY = USD/CHF
17/03/2021 04:32:14 PM - FxMainPage - INFO: --> collecting_data_on_graph_MACD started
17/03/2021 04:32:19 PM - FxMainPage - INFO: -> from_search_goto_specific_currency started / CURRENCY = USD/CAD
17/03/2021 04:32:25 PM - FxMainPage - INFO: --> collecting_data_on_graph_MACD started
17/03/2021 04:32:29 PM - FxMainPage - INFO: -> from_search_goto_specific_currency started / CURRENCY = AUD/USD
17/03/2021 04:32:36 PM - FxMainPage - INFO: --> collecting_data_on_graph_MACD started
17/03/2021 04:32:40 PM - FxMainPage - INFO: -> from_search_goto_specific_currency started / CURRENCY = NZD/USD
17/03/2021 04:32:47 PM - FxMainPage - INFO: --> collecting_data_on_graph_MACD started
17/03/2021 04:36:31 PM - FxMainPage - INFO: -> close_position_CFD_ANY_auto_MACD started
17/03/2021 04:36:31 PM - FxMainPage - INFO: --> list_CFD_open_position started
17/03/2021 04:36:33 PM - FxMainPage - INFO: -> looping_check_currencies_MACD started
17/03/2021 04:36:34 PM - FxMainPage - INFO: -> from_search_goto_specific_currency started / CURRENCY = GBP/USD
17/03/2021 04:36:41 PM - FxMainPage - INFO: --> collecting_data_on_graph_MACD started
17/03/2021 04:36:46 PM - FxMainPage - INFO: -> from_search_goto_specific_currency started / CURRENCY = EUR/USD
17/03/2021 04:36:52 PM - FxMainPage - INFO: --> collecting_data_on_graph_MACD started
17/03/2021 04:36:57 PM - FxMainPage - INFO: -> from_search_goto_specific_currency started / CURRENCY = USD/JPY
17/03/2021 04:37:03 PM - FxMainPage - INFO: --> collecting_data_on_graph_MACD started
17/03/2021 04:37:08 PM - FxMainPage - INFO: -> from_search_goto_specific_currency started / CURRENCY = USD/CHF
17/03/2021 04:37:14 PM - FxMainPage - INFO: --> collecting_data_on_graph_MACD started
17/03/2021 04:37:19 PM - FxMainPage - INFO: -> from_search_goto_specific_currency started / CURRENCY = USD/CAD
17/03/2021 04:37:25 PM - FxMainPage - INFO: --> collecting_data_on_graph_MACD started
17/03/2021 04:37:30 PM - FxMainPage - INFO: -> from_search_goto_specific_currency started / CURRENCY = AUD/USD
17/03/2021 04:37:36 PM - FxMainPage - INFO: --> collecting_data_on_graph_MACD started
17/03/2021 04:37:41 PM - FxMainPage - INFO: -> from_search_goto_specific_currency started / CURRENCY = NZD/USD
17/03/2021 04:37:47 PM - FxMainPage - INFO: --> collecting_data_on_graph_MACD started
17/03/2021 04:41:31 PM - FxMainPage - INFO: -> close_position_CFD_ANY_auto_MACD started
17/03/2021 04:41:31 PM - FxMainPage - INFO: --> list_CFD_open_position started
17/03/2021 04:41:33 PM - FxMainPage - INFO: -> looping_check_currencies_MACD started
17/03/2021 04:41:34 PM - FxMainPage - INFO: -> from_search_goto_specific_currency started / CURRENCY = GBP/USD
17/03/2021 04:41:41 PM - FxMainPage - INFO: --> collecting_data_on_graph_MACD started
17/03/2021 04:41:45 PM - FxMainPage - INFO: -> from_search_goto_specific_currency started / CURRENCY = EUR/USD
17/03/2021 04:41:51 PM - FxMainPage - INFO: --> collecting_data_on_graph_MACD started
17/03/2021 04:41:56 PM - FxMainPage - INFO: -> from_search_goto_specific_currency started / CURRENCY = USD/JPY
17/03/2021 04:42:02 PM - FxMainPage - INFO: --> collecting_data_on_graph_MACD started
17/03/2021 04:42:07 PM - FxMainPage - INFO: -> from_search_goto_specific_currency started / CURRENCY = USD/CHF
17/03/2021 04:42:13 PM - FxMainPage - INFO: --> collecting_data_on_graph_MACD started
17/03/2021 04:42:18 PM - FxMainPage - INFO: -> from_search_goto_specific_currency started / CURRENCY = USD/CAD
17/03/2021 04:42:24 PM - FxMainPage - INFO: --> collecting_data_on_graph_MACD started
17/03/2021 04:42:28 PM - FxMainPage - INFO: -> from_search_goto_specific_currency started / CURRENCY = AUD/USD
17/03/2021 04:42:35 PM - FxMainPage - INFO: --> collecting_data_on_graph_MACD started
17/03/2021 04:42:39 PM - FxMainPage - INFO: -> from_search_goto_specific_currency started / CURRENCY = NZD/USD
17/03/2021 04:42:45 PM - FxMainPage - INFO: --> collecting_data_on_graph_MACD started
17/03/2021 04:46:31 PM - FxMainPage - INFO: -> close_position_CFD_ANY_auto_MACD started
17/03/2021 04:46:31 PM - FxMainPage - INFO: --> list_CFD_open_position started
17/03/2021 04:46:33 PM - FxMainPage - INFO: -> looping_check_currencies_MACD started
17/03/2021 04:46:34 PM - FxMainPage - INFO: -> from_search_goto_specific_currency started / CURRENCY = GBP/USD
17/03/2021 04:46:41 PM - FxMainPage - INFO: --> collecting_data_on_graph_MACD started
17/03/2021 04:46:45 PM - FxMainPage - INFO: -> from_search_goto_specific_currency started / CURRENCY = EUR/USD
17/03/2021 04:46:51 PM - FxMainPage - INFO: --> collecting_data_on_graph_MACD started
17/03/2021 04:46:56 PM - FxMainPage - INFO: -> from_search_goto_specific_currency started / CURRENCY = USD/JPY
17/03/2021 04:47:02 PM - FxMainPage - INFO: --> collecting_data_on_graph_MACD started
17/03/2021 04:47:06 PM - FxMainPage - INFO: -> from_search_goto_specific_currency started / CURRENCY = USD/CHF
17/03/2021 04:47:13 PM - FxMainPage - INFO: --> collecting_data_on_graph_MACD started
17/03/2021 04:47:17 PM - FxMainPage - INFO: -> from_search_goto_specific_currency started / CURRENCY = USD/CAD
17/03/2021 04:47:23 PM - FxMainPage - INFO: --> collecting_data_on_graph_MACD started
17/03/2021 04:47:27 PM - FxMainPage - INFO: -> from_search_goto_specific_currency started / CURRENCY = AUD/USD
17/03/2021 04:47:34 PM - FxMainPage - INFO: --> collecting_data_on_graph_MACD started
17/03/2021 04:47:38 PM - FxMainPage - INFO: -> from_search_goto_specific_currency started / CURRENCY = NZD/USD
17/03/2021 04:47:44 PM - FxMainPage - INFO: --> collecting_data_on_graph_MACD started
17/03/2021 04:51:31 PM - FxMainPage - INFO: -> close_position_CFD_ANY_auto_MACD started
17/03/2021 04:51:31 PM - FxMainPage - INFO: --> list_CFD_open_position started
17/03/2021 04:51:33 PM - FxMainPage - INFO: -> looping_check_currencies_MACD started
17/03/2021 04:51:34 PM - FxMainPage - INFO: -> from_search_goto_specific_currency started / CURRENCY = GBP/USD
17/03/2021 04:51:41 PM - FxMainPage - INFO: --> collecting_data_on_graph_MACD started
17/03/2021 04:51:45 PM - FxMainPage - INFO: -> from_search_goto_specific_currency started / CURRENCY = EUR/USD
17/03/2021 04:51:52 PM - FxMainPage - INFO: --> collecting_data_on_graph_MACD started
17/03/2021 04:51:56 PM - FxMainPage - INFO: -> from_search_goto_specific_currency started / CURRENCY = USD/JPY
17/03/2021 04:52:03 PM - FxMainPage - INFO: --> collecting_data_on_graph_MACD started
17/03/2021 04:52:07 PM - FxMainPage - INFO: -> from_search_goto_specific_currency started / CURRENCY = USD/CHF
17/03/2021 04:52:14 PM - FxMainPage - INFO: --> collecting_data_on_graph_MACD started
17/03/2021 04:52:18 PM - FxMainPage - INFO: -> from_search_goto_specific_currency started / CURRENCY = USD/CAD
17/03/2021 04:52:25 PM - FxMainPage - INFO: --> collecting_data_on_graph_MACD started
17/03/2021 04:52:29 PM - FxMainPage - INFO: -> from_search_goto_specific_currency started / CURRENCY = AUD/USD
17/03/2021 04:52:36 PM - FxMainPage - INFO: --> collecting_data_on_graph_MACD started
17/03/2021 04:52:40 PM - FxMainPage - INFO: -> from_search_goto_specific_currency started / CURRENCY = NZD/USD
17/03/2021 04:52:46 PM - FxMainPage - INFO: --> collecting_data_on_graph_MACD started
17/03/2021 04:56:31 PM - FxMainPage - INFO: -> close_position_CFD_ANY_auto_MACD started
17/03/2021 04:56:31 PM - FxMainPage - INFO: --> list_CFD_open_position started
17/03/2021 04:56:33 PM - FxMainPage - INFO: -> looping_check_currencies_MACD started
17/03/2021 04:56:34 PM - FxMainPage - INFO: -> from_search_goto_specific_currency started / CURRENCY = GBP/USD
17/03/2021 04:56:40 PM - FxMainPage - INFO: --> collecting_data_on_graph_MACD started
17/03/2021 04:56:45 PM - FxMainPage - INFO: -> from_search_goto_specific_currency started / CURRENCY = EUR/USD
17/03/2021 04:56:51 PM - FxMainPage - INFO: --> collecting_data_on_graph_MACD started
17/03/2021 04:56:56 PM - FxMainPage - INFO: -> from_search_goto_specific_currency started / CURRENCY = USD/JPY
17/03/2021 04:57:02 PM - FxMainPage - INFO: --> collecting_data_on_graph_MACD started
17/03/2021 04:57:07 PM - FxMainPage - INFO: -> from_search_goto_specific_currency started / CURRENCY = USD/CHF
17/03/2021 04:57:14 PM - FxMainPage - INFO: --> collecting_data_on_graph_MACD started
17/03/2021 04:57:18 PM - FxMainPage - INFO: -> from_search_goto_specific_currency started / CURRENCY = USD/CAD
17/03/2021 04:57:25 PM - FxMainPage - INFO: --> collecting_data_on_graph_MACD started
17/03/2021 04:57:29 PM - FxMainPage - INFO: -> from_search_goto_specific_currency started / CURRENCY = AUD/USD
17/03/2021 04:57:35 PM - FxMainPage - INFO: --> collecting_data_on_graph_MACD started
17/03/2021 04:57:40 PM - FxMainPage - INFO: -> from_search_goto_specific_currency started / CURRENCY = NZD/USD
17/03/2021 04:57:46 PM - FxMainPage - INFO: --> collecting_data_on_graph_MACD started
17/03/2021 05:01:31 PM - FxMainPage - INFO: -> close_position_CFD_ANY_auto_MACD started
17/03/2021 05:01:31 PM - FxMainPage - INFO: --> list_CFD_open_position started
17/03/2021 05:01:33 PM - FxMainPage - INFO: -> looping_check_currencies_MACD started
17/03/2021 05:01:35 PM - FxMainPage - INFO: -> from_search_goto_specific_currency started / CURRENCY = GBP/USD
17/03/2021 05:01:41 PM - FxMainPage - INFO: --> collecting_data_on_graph_MACD started
17/03/2021 05:01:46 PM - FxMainPage - INFO: -> from_search_goto_specific_currency started / CURRENCY = EUR/USD
17/03/2021 05:01:52 PM - FxMainPage - INFO: --> collecting_data_on_graph_MACD started
17/03/2021 05:01:57 PM - FxMainPage - INFO: -> from_search_goto_specific_currency started / CURRENCY = USD/JPY
17/03/2021 05:02:03 PM - FxMainPage - INFO: --> collecting_data_on_graph_MACD started
17/03/2021 05:02:07 PM - FxMainPage - INFO: -> from_search_goto_specific_currency started / CURRENCY = USD/CHF
17/03/2021 05:02:14 PM - FxMainPage - INFO: --> collecting_data_on_graph_MACD started
17/03/2021 05:02:18 PM - FxMainPage - INFO: -> from_search_goto_specific_currency started / CURRENCY = USD/CAD
17/03/2021 05:02:25 PM - FxMainPage - INFO: --> collecting_data_on_graph_MACD started
17/03/2021 05:02:29 PM - FxMainPage - INFO: -> from_search_goto_specific_currency started / CURRENCY = AUD/USD
17/03/2021 05:02:35 PM - FxMainPage - INFO: --> collecting_data_on_graph_MACD started
17/03/2021 05:02:40 PM - FxMainPage - INFO: -> from_search_goto_specific_currency started / CURRENCY = NZD/USD
17/03/2021 05:02:46 PM - FxMainPage - INFO: --> collecting_data_on_graph_MACD started
17/03/2021 05:06:31 PM - FxMainPage - INFO: -> close_position_CFD_ANY_auto_MACD started
17/03/2021 05:06:31 PM - FxMainPage - INFO: --> list_CFD_open_position started
17/03/2021 05:06:33 PM - FxMainPage - INFO: -> looping_check_currencies_MACD started
17/03/2021 05:06:34 PM - FxMainPage - INFO: -> from_search_goto_specific_currency started / CURRENCY = GBP/USD
17/03/2021 05:06:40 PM - FxMainPage - INFO: --> collecting_data_on_graph_MACD started
17/03/2021 05:06:45 PM - FxMainPage - INFO: -> from_search_goto_specific_currency started / CURRENCY = EUR/USD
17/03/2021 05:06:52 PM - FxMainPage - INFO: --> collecting_data_on_graph_MACD started
17/03/2021 05:06:56 PM - FxMainPage - INFO: -> from_search_goto_specific_currency started / CURRENCY = USD/JPY
17/03/2021 05:07:03 PM - FxMainPage - INFO: --> collecting_data_on_graph_MACD started
17/03/2021 05:07:07 PM - FxMainPage - INFO: -> from_search_goto_specific_currency started / CURRENCY = USD/CHF
17/03/2021 05:07:13 PM - FxMainPage - INFO: --> collecting_data_on_graph_MACD started
17/03/2021 05:07:18 PM - FxMainPage - INFO: -> from_search_goto_specific_currency started / CURRENCY = USD/CAD
17/03/2021 05:07:24 PM - FxMainPage - INFO: --> collecting_data_on_graph_MACD started
17/03/2021 05:07:28 PM - FxMainPage - INFO: -> from_search_goto_specific_currency started / CURRENCY = AUD/USD
17/03/2021 05:07:35 PM - FxMainPage - INFO: --> collecting_data_on_graph_MACD started
17/03/2021 05:07:39 PM - FxMainPage - INFO: -> from_search_goto_specific_currency started / CURRENCY = NZD/USD
17/03/2021 05:07:45 PM - FxMainPage - INFO: --> collecting_data_on_graph_MACD started
17/03/2021 05:11:31 PM - FxMainPage - INFO: -> close_position_CFD_ANY_auto_MACD started
17/03/2021 05:11:31 PM - FxMainPage - INFO: --> list_CFD_open_position started
17/03/2021 05:11:33 PM - FxMainPage - INFO: -> looping_check_currencies_MACD started
17/03/2021 05:11:34 PM - FxMainPage - INFO: -> from_search_goto_specific_currency started / CURRENCY = GBP/USD
17/03/2021 05:11:40 PM - FxMainPage - INFO: --> collecting_data_on_graph_MACD started
17/03/2021 05:11:44 PM - FxMainPage - INFO: -> from_search_goto_specific_currency started / CURRENCY = EUR/USD
17/03/2021 05:11:51 PM - FxMainPage - INFO: --> collecting_data_on_graph_MACD started
17/03/2021 05:11:55 PM - FxMainPage - INFO: -> from_search_goto_specific_currency started / CURRENCY = USD/JPY
17/03/2021 05:12:01 PM - FxMainPage - INFO: --> collecting_data_on_graph_MACD started
17/03/2021 05:12:06 PM - FxMainPage - INFO: -> from_search_goto_specific_currency started / CURRENCY = USD/CHF
17/03/2021 05:12:12 PM - FxMainPage - INFO: --> collecting_data_on_graph_MACD started
17/03/2021 05:12:17 PM - FxMainPage - INFO: -> from_search_goto_specific_currency started / CURRENCY = USD/CAD
17/03/2021 05:12:23 PM - FxMainPage - INFO: --> collecting_data_on_graph_MACD started
17/03/2021 05:12:27 PM - FxMainPage - INFO: -> from_search_goto_specific_currency started / CURRENCY = AUD/USD
17/03/2021 05:12:34 PM - FxMainPage - INFO: --> collecting_data_on_graph_MACD started
17/03/2021 05:12:38 PM - FxMainPage - INFO: -> from_search_goto_specific_currency started / CURRENCY = NZD/USD
17/03/2021 05:12:44 PM - FxMainPage - INFO: --> collecting_data_on_graph_MACD started
17/03/2021 05:16:31 PM - FxMainPage - INFO: -> close_position_CFD_ANY_auto_MACD started
17/03/2021 05:16:31 PM - FxMainPage - INFO: --> list_CFD_open_position started
17/03/2021 05:16:33 PM - FxMainPage - INFO: -> looping_check_currencies_MACD started
17/03/2021 05:16:34 PM - FxMainPage - INFO: -> from_search_goto_specific_currency started / CURRENCY = GBP/USD
17/03/2021 05:16:41 PM - FxMainPage - INFO: --> collecting_data_on_graph_MACD started
17/03/2021 05:16:45 PM - FxMainPage - INFO: -> from_search_goto_specific_currency started / CURRENCY = EUR/USD
17/03/2021 05:16:52 PM - FxMainPage - INFO: --> collecting_data_on_graph_MACD started
17/03/2021 05:16:56 PM - FxMainPage - INFO: -> from_search_goto_specific_currency started / CURRENCY = USD/JPY
17/03/2021 05:17:03 PM - FxMainPage - INFO: --> collecting_data_on_graph_MACD started
17/03/2021 05:17:07 PM - FxMainPage - INFO: -> from_search_goto_specific_currency started / CURRENCY = USD/CHF
17/03/2021 05:17:14 PM - FxMainPage - INFO: --> collecting_data_on_graph_MACD started
17/03/2021 05:17:18 PM - FxMainPage - INFO: -> from_search_goto_specific_currency started / CURRENCY = USD/CAD
17/03/2021 05:17:24 PM - FxMainPage - INFO: --> collecting_data_on_graph_MACD started
17/03/2021 05:17:29 PM - FxMainPage - INFO: -> from_search_goto_specific_currency started / CURRENCY = AUD/USD
17/03/2021 05:17:35 PM - FxMainPage - INFO: --> collecting_data_on_graph_MACD started
17/03/2021 05:17:40 PM - FxMainPage - INFO: -> from_search_goto_specific_currency started / CURRENCY = NZD/USD
17/03/2021 05:17:47 PM - FxMainPage - INFO: --> collecting_data_on_graph_MACD started
17/03/2021 05:21:31 PM - FxMainPage - INFO: -> close_position_CFD_ANY_auto_MACD started
17/03/2021 05:21:31 PM - FxMainPage - INFO: --> list_CFD_open_position started
17/03/2021 05:21:33 PM - FxMainPage - INFO: -> looping_check_currencies_MACD started
17/03/2021 05:21:34 PM - FxMainPage - INFO: -> from_search_goto_specific_currency started / CURRENCY = GBP/USD
17/03/2021 05:21:41 PM - FxMainPage - INFO: --> collecting_data_on_graph_MACD started
17/03/2021 05:21:45 PM - FxMainPage - INFO: -> from_search_goto_specific_currency started / CURRENCY = EUR/USD
17/03/2021 05:21:52 PM - FxMainPage - INFO: --> collecting_data_on_graph_MACD started
17/03/2021 05:21:56 PM - FxMainPage - INFO: -> from_search_goto_specific_currency started / CURRENCY = USD/JPY
17/03/2021 05:22:03 PM - FxMainPage - INFO: --> collecting_data_on_graph_MACD started
17/03/2021 05:22:07 PM - FxMainPage - INFO: -> from_search_goto_specific_currency started / CURRENCY = USD/CHF
17/03/2021 05:22:13 PM - FxMainPage - INFO: --> collecting_data_on_graph_MACD started
17/03/2021 05:22:18 PM - FxMainPage - INFO: -> from_search_goto_specific_currency started / CURRENCY = USD/CAD
17/03/2021 05:22:24 PM - FxMainPage - INFO: --> collecting_data_on_graph_MACD started
17/03/2021 05:22:29 PM - FxMainPage - INFO: -> from_search_goto_specific_currency started / CURRENCY = AUD/USD
17/03/2021 05:22:35 PM - FxMainPage - INFO: --> collecting_data_on_graph_MACD started
17/03/2021 05:22:39 PM - FxMainPage - INFO: -> from_search_goto_specific_currency started / CURRENCY = NZD/USD
17/03/2021 05:22:46 PM - FxMainPage - INFO: --> collecting_data_on_graph_MACD started
17/03/2021 05:26:31 PM - FxMainPage - INFO: -> close_position_CFD_ANY_auto_MACD started
17/03/2021 05:26:31 PM - FxMainPage - INFO: --> list_CFD_open_position started
17/03/2021 05:26:33 PM - FxMainPage - INFO: -> looping_check_currencies_MACD started
17/03/2021 05:26:35 PM - FxMainPage - INFO: -> from_search_goto_specific_currency started / CURRENCY = GBP/USD
17/03/2021 05:26:41 PM - FxMainPage - INFO: --> collecting_data_on_graph_MACD started
17/03/2021 05:26:46 PM - FxMainPage - INFO: -> from_search_goto_specific_currency started / CURRENCY = EUR/USD
17/03/2021 05:26:53 PM - FxMainPage - INFO: --> collecting_data_on_graph_MACD started
17/03/2021 05:26:57 PM - FxMainPage - INFO: -> from_search_goto_specific_currency started / CURRENCY = USD/JPY
17/03/2021 05:27:05 PM - FxMainPage - INFO: --> collecting_data_on_graph_MACD started
17/03/2021 05:27:09 PM - FxMainPage - INFO: -> from_search_goto_specific_currency started / CURRENCY = USD/CHF
17/03/2021 05:27:16 PM - FxMainPage - INFO: --> collecting_data_on_graph_MACD started
17/03/2021 05:27:20 PM - FxMainPage - INFO: -> from_search_goto_specific_currency started / CURRENCY = USD/CAD
17/03/2021 05:27:27 PM - FxMainPage - INFO: --> collecting_data_on_graph_MACD started
17/03/2021 05:27:31 PM - FxMainPage - INFO: -> from_search_goto_specific_currency started / CURRENCY = AUD/USD
17/03/2021 05:27:37 PM - FxMainPage - INFO: --> collecting_data_on_graph_MACD started
17/03/2021 05:27:42 PM - FxMainPage - INFO: -> from_search_goto_specific_currency started / CURRENCY = NZD/USD
17/03/2021 05:27:48 PM - FxMainPage - INFO: --> collecting_data_on_graph_MACD started
17/03/2021 05:31:31 PM - FxMainPage - INFO: -> close_position_CFD_ANY_auto_MACD started
17/03/2021 05:31:31 PM - FxMainPage - INFO: --> list_CFD_open_position started
17/03/2021 05:31:32 PM - FxMainPage - INFO: -> looping_check_currencies_MACD started
17/03/2021 05:31:34 PM - FxMainPage - INFO: -> from_search_goto_specific_currency started / CURRENCY = GBP/USD
17/03/2021 05:31:41 PM - FxMainPage - INFO: --> collecting_data_on_graph_MACD started
17/03/2021 05:31:45 PM - FxMainPage - INFO: -> from_search_goto_specific_currency started / CURRENCY = EUR/USD
17/03/2021 05:31:51 PM - FxMainPage - INFO: --> collecting_data_on_graph_MACD started
17/03/2021 05:31:56 PM - FxMainPage - INFO: -> from_search_goto_specific_currency started / CURRENCY = USD/JPY
17/03/2021 05:32:02 PM - FxMainPage - INFO: --> collecting_data_on_graph_MACD started
17/03/2021 05:32:07 PM - FxMainPage - INFO: -> from_search_goto_specific_currency started / CURRENCY = USD/CHF
17/03/2021 05:32:13 PM - FxMainPage - INFO: --> collecting_data_on_graph_MACD started
17/03/2021 05:32:18 PM - FxMainPage - INFO: -> from_search_goto_specific_currency started / CURRENCY = USD/CAD
17/03/2021 05:32:24 PM - FxMainPage - INFO: --> collecting_data_on_graph_MACD started
17/03/2021 05:32:28 PM - FxMainPage - INFO: -> from_search_goto_specific_currency started / CURRENCY = AUD/USD
17/03/2021 05:32:35 PM - FxMainPage - INFO: --> collecting_data_on_graph_MACD started
17/03/2021 05:32:39 PM - FxMainPage - INFO: -> from_search_goto_specific_currency started / CURRENCY = NZD/USD
17/03/2021 05:32:46 PM - FxMainPage - INFO: --> collecting_data_on_graph_MACD started
17/03/2021 05:36:31 PM - FxMainPage - INFO: -> close_position_CFD_ANY_auto_MACD started
17/03/2021 05:36:31 PM - FxMainPage - INFO: --> list_CFD_open_position started
17/03/2021 05:36:33 PM - FxMainPage - INFO: -> looping_check_currencies_MACD started
17/03/2021 05:36:34 PM - FxMainPage - INFO: -> from_search_goto_specific_currency started / CURRENCY = GBP/USD
17/03/2021 05:36:41 PM - FxMainPage - INFO: --> collecting_data_on_graph_MACD started
17/03/2021 05:36:45 PM - FxMainPage - INFO: -> from_search_goto_specific_currency started / CURRENCY = EUR/USD
17/03/2021 05:36:52 PM - FxMainPage - INFO: --> collecting_data_on_graph_MACD started
17/03/2021 05:36:56 PM - FxMainPage - INFO: -> from_search_goto_specific_currency started / CURRENCY = USD/JPY
17/03/2021 05:37:02 PM - FxMainPage - INFO: --> collecting_data_on_graph_MACD started
17/03/2021 05:37:07 PM - FxMainPage - INFO: -> from_search_goto_specific_currency started / CURRENCY = USD/CHF
17/03/2021 05:37:13 PM - FxMainPage - INFO: --> collecting_data_on_graph_MACD started
17/03/2021 05:37:18 PM - FxMainPage - INFO: -> from_search_goto_specific_currency started / CURRENCY = USD/CAD
17/03/2021 05:37:24 PM - FxMainPage - INFO: --> collecting_data_on_graph_MACD started
17/03/2021 05:37:29 PM - FxMainPage - INFO: -> from_search_goto_specific_currency started / CURRENCY = AUD/USD
17/03/2021 05:37:35 PM - FxMainPage - INFO: --> collecting_data_on_graph_MACD started
17/03/2021 05:37:40 PM - FxMainPage - INFO: -> from_search_goto_specific_currency started / CURRENCY = NZD/USD
17/03/2021 05:37:46 PM - FxMainPage - INFO: --> collecting_data_on_graph_MACD started
