10/02/2021 04:40:29 PM - FxMainPage - INFO: -> autologin_maxwindows started
10/02/2021 04:40:29 PM - FxMainPage - INFO: --> Trading212 user = xixa01@yahoo.co.uk
10/02/2021 04:40:34 PM - FxMainPage - INFO: --> close_popup_ask_upload_docs started
10/02/2021 04:40:36 PM - FxMainPage - INFO: --> mode_live_or_demo started // Mode = Practice
10/02/2021 04:40:37 PM - FxMainPage - INFO: -> close_position_CFD_ANY_auto started
10/02/2021 04:40:37 PM - FxMainPage - INFO: --> list_CFD_open_position started
10/02/2021 04:40:43 PM - FxMainPage - INFO: -> looping_check_currencies started
10/02/2021 04:40:44 PM - FxMainPage - INFO: -> from_search_goto_specific_currency started / CURRENCY = EUR/USD
10/02/2021 04:40:51 PM - FxMainPage - INFO: --> collecting_data_on_graph started
10/02/2021 04:40:58 PM - FxMainPage - INFO: -> from_search_goto_specific_currency started / CURRENCY = AUD/USD
10/02/2021 04:41:03 PM - FxMainPage - INFO: --> collecting_data_on_graph started
10/02/2021 04:41:10 PM - FxMainPage - INFO: -> looping_check_currencies started
10/02/2021 04:41:10 PM - FxMainPage - INFO: -> from_search_goto_specific_currency started / CURRENCY = EUR/USD
10/02/2021 04:41:16 PM - FxMainPage - INFO: --> collecting_data_on_graph started
10/02/2021 04:41:22 PM - FxMainPage - INFO: -> from_search_goto_specific_currency started / CURRENCY = AUD/USD
10/02/2021 04:41:28 PM - FxMainPage - INFO: --> collecting_data_on_graph started
10/02/2021 04:44:04 PM - FxMainPage - INFO: -> close_position_CFD_ANY_auto started
10/02/2021 04:44:04 PM - FxMainPage - INFO: --> list_CFD_open_position started
10/02/2021 04:44:07 PM - FxMainPage - INFO: -> looping_check_currencies started
10/02/2021 04:44:08 PM - FxMainPage - INFO: -> from_search_goto_specific_currency started / CURRENCY = EUR/USD
10/02/2021 04:44:13 PM - FxMainPage - INFO: --> collecting_data_on_graph started
10/02/2021 04:44:20 PM - FxMainPage - INFO: -> from_search_goto_specific_currency started / CURRENCY = AUD/USD
10/02/2021 04:44:25 PM - FxMainPage - INFO: --> collecting_data_on_graph started
10/02/2021 04:44:32 PM - FxMainPage - INFO: -> looping_check_currencies started
10/02/2021 04:44:32 PM - FxMainPage - INFO: -> from_search_goto_specific_currency started / CURRENCY = EUR/USD
10/02/2021 04:44:38 PM - FxMainPage - INFO: --> collecting_data_on_graph started
10/02/2021 04:44:44 PM - FxMainPage - INFO: -> from_search_goto_specific_currency started / CURRENCY = AUD/USD
10/02/2021 04:44:50 PM - FxMainPage - INFO: --> collecting_data_on_graph started
10/02/2021 04:47:26 PM - FxMainPage - INFO: -> close_position_CFD_ANY_auto started
10/02/2021 04:47:26 PM - FxMainPage - INFO: --> list_CFD_open_position started
10/02/2021 04:47:29 PM - FxMainPage - INFO: -> looping_check_currencies started
10/02/2021 04:47:31 PM - FxMainPage - INFO: -> from_search_goto_specific_currency started / CURRENCY = EUR/USD
10/02/2021 04:47:36 PM - FxMainPage - INFO: --> collecting_data_on_graph started
10/02/2021 04:47:42 PM - FxMainPage - INFO: -> from_search_goto_specific_currency started / CURRENCY = AUD/USD
10/02/2021 04:47:48 PM - FxMainPage - INFO: --> collecting_data_on_graph started
10/02/2021 04:47:54 PM - FxMainPage - INFO: -> looping_check_currencies started
10/02/2021 04:47:55 PM - FxMainPage - INFO: -> from_search_goto_specific_currency started / CURRENCY = EUR/USD
10/02/2021 04:48:01 PM - FxMainPage - INFO: --> collecting_data_on_graph started
10/02/2021 04:48:07 PM - FxMainPage - INFO: -> from_search_goto_specific_currency started / CURRENCY = AUD/USD
10/02/2021 04:48:12 PM - FxMainPage - INFO: --> collecting_data_on_graph started
10/02/2021 04:48:19 PM - FxMainPage - INFO: --> buy_stock started
10/02/2021 04:48:19 PM - FxMainPage - INFO: --> open_stock_dialog started
10/02/2021 04:48:22 PM - FxMainPage - INFO: --> script_click_xpath started
10/02/2021 04:48:24 PM - FxMainPage - INFO: --> buy started
10/02/2021 04:50:56 PM - FxMainPage - INFO: -> close_position_CFD_ANY_auto started
10/02/2021 04:50:56 PM - FxMainPage - INFO: --> list_CFD_open_position started
10/02/2021 04:50:59 PM - FxMainPage - INFO: -> looping_check_currencies started
10/02/2021 04:51:00 PM - FxMainPage - INFO: -> from_search_goto_specific_currency started / CURRENCY = EUR/USD
10/02/2021 04:51:06 PM - FxMainPage - INFO: --> collecting_data_on_graph started
10/02/2021 04:51:12 PM - FxMainPage - INFO: -> looping_check_currencies started
10/02/2021 04:51:12 PM - FxMainPage - INFO: -> from_search_goto_specific_currency started / CURRENCY = EUR/USD
10/02/2021 04:51:18 PM - FxMainPage - INFO: --> collecting_data_on_graph started
10/02/2021 04:53:54 PM - FxMainPage - INFO: -> close_position_CFD_ANY_auto started
10/02/2021 04:53:54 PM - FxMainPage - INFO: --> list_CFD_open_position started
10/02/2021 04:53:58 PM - FxMainPage - INFO: -> looping_check_currencies started
10/02/2021 04:53:59 PM - FxMainPage - INFO: -> from_search_goto_specific_currency started / CURRENCY = EUR/USD
10/02/2021 04:54:04 PM - FxMainPage - INFO: --> collecting_data_on_graph started
10/02/2021 04:54:11 PM - FxMainPage - INFO: -> looping_check_currencies started
10/02/2021 04:54:11 PM - FxMainPage - INFO: -> from_search_goto_specific_currency started / CURRENCY = EUR/USD
10/02/2021 04:54:17 PM - FxMainPage - INFO: --> collecting_data_on_graph started
10/02/2021 04:56:55 PM - FxMainPage - INFO: -> close_position_CFD_ANY_auto started
10/02/2021 04:56:55 PM - FxMainPage - INFO: --> list_CFD_open_position started
10/02/2021 04:56:58 PM - FxMainPage - INFO: -> looping_check_currencies started
10/02/2021 04:57:00 PM - FxMainPage - INFO: -> from_search_goto_specific_currency started / CURRENCY = EUR/USD
10/02/2021 04:57:05 PM - FxMainPage - INFO: --> collecting_data_on_graph started
10/02/2021 04:57:11 PM - FxMainPage - INFO: -> from_search_goto_specific_currency started / CURRENCY = USD/CAD
10/02/2021 04:57:17 PM - FxMainPage - INFO: --> collecting_data_on_graph started
10/02/2021 04:57:23 PM - FxMainPage - INFO: -> looping_check_currencies started
10/02/2021 04:57:24 PM - FxMainPage - INFO: -> from_search_goto_specific_currency started / CURRENCY = EUR/USD
10/02/2021 04:57:29 PM - FxMainPage - INFO: --> collecting_data_on_graph started
10/02/2021 04:57:36 PM - FxMainPage - INFO: -> from_search_goto_specific_currency started / CURRENCY = USD/CAD
10/02/2021 04:57:41 PM - FxMainPage - INFO: --> collecting_data_on_graph started
10/02/2021 04:57:48 PM - FxMainPage - INFO: --> buy_stock started
10/02/2021 04:57:48 PM - FxMainPage - INFO: --> open_stock_dialog started
10/02/2021 04:57:51 PM - FxMainPage - INFO: --> script_click_xpath started
10/02/2021 04:57:53 PM - FxMainPage - INFO: --> buy started
10/02/2021 05:00:25 PM - FxMainPage - INFO: -> close_position_CFD_ANY_auto started
10/02/2021 05:00:25 PM - FxMainPage - INFO: --> list_CFD_open_position started
10/02/2021 05:00:28 PM - FxMainPage - INFO: -> looping_check_currencies started
10/02/2021 05:00:30 PM - FxMainPage - INFO: -> from_search_goto_specific_currency started / CURRENCY = USD/CAD
10/02/2021 05:00:35 PM - FxMainPage - INFO: --> collecting_data_on_graph started
10/02/2021 05:00:42 PM - FxMainPage - INFO: -> looping_check_currencies started
10/02/2021 05:00:42 PM - FxMainPage - INFO: -> from_search_goto_specific_currency started / CURRENCY = USD/CAD
10/02/2021 05:00:48 PM - FxMainPage - INFO: --> collecting_data_on_graph started
10/02/2021 05:03:24 PM - FxMainPage - INFO: -> close_position_CFD_ANY_auto started
10/02/2021 05:03:24 PM - FxMainPage - INFO: --> list_CFD_open_position started
10/02/2021 05:03:28 PM - FxMainPage - INFO: -> looping_check_currencies started
10/02/2021 05:03:29 PM - FxMainPage - INFO: -> from_search_goto_specific_currency started / CURRENCY = USD/CAD
10/02/2021 05:03:35 PM - FxMainPage - INFO: --> collecting_data_on_graph started
10/02/2021 05:03:42 PM - FxMainPage - INFO: -> looping_check_currencies started
10/02/2021 05:03:42 PM - FxMainPage - INFO: -> from_search_goto_specific_currency started / CURRENCY = USD/CAD
10/02/2021 05:03:48 PM - FxMainPage - INFO: --> collecting_data_on_graph started
10/02/2021 05:03:57 PM - FxMainPage - INFO: --> buy_stock started
10/02/2021 05:03:57 PM - FxMainPage - INFO: --> open_stock_dialog started
10/02/2021 05:04:00 PM - FxMainPage - INFO: --> script_click_xpath started
10/02/2021 05:04:01 PM - FxMainPage - INFO: --> buy started
10/02/2021 05:06:33 PM - FxMainPage - INFO: -> close_position_CFD_ANY_auto started
10/02/2021 05:06:33 PM - FxMainPage - INFO: --> list_CFD_open_position started
10/02/2021 05:06:37 PM - FxMainPage - INFO: -> looping_check_currencies started
10/02/2021 05:06:38 PM - FxMainPage - INFO: -> from_search_goto_specific_currency started / CURRENCY = AUD/USD
10/02/2021 05:06:43 PM - FxMainPage - INFO: --> collecting_data_on_graph started
10/02/2021 05:06:50 PM - FxMainPage - INFO: -> looping_check_currencies started
10/02/2021 05:06:50 PM - FxMainPage - INFO: -> from_search_goto_specific_currency started / CURRENCY = AUD/USD
10/02/2021 05:06:56 PM - FxMainPage - INFO: --> collecting_data_on_graph started
10/02/2021 05:09:32 PM - FxMainPage - INFO: -> close_position_CFD_ANY_auto started
10/02/2021 05:09:32 PM - FxMainPage - INFO: --> list_CFD_open_position started
10/02/2021 05:09:36 PM - FxMainPage - INFO: -> looping_check_currencies started
10/02/2021 05:09:37 PM - FxMainPage - INFO: -> from_search_goto_specific_currency started / CURRENCY = AUD/USD
10/02/2021 05:09:42 PM - FxMainPage - INFO: --> collecting_data_on_graph started
10/02/2021 05:09:49 PM - FxMainPage - INFO: -> looping_check_currencies started
10/02/2021 05:09:49 PM - FxMainPage - INFO: -> from_search_goto_specific_currency started / CURRENCY = AUD/USD
10/02/2021 05:09:54 PM - FxMainPage - INFO: --> collecting_data_on_graph started
10/02/2021 05:10:01 PM - FxMainPage - INFO: --> sell_stock started
10/02/2021 05:10:01 PM - FxMainPage - INFO: --> open_stock_dialog started
10/02/2021 05:10:04 PM - FxMainPage - INFO: --> script_click_xpath started
10/02/2021 05:10:06 PM - FxMainPage - INFO: --> sell started
10/02/2021 05:10:06 PM - FxMainPage - INFO: --> buy started
10/02/2021 05:12:38 PM - FxMainPage - INFO: -> close_position_CFD_ANY_auto started
10/02/2021 05:12:38 PM - FxMainPage - INFO: --> list_CFD_open_position started
10/02/2021 05:15:12 PM - FxMainPage - INFO: -> close_position_CFD_ANY_auto started
10/02/2021 05:15:12 PM - FxMainPage - INFO: --> list_CFD_open_position started
10/02/2021 05:17:45 PM - FxMainPage - INFO: -> close_position_CFD_ANY_auto started
10/02/2021 05:17:45 PM - FxMainPage - INFO: --> list_CFD_open_position started
10/02/2021 05:20:19 PM - FxMainPage - INFO: -> close_position_CFD_ANY_auto started
10/02/2021 05:20:19 PM - FxMainPage - INFO: --> list_CFD_open_position started
10/02/2021 05:22:53 PM - FxMainPage - INFO: -> close_position_CFD_ANY_auto started
10/02/2021 05:22:53 PM - FxMainPage - INFO: --> list_CFD_open_position started
10/02/2021 05:25:26 PM - FxMainPage - INFO: -> close_position_CFD_ANY_auto started
10/02/2021 05:25:26 PM - FxMainPage - INFO: --> list_CFD_open_position started
10/02/2021 05:28:00 PM - FxMainPage - INFO: -> close_position_CFD_ANY_auto started
10/02/2021 05:28:00 PM - FxMainPage - INFO: --> list_CFD_open_position started
10/02/2021 05:30:34 PM - FxMainPage - INFO: -> close_position_CFD_ANY_auto started
10/02/2021 05:30:34 PM - FxMainPage - INFO: --> list_CFD_open_position started
10/02/2021 05:33:08 PM - FxMainPage - INFO: -> close_position_CFD_ANY_auto started
10/02/2021 05:33:08 PM - FxMainPage - INFO: --> list_CFD_open_position started
10/02/2021 05:35:41 PM - FxMainPage - INFO: -> close_position_CFD_ANY_auto started
10/02/2021 05:35:41 PM - FxMainPage - INFO: --> list_CFD_open_position started
10/02/2021 05:38:15 PM - FxMainPage - INFO: -> close_position_CFD_ANY_auto started
10/02/2021 05:38:15 PM - FxMainPage - INFO: --> list_CFD_open_position started
10/02/2021 05:40:49 PM - FxMainPage - INFO: -> close_position_CFD_ANY_auto started
10/02/2021 05:40:49 PM - FxMainPage - INFO: --> list_CFD_open_position started
10/02/2021 05:43:23 PM - FxMainPage - INFO: -> close_position_CFD_ANY_auto started
10/02/2021 05:43:23 PM - FxMainPage - INFO: --> list_CFD_open_position started
10/02/2021 05:45:56 PM - FxMainPage - INFO: -> close_position_CFD_ANY_auto started
10/02/2021 05:45:56 PM - FxMainPage - INFO: --> list_CFD_open_position started
10/02/2021 05:48:30 PM - FxMainPage - INFO: -> close_position_CFD_ANY_auto started
10/02/2021 05:48:30 PM - FxMainPage - INFO: --> list_CFD_open_position started
10/02/2021 05:51:04 PM - FxMainPage - INFO: -> close_position_CFD_ANY_auto started
10/02/2021 05:51:04 PM - FxMainPage - INFO: --> list_CFD_open_position started
10/02/2021 05:53:37 PM - FxMainPage - INFO: -> close_position_CFD_ANY_auto started
10/02/2021 05:53:37 PM - FxMainPage - INFO: --> list_CFD_open_position started
10/02/2021 05:56:13 PM - FxMainPage - INFO: -> close_position_CFD_ANY_auto started
10/02/2021 05:56:13 PM - FxMainPage - INFO: --> list_CFD_open_position started
10/02/2021 05:56:17 PM - FxMainPage - INFO: -> looping_check_currencies started
10/02/2021 05:56:18 PM - FxMainPage - INFO: -> from_search_goto_specific_currency started / CURRENCY = AUD/USD
10/02/2021 05:56:24 PM - FxMainPage - INFO: --> collecting_data_on_graph started
10/02/2021 05:56:30 PM - FxMainPage - INFO: -> looping_check_currencies started
10/02/2021 05:56:31 PM - FxMainPage - INFO: -> from_search_goto_specific_currency started / CURRENCY = AUD/USD
10/02/2021 05:56:36 PM - FxMainPage - INFO: --> collecting_data_on_graph started
10/02/2021 05:56:43 PM - FxMainPage - INFO: --> buy_stock started
10/02/2021 05:56:43 PM - FxMainPage - INFO: --> open_stock_dialog started
10/02/2021 05:56:46 PM - FxMainPage - INFO: --> script_click_xpath started
10/02/2021 05:56:47 PM - FxMainPage - INFO: --> buy started
