PC-TALIBR2+cromox@PC-TALIBR2 /cygdrive/c/Users/cromox/PycharmProjects/Trading212/Forex_CFD/run_full_auto_nonstop
$ python run_continously_MACD_anyuser.py
Browser ( chrome ) version = 90.0.4430.85
Trading212 user =  mycromox@gmail.com
Mode use =  Practice

# No_Instruments = 2 // NOW 2021-04-23 08:10:57 GMT+0100 // DFD = ▒145.29 // Total_Fund = ▒145.58 // Free_Fund = ▒114.71 // Live_Result = ▒0.29
1 ) name = AUD/USD / quantity = 546 / direction = BUY / averagePrice = 0.7738900 / currentPrice = 0.77311 / margin = 15.21 / ppl = -0.32 /
2 ) name = EUR/USD / quantity = 542 / direction = BUY / averagePrice = 1.2023100 / currentPrice = 1.20376 / margin = 15.66 / ppl = 0.61 /

### Scanning Data Result ( SMA = 25  / tperiod = 5 minutes ) ###
1 ) GBP/USD # MACD: [-1, 0, 0, 0, 0, 1, 1] (HAD_0.00021) / 0.00001[-3] 0.00010[-2] 0.00016[-1] // POINT = 1
2 ) EUR/USD # MACD: [0, 0, 0, 1, 1, 1, 1] (HAD_0.00016) / 0.00008[-3] 0.00011[-2] 0.00012[-1] // POINT = 1
3 ) USD/JPY # MACD: [1, 0, 0, 0, 0, -1, 0] (HAD_0.01075) / -0.00317[-3] -0.00365[-2] -0.00280[-1] / MACD_low1 = -0.00365[-2] // POINT = -5
4 ) USD/CHF # MACD: [1, 0, 0, 0, -1, -1, -1] (HAD_0.00013) / -0.00004[-3] -0.00007[-2] -0.00008[-1] // POINT = -1
5 ) USD/CAD # MACD: [1, 0, 1, 1, 1, 0, 0] (HAD_0.00016) / 0.00005[-3] 0.00001[-2] -0.00001[-1] / MACD_high8 = 0.00001[-2] // POINT = 3
6 ) AUD/USD # MACD: [-1, -1, 0, 0, 0, 0, 0] (HAD_0.00014) / -0.00000[-3] 0.00002[-2] 0.00002[-1] // POINT = 0
7 ) NZD/USD # MACD: [-1, 0, 0, 0, 0, 0, 0] (HAD_0.00014) / -0.00001[-3] 0.00000[-2] 0.00001[-1] // POINT = 0

1) BUYSELL_INSTRUMENT // BUY # IF POINT < -6  / SELL # IF POINT > 6
 - > BUYSELL_POINT = {'GBP/USD': 1, 'EUR/USD': 1, 'USD/JPY': -5, 'USD/CHF': -1, 'USD/CAD': 3, 'AUD/USD': 0, 'NZD/USD': 0}
 -- > LIMIT = 3 // CURRENT_TRADE = 2 // AVAILABLE = 1 // TO_ADD = 0 :: LIST =  []
 --- > # NOTHING TO ADD - NO Currency MEET the requirement for current Forex_Trading
2) CLOSE_POSITION // BECAUSE CHANGE_DIRECTION: BUY > 2 / SELL < -2
 - > OPEN_POSITION = {'AUD/USD': -0.32, 'EUR/USD': 0.61}
  -- >  AUD/USD  # DIRECTION = BUY / CURRENT_DIRECTION_POINT = 0 # - > BUY BUT NO DIRECTION CURRENTLY!!!
  -- >  EUR/USD  # DIRECTION = BUY / CURRENT_DIRECTION_POINT = 1 # - > RIGHT DIRECTION
    - > TO CLOSE # EUR/USD // ACHIEVED Target Hard_Profit ( > 0.51 ) = 0.61

SCRIPTS HAS RUN FOR 78 secs, WILL RUN AGAIN AT : 2021-04-23 08:16:31 GMT+0100 ( NOW = 2021-04-23 08:12:15 GMT+0100 / in 256 secs )

# No_Instruments = 1 // NOW 2021-04-23 08:16:32 GMT+0100 // DFD = ▒145.94 // Total_Fund = ▒145.77 // Free_Fund = ▒130.56 // Live_Result = -▒0.17
1 ) name = AUD/USD / quantity = 546 / direction = BUY / averagePrice = 0.7738900 / currentPrice = 0.77343 / margin = 15.21 / ppl = -0.17 /

### Scanning Data Result ( SMA = 25  / tperiod = 5 minutes ) ###
1 ) GBP/USD # MACD: [0, 0, 0, 0, 1, 1, 2] (HAD_0.00021) / 0.00010[-3] 0.00020[-2] 0.00026[-1] // POINT = 2
2 ) EUR/USD # MACD: [0, 0, 1, 1, 1, 1, 2] (HAD_0.00016) / 0.00011[-3] 0.00014[-2] 0.00017[-1] // POINT = 2
3 ) USD/JPY # MACD: [0, 0, 0, 0, -1, 0, 0] (HAD_0.01075) / -0.00365[-3] -0.00319[-2] -0.00100[-1] / MACD_low3 = -0.00365[-3] -0.00317[-4] // POINT = -3
4 ) USD/CHF # MACD: [0, 0, 0, -1, -1, -1, -1] (HAD_0.00013) / -0.00007[-3] -0.00011[-2] -0.00012[-1] // POINT = -1
5 ) USD/CAD # MACD: [0, 1, 1, 1, 0, 0, -1] (HAD_0.00016) / 0.00001[-3] -0.00002[-2] -0.00005[-1] // POINT = -1
6 ) AUD/USD # MACD: [-1, 0, 0, 0, 0, 1, 1] (HAD_0.00014) / 0.00002[-3] 0.00005[-2] 0.00006[-1] // POINT = 1
7 ) NZD/USD # MACD: [0, 0, 0, 0, 0, 0, 0] (HAD_0.00014) / 0.00000[-3] 0.00002[-2] 0.00003[-1] // POINT = 0

1) BUYSELL_INSTRUMENT // BUY # IF POINT < -6  / SELL # IF POINT > 6
 - > BUYSELL_POINT = {'GBP/USD': 2, 'EUR/USD': 2, 'USD/JPY': -3, 'USD/CHF': -1, 'USD/CAD': -1, 'AUD/USD': 1, 'NZD/USD': 0}
 -- > LIMIT = 3 // CURRENT_TRADE = 1 // AVAILABLE = 2 // TO_ADD = 0 :: LIST =  []
 --- > # NOTHING TO ADD - NO Currency MEET the requirement for current Forex_Trading
2) CLOSE_POSITION // BECAUSE CHANGE_DIRECTION: BUY > 2 / SELL < -2
 - > OPEN_POSITION = {'AUD/USD': -0.17}
  -- >  AUD/USD  # DIRECTION = BUY / CURRENT_DIRECTION_POINT = 1 # - > RIGHT DIRECTION

SCRIPTS HAS RUN FOR 75 secs, WILL RUN AGAIN AT : 2021-04-23 08:21:31 GMT+0100 ( NOW = 2021-04-23 08:17:47 GMT+0100 / in 224 secs )

# No_Instruments = 1 // NOW 2021-04-23 08:21:32 GMT+0100 // DFD = ▒145.94 // Total_Fund = ▒145.85 // Free_Fund = ▒130.64 // Live_Result = -▒0.09
1 ) name = AUD/USD / quantity = 546 / direction = BUY / averagePrice = 0.7738900 / currentPrice = 0.77374 / margin = 15.21 / ppl = -0.09 /

### Scanning Data Result ( SMA = 25  / tperiod = 5 minutes ) ###
1 ) GBP/USD # MACD: [0, 0, 0, 1, 1, 2, 2] (HAD_0.00021) / 0.00020[-3] 0.00029[-2] 0.00034[-1] // POINT = 2
2 ) EUR/USD # MACD: [0, 1, 1, 1, 1, 2, 2] (HAD_0.00016) / 0.00014[-3] 0.00019[-2] 0.00020[-1] // POINT = 2
3 ) USD/JPY # MACD: [0, 0, 0, -1, 0, 0, 1] (HAD_0.01075) / -0.00319[-3] -0.00018[-2] 0.00338[-1] / MACD_low8 = -0.00018[-2] // POINT = -2
4 ) USD/CHF # MACD: [0, 0, -1, -1, -1, -1, -1] (HAD_0.00013) / -0.00011[-3] -0.00012[-2] -0.00012[-1] // POINT = -1
5 ) USD/CAD # MACD: [1, 1, 1, 0, 0, -1, -1] (HAD_0.00016) / -0.00002[-3] -0.00007[-2] -0.00011[-1] // POINT = -1
6 ) AUD/USD # MACD: [0, 0, 0, 0, 1, 1, 1] (HAD_0.00014) / 0.00005[-3] 0.00008[-2] 0.00010[-1] // POINT = 1
7 ) NZD/USD # MACD: [0, 0, 0, 0, 0, 0, 0] (HAD_0.00014) / 0.00002[-3] 0.00004[-2] 0.00004[-1] // POINT = 0

1) BUYSELL_INSTRUMENT // BUY # IF POINT < -6  / SELL # IF POINT > 6
 - > BUYSELL_POINT = {'GBP/USD': 2, 'EUR/USD': 2, 'USD/JPY': -2, 'USD/CHF': -1, 'USD/CAD': -1, 'AUD/USD': 1, 'NZD/USD': 0}
 -- > LIMIT = 3 // CURRENT_TRADE = 1 // AVAILABLE = 2 // TO_ADD = 0 :: LIST =  []
 --- > # NOTHING TO ADD - NO Currency MEET the requirement for current Forex_Trading
2) CLOSE_POSITION // BECAUSE CHANGE_DIRECTION: BUY > 2 / SELL < -2
 - > OPEN_POSITION = {'AUD/USD': -0.09}
  -- >  AUD/USD  # DIRECTION = BUY / CURRENT_DIRECTION_POINT = 1 # - > RIGHT DIRECTION

SCRIPTS HAS RUN FOR 76 secs, WILL RUN AGAIN AT : 2021-04-23 08:26:31 GMT+0100 ( NOW = 2021-04-23 08:22:48 GMT+0100 / in 223 secs )

# No_Instruments = 1 // NOW 2021-04-23 08:26:32 GMT+0100 // DFD = ▒145.94 // Total_Fund = ▒145.90 // Free_Fund = ▒130.68 // Live_Result = -▒0.04
1 ) name = AUD/USD / quantity = 546 / direction = BUY / averagePrice = 0.7738900 / currentPrice = 0.77381 / margin = 15.22 / ppl = -0.04 /

### Scanning Data Result ( SMA = 25  / tperiod = 5 minutes ) ###
1 ) GBP/USD # MACD: [0, 0, 1, 1, 2, 2, 2] (HAD_0.00021) / 0.00029[-3] 0.00031[-2] 0.00032[-1] // POINT = 2
2 ) EUR/USD # MACD: [1, 1, 1, 1, 2, 2, 2] (HAD_0.00016) / 0.00019[-3] 0.00022[-2] 0.00022[-1] // POINT = 2
3 ) USD/JPY # MACD: [0, 0, -1, 0, 0, 0, 1] (HAD_0.01075) / -0.00018[-3] 0.00287[-2] 0.00495[-1] // POINT = 1
4 ) USD/CHF # MACD: [0, -1, -1, -1, -1, -1, -1] (HAD_0.00013) / -0.00012[-3] -0.00009[-2] -0.00007[-1] / MACD_low3 = -0.00012[-3] -0.00011[-4] // POINT = -4
5 ) USD/CAD # MACD: [1, 1, 0, 0, -1, -1, -1] (HAD_0.00016) / -0.00007[-3] -0.00011[-2] -0.00013[-1] // POINT = -1
6 ) AUD/USD # MACD: [0, 0, 0, 1, 1, 1, 1] (HAD_0.00014) / 0.00008[-3] 0.00009[-2] 0.00011[-1] // POINT = 1
7 ) NZD/USD # MACD: [0, 0, 0, 0, 0, 1, 1] (HAD_0.00014) / 0.00004[-3] 0.00005[-2] 0.00006[-1] // POINT = 1

1) BUYSELL_INSTRUMENT // BUY # IF POINT < -6  / SELL # IF POINT > 6
 - > BUYSELL_POINT = {'GBP/USD': 2, 'EUR/USD': 2, 'USD/JPY': 1, 'USD/CHF': -4, 'USD/CAD': -1, 'AUD/USD': 1, 'NZD/USD': 1}
 -- > LIMIT = 3 // CURRENT_TRADE = 1 // AVAILABLE = 2 // TO_ADD = 0 :: LIST =  []
 --- > # NOTHING TO ADD - NO Currency MEET the requirement for current Forex_Trading
2) CLOSE_POSITION // BECAUSE CHANGE_DIRECTION: BUY > 2 / SELL < -2
 - > OPEN_POSITION = {'AUD/USD': -0.04}
  -- >  AUD/USD  # DIRECTION = BUY / CURRENT_DIRECTION_POINT = 1 # - > RIGHT DIRECTION

SCRIPTS HAS RUN FOR 75 secs, WILL RUN AGAIN AT : 2021-04-23 08:31:31 GMT+0100 ( NOW = 2021-04-23 08:27:47 GMT+0100 / in 224 secs )

# No_Instruments = 1 // NOW 2021-04-23 08:31:32 GMT+0100 // DFD = ▒145.94 // Total_Fund = ▒145.68 // Free_Fund = ▒130.47 // Live_Result = -▒0.26
1 ) name = AUD/USD / quantity = 546 / direction = BUY / averagePrice = 0.7738900 / currentPrice = 0.77321 / margin = 15.21 / ppl = -0.26 /

### Scanning Data Result ( SMA = 25  / tperiod = 5 minutes ) ###
1 ) GBP/USD # MACD: [0, 1, 1, 2, 2, 2, 2] (HAD_0.00021) / 0.00031[-3] 0.00030[-2] 0.00027[-1] / MACD_high3 = 0.00031[-3] 0.00029[-4] // POINT = 5
2 ) EUR/USD # MACD: [1, 1, 1, 2, 2, 2, 2] (HAD_0.00016) / 0.00022[-3] 0.00022[-2] 0.00019[-1] / MACD_high1 = 0.00022[-2] 0.00019[-4] // POINT = 7
3 ) USD/JPY # MACD: [0, -1, 0, 0, 0, 1, 1] (HAD_0.01075) / 0.00287[-3] 0.00507[-2] 0.00560[-1] // POINT = 1
4 ) USD/CHF # MACD: [-1, -1, -1, -1, -1, -1, -1] (HAD_0.00013) / -0.00009[-3] -0.00008[-2] -0.00005[-1] // POINT = -1
5 ) USD/CAD # MACD: [1, 0, 0, -1, -1, -1, -1] (HAD_0.00016) / -0.00011[-3] -0.00013[-2] -0.00009[-1] / MACD_low1 = -0.00013[-2] // POINT = -6
6 ) AUD/USD # MACD: [0, 0, 1, 1, 1, 1, 1] (HAD_0.00014) / 0.00009[-3] 0.00010[-2] 0.00006[-1] / MACD_high1 = 0.00010[-2] // POINT = 6
7 ) NZD/USD # MACD: [0, 0, 0, 0, 1, 1, 0] (HAD_0.00014) / 0.00005[-3] 0.00005[-2] 0.00004[-1] / MACD_high1 = 0.00005[-2] 0.00004[-4] // POINT = 5

1) BUYSELL_INSTRUMENT // BUY # IF POINT < -6  / SELL # IF POINT > 6
 - > BUYSELL_POINT = {'GBP/USD': 5, 'EUR/USD': 7, 'USD/JPY': 1, 'USD/CHF': -1, 'USD/CAD': -6, 'AUD/USD': 6, 'NZD/USD': 5}
 -- > LIMIT = 3 // CURRENT_TRADE = 1 // AVAILABLE = 2 // TO_ADD = 1 :: LIST =  ['EUR/USD']
 --- > TO_ADD = 1 - > LIST = ['EUR/USD']
 ---- > TO SELL = (Currency) EUR/USD (Amount) 532
2) CLOSE_POSITION // BECAUSE CHANGE_DIRECTION: BUY > 2 / SELL < -2
 - > OPEN_POSITION = {'AUD/USD': -0.26}
  -- >  AUD/USD  # DIRECTION = BUY / CURRENT_DIRECTION_POINT = 6 # - > RIGHT DIRECTION

SCRIPTS HAS RUN FOR 82 secs, WILL RUN AGAIN AT : 2021-04-23 08:36:31 GMT+0100 ( NOW = 2021-04-23 08:32:54 GMT+0100 / in 217 secs )

# No_Instruments = 2 // NOW 2021-04-23 08:36:32 GMT+0100 // DFD = ▒145.94 // Total_Fund = ▒145.53 // Free_Fund = ▒114.95 // Live_Result = -▒0.41
1 ) name = AUD/USD / quantity = 546 / direction = BUY / averagePrice = 0.7738900 / currentPrice = 0.77347 / margin = 15.21 / ppl = -0.23 /
2 ) name = EUR/USD / quantity = 532 / direction = SELL / averagePrice = 1.2043700 / currentPrice = 1.20487 / margin = 15.37 / ppl = -0.18 /

### Scanning Data Result ( SMA = 25  / tperiod = 5 minutes ) ###
1 ) GBP/USD # MACD: [1, 1, 2, 2, 2, 2, 1] (HAD_0.00021) / 0.00030[-3] 0.00026[-2] 0.00021[-1] // POINT = 1
2 ) EUR/USD # MACD: [1, 1, 2, 2, 2, 2, 2] (HAD_0.00016) / 0.00022[-3] 0.00019[-2] 0.00017[-1] / MACD_high7 = 0.00022[-3] 0.00019[-5] // POINT = 5
3 ) USD/JPY # MACD: [-1, 0, 0, 0, 1, 1, 0] (HAD_0.01075) / 0.00507[-3] 0.00464[-2] 0.00282[-1] / MACD_high3 = 0.00507[-3] 0.00287[-4] // POINT = 3
4 ) USD/CHF # MACD: [-1, -1, -1, -1, -1, -1, 0] (HAD_0.00013) / -0.00008[-3] -0.00004[-2] -0.00002[-1] // POINT = 0
5 ) USD/CAD # MACD: [0, 0, -1, -1, -1, -1, -1] (HAD_0.00016) / -0.00013[-3] -0.00009[-2] -0.00006[-1] / MACD_low3 = -0.00013[-3] -0.00011[-4] // POINT = -4
6 ) AUD/USD # MACD: [0, 1, 1, 1, 1, 1, 1] (HAD_0.00014) / 0.00010[-3] 0.00007[-2] 0.00005[-1] / MACD_high3 = 0.00010[-3] 0.00009[-4] // POINT = 4
7 ) NZD/USD # MACD: [0, 0, 0, 1, 1, 1, 0] (HAD_0.00014) / 0.00005[-3] 0.00005[-2] 0.00004[-1] / MACD_high1 = 0.00005[-2] 0.00004[-5] // POINT = 5

1) BUYSELL_INSTRUMENT // BUY # IF POINT < -6  / SELL # IF POINT > 6
 - > BUYSELL_POINT = {'GBP/USD': 1, 'EUR/USD': 5, 'USD/JPY': 3, 'USD/CHF': 0, 'USD/CAD': -4, 'AUD/USD': 4, 'NZD/USD': 5}
 -- > LIMIT = 3 // CURRENT_TRADE = 2 // AVAILABLE = 1 // TO_ADD = 0 :: LIST =  []
 --- > # NOTHING TO ADD - NO Currency MEET the requirement for current Forex_Trading
2) CLOSE_POSITION // BECAUSE CHANGE_DIRECTION: BUY > 2 / SELL < -2
 - > OPEN_POSITION = {'AUD/USD': -0.23, 'EUR/USD': -0.18}
  -- >  AUD/USD  # DIRECTION = BUY / CURRENT_DIRECTION_POINT = 4 # - > RIGHT DIRECTION
  -- >  EUR/USD  # DIRECTION = SELL / CURRENT_DIRECTION_POINT = 5 # - > WRONG DIRECTION !!! URGENT BUT CANNOT CLOSE // NOT_PROFIT = -0.18

SCRIPTS HAS RUN FOR 73 secs, WILL RUN AGAIN AT : 2021-04-23 08:41:31 GMT+0100 ( NOW = 2021-04-23 08:37:45 GMT+0100 / in 226 secs )

# No_Instruments = 2 // NOW 2021-04-23 08:41:32 GMT+0100 // DFD = ▒145.94 // Total_Fund = ▒145.42 // Free_Fund = ▒114.84 // Live_Result = -▒0.52
1 ) name = AUD/USD / quantity = 546 / direction = BUY / averagePrice = 0.7738900 / currentPrice = 0.77367 / margin = 15.21 / ppl = -0.09 /
2 ) name = EUR/USD / quantity = 532 / direction = SELL / averagePrice = 1.2043700 / currentPrice = 1.20546 / margin = 15.37 / ppl = -0.43 /

### Scanning Data Result ( SMA = 25  / tperiod = 5 minutes ) ###
1 ) GBP/USD # MACD: [1, 2, 2, 2, 2, 2, 2] (HAD_0.00021) / 0.00026[-3] 0.00025[-2] 0.00025[-1] // POINT = 2
2 ) EUR/USD # MACD: [1, 2, 2, 2, 2, 2, 2] (HAD_0.00016) / 0.00019[-3] 0.00018[-2] 0.00017[-1] // POINT = 2
3 ) USD/JPY # MACD: [0, 0, 0, 1, 1, 0, 0] (HAD_0.01075) / 0.00464[-3] 0.00116[-2] -0.00130[-1] / MACD_high8 = 0.00116[-2] // POINT = 3
4 ) USD/CHF # MACD: [-1, -1, -1, -1, -1, 0, 0] (HAD_0.00013) / -0.00004[-3] -0.00002[-2] -0.00001[-1] // POINT = 0
5 ) USD/CAD # MACD: [0, -1, -1, -1, -1, -1, -1] (HAD_0.00016) / -0.00009[-3] -0.00010[-2] -0.00009[-1] / MACD_low1 = -0.00010[-2] // POINT = -6
6 ) AUD/USD # MACD: [1, 1, 1, 1, 1, 1, 1] (HAD_0.00014) / 0.00007[-3] 0.00007[-2] 0.00008[-1] // POINT = 1
7 ) NZD/USD # MACD: [0, 0, 1, 1, 1, 1, 1] (HAD_0.00014) / 0.00005[-3] 0.00006[-2] 0.00006[-1] // POINT = 1

1) BUYSELL_INSTRUMENT // BUY # IF POINT < -6  / SELL # IF POINT > 6
 - > BUYSELL_POINT = {'GBP/USD': 2, 'EUR/USD': 2, 'USD/JPY': 3, 'USD/CHF': 0, 'USD/CAD': -6, 'AUD/USD': 1, 'NZD/USD': 1}
 -- > LIMIT = 3 // CURRENT_TRADE = 2 // AVAILABLE = 1 // TO_ADD = 0 :: LIST =  []
 --- > # NOTHING TO ADD - NO Currency MEET the requirement for current Forex_Trading
2) CLOSE_POSITION // BECAUSE CHANGE_DIRECTION: BUY > 2 / SELL < -2
 - > OPEN_POSITION = {'AUD/USD': -0.09, 'EUR/USD': -0.43}
  -- >  AUD/USD  # DIRECTION = BUY / CURRENT_DIRECTION_POINT = 1 # - > RIGHT DIRECTION
  -- >  EUR/USD  # DIRECTION = SELL / CURRENT_DIRECTION_POINT = 2 # - > WRONG DIRECTION !!! URGENT BUT CANNOT CLOSE // NOT_PROFIT = -0.43

SCRIPTS HAS RUN FOR 74 secs, WILL RUN AGAIN AT : 2021-04-23 08:46:31 GMT+0100 ( NOW = 2021-04-23 08:42:46 GMT+0100 / in 225 secs )

# No_Instruments = 2 // NOW 2021-04-23 08:46:32 GMT+0100 // DFD = ▒145.94 // Total_Fund = ▒145.54 // Free_Fund = ▒114.94 // Live_Result = -▒0.40
1 ) name = AUD/USD / quantity = 546 / direction = BUY / averagePrice = 0.7738900 / currentPrice = 0.77383 / margin = 15.22 / ppl = -0.03 /
2 ) name = EUR/USD / quantity = 532 / direction = SELL / averagePrice = 1.2043700 / currentPrice = 1.20543 / margin = 15.38 / ppl = -0.37 /

### Scanning Data Result ( SMA = 25  / tperiod = 5 minutes ) ###
1 ) GBP/USD # MACD: [2, 2, 2, 2, 2, 2, 1] (HAD_0.00021) / 0.00025[-3] 0.00025[-2] 0.00021[-1] // POINT = 1
2 ) EUR/USD # MACD: [2, 2, 2, 2, 2, 2, 1] (HAD_0.00016) / 0.00018[-3] 0.00018[-2] 0.00016[-1] // POINT = 1
3 ) USD/JPY # MACD: [0, 0, 1, 1, 0, 0, 0] (HAD_0.01075) / 0.00116[-3] -0.00123[-2] -0.00206[-1] // POINT = 0
4 ) USD/CHF # MACD: [-1, -1, -1, -1, 0, 0, 0] (HAD_0.00013) / -0.00002[-3] -0.00001[-2] -0.00000[-1] // POINT = 0
5 ) USD/CAD # MACD: [-1, -1, -1, -1, -1, -1, -1] (HAD_0.00016) / -0.00010[-3] -0.00010[-2] -0.00009[-1] / MACD_low1 = -0.00010[-2] -0.00009[-4] // POINT = -6
6 ) AUD/USD # MACD: [1, 1, 1, 1, 1, 1, 1] (HAD_0.00014) / 0.00007[-3] 0.00008[-2] 0.00008[-1] // POINT = 1
7 ) NZD/USD # MACD: [0, 1, 1, 1, 1, 1, 1] (HAD_0.00014) / 0.00006[-3] 0.00007[-2] 0.00009[-1] // POINT = 1

1) BUYSELL_INSTRUMENT // BUY # IF POINT < -6  / SELL # IF POINT > 6
 - > BUYSELL_POINT = {'GBP/USD': 1, 'EUR/USD': 1, 'USD/JPY': 0, 'USD/CHF': 0, 'USD/CAD': -6, 'AUD/USD': 1, 'NZD/USD': 1}
 -- > LIMIT = 3 // CURRENT_TRADE = 2 // AVAILABLE = 1 // TO_ADD = 0 :: LIST =  []
 --- > # NOTHING TO ADD - NO Currency MEET the requirement for current Forex_Trading
2) CLOSE_POSITION // BECAUSE CHANGE_DIRECTION: BUY > 2 / SELL < -2
 - > OPEN_POSITION = {'AUD/USD': -0.03, 'EUR/USD': -0.37}
  -- >  AUD/USD  # DIRECTION = BUY / CURRENT_DIRECTION_POINT = 1 # - > RIGHT DIRECTION
  -- >  EUR/USD  # DIRECTION = SELL / CURRENT_DIRECTION_POINT = 1 # - > WRONG DIRECTION !!! URGENT BUT CANNOT CLOSE // NOT_PROFIT = -0.37

SCRIPTS HAS RUN FOR 82 secs, WILL RUN AGAIN AT : 2021-04-23 08:51:31 GMT+0100 ( NOW = 2021-04-23 08:47:54 GMT+0100 / in 217 secs )

# No_Instruments = 2 // NOW 2021-04-23 08:51:32 GMT+0100 // DFD = ▒145.94 // Total_Fund = ▒145.57 // Free_Fund = ▒114.98 // Live_Result = -▒0.37
1 ) name = AUD/USD / quantity = 546 / direction = BUY / averagePrice = 0.7738900 / currentPrice = 0.77396 / margin = 15.22 / ppl = 0.06 /
2 ) name = EUR/USD / quantity = 532 / direction = SELL / averagePrice = 1.2043700 / currentPrice = 1.20544 / margin = 15.37 / ppl = -0.43 /

### Scanning Data Result ( SMA = 25  / tperiod = 5 minutes ) ###
1 ) GBP/USD # MACD: [2, 2, 2, 2, 2, 1, 1] (HAD_0.00021) / 0.00025[-3] 0.00021[-2] 0.00017[-1] // POINT = 1
2 ) EUR/USD # MACD: [2, 2, 2, 2, 2, 2, 1] (HAD_0.00016) / 0.00018[-3] 0.00017[-2] 0.00015[-1] // POINT = 1
3 ) USD/JPY # MACD: [0, 1, 1, 0, 0, 0, 0] (HAD_0.01075) / -0.00123[-3] -0.00021[-2] 0.00035[-1] / MACD_low3 = -0.00123[-3] 0.00116[-4] // POINT = -3
4 ) USD/CHF # MACD: [-1, -1, -1, 0, 0, 0, 0] (HAD_0.00013) / -0.00001[-3] -0.00001[-2] -0.00000[-1] // POINT = 0
5 ) USD/CAD # MACD: [-1, -1, -1, -1, -1, -1, -1] (HAD_0.00016) / -0.00010[-3] -0.00010[-2] -0.00008[-1] / MACD_low1 = -0.00010[-2] -0.00009[-5] // POINT = -6
6 ) AUD/USD # MACD: [1, 1, 1, 1, 1, 1, 1] (HAD_0.00014) / 0.00008[-3] 0.00010[-2] 0.00009[-1] / MACD_high1 = 0.00010[-2] // POINT = 6
7 ) NZD/USD # MACD: [1, 1, 1, 1, 1, 1, 1] (HAD_0.00014) / 0.00007[-3] 0.00008[-2] 0.00008[-1] // POINT = 1

1) BUYSELL_INSTRUMENT // BUY # IF POINT < -6  / SELL # IF POINT > 6
 - > BUYSELL_POINT = {'GBP/USD': 1, 'EUR/USD': 1, 'USD/JPY': -3, 'USD/CHF': 0, 'USD/CAD': -6, 'AUD/USD': 6, 'NZD/USD': 1}
 -- > LIMIT = 3 // CURRENT_TRADE = 2 // AVAILABLE = 1 // TO_ADD = 0 :: LIST =  []
 --- > # NOTHING TO ADD - NO Currency MEET the requirement for current Forex_Trading
2) CLOSE_POSITION // BECAUSE CHANGE_DIRECTION: BUY > 2 / SELL < -2
 - > OPEN_POSITION = {'AUD/USD': 0.06, 'EUR/USD': -0.43}
  -- >  AUD/USD  # DIRECTION = BUY / CURRENT_DIRECTION_POINT = 6 # - > RIGHT DIRECTION
  -- >  EUR/USD  # DIRECTION = SELL / CURRENT_DIRECTION_POINT = 1 # - > WRONG DIRECTION !!! URGENT BUT CANNOT CLOSE // NOT_PROFIT = -0.43

SCRIPTS HAS RUN FOR 76 secs, WILL RUN AGAIN AT : 2021-04-23 08:56:31 GMT+0100 ( NOW = 2021-04-23 08:52:48 GMT+0100 / in 223 secs )

# No_Instruments = 2 // NOW 2021-04-23 08:56:32 GMT+0100 // DFD = ▒145.94 // Total_Fund = ▒145.45 // Free_Fund = ▒114.85 // Live_Result = -▒0.49
1 ) name = AUD/USD / quantity = 546 / direction = BUY / averagePrice = 0.7738900 / currentPrice = 0.77372 / margin = 15.22 / ppl = -0.05 /
2 ) name = EUR/USD / quantity = 532 / direction = SELL / averagePrice = 1.2043700 / currentPrice = 1.20558 / margin = 15.38 / ppl = -0.44 /

### Scanning Data Result ( SMA = 25  / tperiod = 5 minutes ) ###
1 ) GBP/USD # MACD: [2, 2, 2, 2, 1, 1, 1] (HAD_0.00021) / 0.00021[-3] 0.00015[-2] 0.00010[-1] // POINT = 1
2 ) EUR/USD # MACD: [2, 2, 2, 2, 2, 1, 1] (HAD_0.00016) / 0.00017[-3] 0.00015[-2] 0.00014[-1] // POINT = 1
3 ) USD/JPY # MACD: [1, 1, 0, 0, 0, 0, 0] (HAD_0.01075) / -0.00021[-3] -0.00009[-2] 0.00047[-1] / MACD_low8 = -0.00009[-2] // POINT = -3
4 ) USD/CHF # MACD: [-1, -1, 0, 0, 0, 0, 0] (HAD_0.00013) / -0.00001[-3] -0.00001[-2] -0.00001[-1] // POINT = 0
5 ) USD/CAD # MACD: [-1, -1, -1, -1, -1, -1, -1] (HAD_0.00016) / -0.00010[-3] -0.00009[-2] -0.00009[-1] // POINT = -1
6 ) AUD/USD # MACD: [1, 1, 1, 1, 1, 1, 1] (HAD_0.00014) / 0.00010[-3] 0.00008[-2] 0.00007[-1] / MACD_high3 = 0.00010[-3] 0.00008[-4] // POINT = 4
7 ) NZD/USD # MACD: [1, 1, 1, 1, 1, 1, 1] (HAD_0.00014) / 0.00008[-3] 0.00008[-2] 0.00007[-1] / MACD_high1 = 0.00008[-2] 0.00007[-4] // POINT = 6

1) BUYSELL_INSTRUMENT // BUY # IF POINT < -6  / SELL # IF POINT > 6
 - > BUYSELL_POINT = {'GBP/USD': 1, 'EUR/USD': 1, 'USD/JPY': -3, 'USD/CHF': 0, 'USD/CAD': -1, 'AUD/USD': 4, 'NZD/USD': 6}
 -- > LIMIT = 3 // CURRENT_TRADE = 2 // AVAILABLE = 1 // TO_ADD = 0 :: LIST =  []
 --- > # NOTHING TO ADD - NO Currency MEET the requirement for current Forex_Trading
2) CLOSE_POSITION // BECAUSE CHANGE_DIRECTION: BUY > 2 / SELL < -2
 - > OPEN_POSITION = {'AUD/USD': -0.05, 'EUR/USD': -0.44}
  -- >  AUD/USD  # DIRECTION = BUY / CURRENT_DIRECTION_POINT = 4 # - > RIGHT DIRECTION
  -- >  EUR/USD  # DIRECTION = SELL / CURRENT_DIRECTION_POINT = 1 # - > WRONG DIRECTION !!! URGENT BUT CANNOT CLOSE // NOT_PROFIT = -0.44

SCRIPTS HAS RUN FOR 75 secs, WILL RUN AGAIN AT : 2021-04-23 09:01:31 GMT+0100 ( NOW = 2021-04-23 08:57:47 GMT+0100 / in 224 secs )

# No_Instruments = 2 // NOW 2021-04-23 09:01:33 GMT+0100 // DFD = ▒145.94 // Total_Fund = ▒145.42 // Free_Fund = ▒114.84 // Live_Result = -▒0.52
1 ) name = AUD/USD / quantity = 546 / direction = BUY / averagePrice = 0.7738900 / currentPrice = 0.77355 / margin = 15.21 / ppl = -0.11 /
2 ) name = EUR/USD / quantity = 532 / direction = SELL / averagePrice = 1.2043700 / currentPrice = 1.20545 / margin = 15.37 / ppl = -0.41 /

### Scanning Data Result ( SMA = 25  / tperiod = 5 minutes ) ###
1 ) GBP/USD # MACD: [2, 2, 2, 1, 1, 1, 1] (HAD_0.00021) / 0.00015[-3] 0.00013[-2] 0.00011[-1] // POINT = 1
2 ) EUR/USD # MACD: [2, 2, 2, 2, 1, 1, 1] (HAD_0.00016) / 0.00015[-3] 0.00013[-2] 0.00009[-1] // POINT = 1
3 ) USD/JPY # MACD: [1, 0, 0, 0, 0, 0, 0] (HAD_0.01075) / -0.00009[-3] -0.00068[-2] 0.00005[-1] / MACD_low2 = -0.00068[-2] // POINT = -3
4 ) USD/CHF # MACD: [-1, 0, 0, 0, 0, 0, 0] (HAD_0.00013) / -0.00001[-3] -0.00002[-2] -0.00002[-1] // POINT = 0
5 ) USD/CAD # MACD: [-1, -1, -1, -1, -1, -1, -1] (HAD_0.00016) / -0.00009[-3] -0.00010[-2] -0.00007[-1] / MACD_low1 = -0.00010[-2] // POINT = -6
6 ) AUD/USD # MACD: [1, 1, 1, 1, 1, 1, 0] (HAD_0.00014) / 0.00008[-3] 0.00006[-2] 0.00003[-1] // POINT = 0
7 ) NZD/USD # MACD: [1, 1, 1, 1, 1, 1, 0] (HAD_0.00014) / 0.00008[-3] 0.00007[-2] 0.00004[-1] / MACD_high7 = 0.00008[-3] 0.00007[-5] // POINT = 3

1) BUYSELL_INSTRUMENT // BUY # IF POINT < -6  / SELL # IF POINT > 6
 - > BUYSELL_POINT = {'GBP/USD': 1, 'EUR/USD': 1, 'USD/JPY': -3, 'USD/CHF': 0, 'USD/CAD': -6, 'AUD/USD': 0, 'NZD/USD': 3}
 -- > LIMIT = 3 // CURRENT_TRADE = 2 // AVAILABLE = 1 // TO_ADD = 0 :: LIST =  []
 --- > # NOTHING TO ADD - NO Currency MEET the requirement for current Forex_Trading
2) CLOSE_POSITION // BECAUSE CHANGE_DIRECTION: BUY > 2 / SELL < -2
 - > OPEN_POSITION = {'AUD/USD': -0.11, 'EUR/USD': -0.41}
  -- >  AUD/USD  # DIRECTION = BUY / CURRENT_DIRECTION_POINT = 0 # - > BUY BUT NO DIRECTION CURRENTLY!!!
  -- >  EUR/USD  # DIRECTION = SELL / CURRENT_DIRECTION_POINT = 1 # - > WRONG DIRECTION !!! URGENT BUT CANNOT CLOSE // NOT_PROFIT = -0.41

SCRIPTS HAS RUN FOR 74 secs, WILL RUN AGAIN AT : 2021-04-23 09:06:31 GMT+0100 ( NOW = 2021-04-23 09:02:47 GMT+0100 / in 224 secs )

# No_Instruments = 2 // NOW 2021-04-23 09:06:32 GMT+0100 // DFD = ▒145.94 // Total_Fund = ▒145.26 // Free_Fund = ▒114.69 // Live_Result = -▒0.68
1 ) name = AUD/USD / quantity = 546 / direction = BUY / averagePrice = 0.7738900 / currentPrice = 0.77342 / margin = 15.20 / ppl = -0.18 /
2 ) name = EUR/USD / quantity = 532 / direction = SELL / averagePrice = 1.2043700 / currentPrice = 1.20568 / margin = 15.37 / ppl = -0.50 /

### Scanning Data Result ( SMA = 25  / tperiod = 5 minutes ) ###
1 ) GBP/USD # MACD: [2, 2, 1, 1, 1, 1, 1] (HAD_0.00021) / 0.00013[-3] 0.00012[-2] 0.00010[-1] // POINT = 1
2 ) EUR/USD # MACD: [2, 2, 2, 1, 1, 1, 1] (HAD_0.00016) / 0.00013[-3] 0.00010[-2] 0.00008[-1] // POINT = 1
3 ) USD/JPY # MACD: [0, 0, 0, 0, 0, 0, 0] (HAD_0.01075) / -0.00068[-3] 0.00018[-2] 0.00017[-1] / MACD_high1 = 0.00018[-2] // POINT = 5
4 ) USD/CHF # MACD: [0, 0, 0, 0, 0, 0, 0] (HAD_0.00013) / -0.00002[-3] -0.00001[-2] 0.00000[-1] / MACD_low3 = -0.00002[-3] -0.00001[-4] // POINT = -3
5 ) USD/CAD # MACD: [-1, -1, -1, -1, -1, -1, 0] (HAD_0.00016) / -0.00010[-3] -0.00006[-2] -0.00004[-1] / MACD_low3 = -0.00010[-3] -0.00009[-4] // POINT = -3
6 ) AUD/USD # MACD: [1, 1, 1, 1, 1, 0, 0] (HAD_0.00014) / 0.00006[-3] 0.00002[-2] -0.00001[-1] / MACD_high8 = 0.00002[-2] // POINT = 3
7 ) NZD/USD # MACD: [1, 1, 1, 1, 1, 0, 0] (HAD_0.00014) / 0.00007[-3] 0.00004[-2] 0.00001[-1] // POINT = 0

1) BUYSELL_INSTRUMENT // BUY # IF POINT < -6  / SELL # IF POINT > 6
 - > BUYSELL_POINT = {'GBP/USD': 1, 'EUR/USD': 1, 'USD/JPY': 5, 'USD/CHF': -3, 'USD/CAD': -3, 'AUD/USD': 3, 'NZD/USD': 0}
 -- > LIMIT = 3 // CURRENT_TRADE = 2 // AVAILABLE = 1 // TO_ADD = 0 :: LIST =  []
 --- > # NOTHING TO ADD - NO Currency MEET the requirement for current Forex_Trading
2) CLOSE_POSITION // BECAUSE CHANGE_DIRECTION: BUY > 2 / SELL < -2
 - > OPEN_POSITION = {'AUD/USD': -0.18, 'EUR/USD': -0.5}
  -- >  AUD/USD  # DIRECTION = BUY / CURRENT_DIRECTION_POINT = 3 # - > RIGHT DIRECTION
  -- >  EUR/USD  # DIRECTION = SELL / CURRENT_DIRECTION_POINT = 1 # - > WRONG DIRECTION !!! URGENT BUT CANNOT CLOSE // NOT_PROFIT = -0.5

SCRIPTS HAS RUN FOR 74 secs, WILL RUN AGAIN AT : 2021-04-23 09:11:31 GMT+0100 ( NOW = 2021-04-23 09:07:46 GMT+0100 / in 225 secs )

# No_Instruments = 2 // NOW 2021-04-23 09:11:33 GMT+0100 // DFD = ▒145.94 // Total_Fund = ▒145.25 // Free_Fund = ▒114.68 // Live_Result = -▒0.69
1 ) name = AUD/USD / quantity = 546 / direction = BUY / averagePrice = 0.7738900 / currentPrice = 0.77334 / margin = 15.20 / ppl = -0.21 /
2 ) name = EUR/USD / quantity = 532 / direction = SELL / averagePrice = 1.2043700 / currentPrice = 1.20563 / margin = 15.37 / ppl = -0.48 /

### Scanning Data Result ( SMA = 25  / tperiod = 5 minutes ) ###
1 ) GBP/USD # MACD: [2, 1, 1, 1, 1, 0, 0] (HAD_0.00021) / 0.00012[-3] 0.00006[-2] 0.00005[-1] // POINT = 0
2 ) EUR/USD # MACD: [2, 2, 1, 1, 1, 1, 0] (HAD_0.00016) / 0.00010[-3] 0.00006[-2] 0.00004[-1] // POINT = 0
3 ) USD/JPY # MACD: [0, 0, 0, 0, 0, 0, 0] (HAD_0.01075) / 0.00018[-3] 0.00024[-2] 0.00043[-1] // POINT = 0
4 ) USD/CHF # MACD: [0, 0, 0, 0, 0, 0, 0] (HAD_0.00013) / -0.00001[-3] 0.00002[-2] 0.00003[-1] // POINT = 0
5 ) USD/CAD # MACD: [-1, -1, -1, -1, -1, 0, 0] (HAD_0.00016) / -0.00006[-3] -0.00002[-2] 0.00002[-1] / MACD_low8 = -0.00002[-2] // POINT = -3
6 ) AUD/USD # MACD: [1, 1, 1, 1, 0, 0, 0] (HAD_0.00014) / 0.00002[-3] -0.00002[-2] -0.00003[-1] // POINT = 0
7 ) NZD/USD # MACD: [1, 1, 1, 1, 0, 0, 0] (HAD_0.00014) / 0.00004[-3] -0.00001[-2] -0.00002[-1] // POINT = 0

1) BUYSELL_INSTRUMENT // BUY # IF POINT < -6  / SELL # IF POINT > 6
 - > BUYSELL_POINT = {'GBP/USD': 0, 'EUR/USD': 0, 'USD/JPY': 0, 'USD/CHF': 0, 'USD/CAD': -3, 'AUD/USD': 0, 'NZD/USD': 0}
 -- > LIMIT = 3 // CURRENT_TRADE = 2 // AVAILABLE = 1 // TO_ADD = 0 :: LIST =  []
 --- > # NOTHING TO ADD - NO Currency MEET the requirement for current Forex_Trading
2) CLOSE_POSITION // BECAUSE CHANGE_DIRECTION: BUY > 2 / SELL < -2
 - > OPEN_POSITION = {'AUD/USD': -0.21, 'EUR/USD': -0.48}
  -- >  AUD/USD  # DIRECTION = BUY / CURRENT_DIRECTION_POINT = 0 # - > BUY BUT NO DIRECTION CURRENTLY!!!
  -- >  EUR/USD  # DIRECTION = SELL / CURRENT_DIRECTION_POINT = 0 # - > SELL BUT NO DIRECTION CURRENTLY!!!

SCRIPTS HAS RUN FOR 74 secs, WILL RUN AGAIN AT : 2021-04-23 09:16:31 GMT+0100 ( NOW = 2021-04-23 09:12:47 GMT+0100 / in 224 secs )

# No_Instruments = 2 // NOW 2021-04-23 09:16:32 GMT+0100 // DFD = ▒145.94 // Total_Fund = ▒145.31 // Free_Fund = ▒114.72 // Live_Result = -▒0.63
1 ) name = AUD/USD / quantity = 546 / direction = BUY / averagePrice = 0.7738900 / currentPrice = 0.77344 / margin = 15.21 / ppl = -0.17 /
2 ) name = EUR/USD / quantity = 532 / direction = SELL / averagePrice = 1.2043700 / currentPrice = 1.20552 / margin = 15.38 / ppl = -0.46 /

### Scanning Data Result ( SMA = 25  / tperiod = 5 minutes ) ###
1 ) GBP/USD # MACD: [1, 1, 1, 1, 0, 0, 0] (HAD_0.00021) / 0.00006[-3] 0.00001[-2] -0.00005[-1] / MACD_high8 = 0.00001[-2] // POINT = 3
2 ) EUR/USD # MACD: [2, 1, 1, 1, 1, 0, 0] (HAD_0.00016) / 0.00006[-3] 0.00004[-2] 0.00002[-1] // POINT = 0
3 ) USD/JPY # MACD: [0, 0, 0, 0, 0, 0, 0] (HAD_0.01075) / 0.00024[-3] 0.00164[-2] 0.00049[-1] / MACD_high1 = 0.00164[-2] // POINT = 5
4 ) USD/CHF # MACD: [0, 0, 0, 0, 0, 1, 0] (HAD_0.00013) / 0.00002[-3] 0.00004[-2] 0.00003[-1] / MACD_high1 = 0.00004[-2] // POINT = 5
5 ) USD/CAD # MACD: [-1, -1, -1, -1, 0, 0, 0] (HAD_0.00016) / -0.00002[-3] 0.00002[-2] 0.00004[-1] // POINT = 0
6 ) AUD/USD # MACD: [1, 1, 1, 0, 0, 0, -1] (HAD_0.00014) / -0.00002[-3] -0.00004[-2] -0.00005[-1] // POINT = -1
7 ) NZD/USD # MACD: [1, 1, 1, 0, 0, 0, 0] (HAD_0.00014) / -0.00001[-3] -0.00003[-2] -0.00004[-1] // POINT = 0

1) BUYSELL_INSTRUMENT // BUY # IF POINT < -6  / SELL # IF POINT > 6
 - > BUYSELL_POINT = {'GBP/USD': 3, 'EUR/USD': 0, 'USD/JPY': 5, 'USD/CHF': 5, 'USD/CAD': 0, 'AUD/USD': -1, 'NZD/USD': 0}
 -- > LIMIT = 3 // CURRENT_TRADE = 2 // AVAILABLE = 1 // TO_ADD = 0 :: LIST =  []
 --- > # NOTHING TO ADD - NO Currency MEET the requirement for current Forex_Trading
2) CLOSE_POSITION // BECAUSE CHANGE_DIRECTION: BUY > 2 / SELL < -2
 - > OPEN_POSITION = {'AUD/USD': -0.17, 'EUR/USD': -0.46}
  -- >  AUD/USD  # DIRECTION = BUY / CURRENT_DIRECTION_POINT = -1 # - > WRONG DIRECTION !!! URGENT BUT CANNOT CLOSE // NOT_PROFIT = -0.17
  -- >  EUR/USD  # DIRECTION = SELL / CURRENT_DIRECTION_POINT = 0 # - > SELL BUT NO DIRECTION CURRENTLY!!!

SCRIPTS HAS RUN FOR 76 secs, WILL RUN AGAIN AT : 2021-04-23 09:21:31 GMT+0100 ( NOW = 2021-04-23 09:17:48 GMT+0100 / in 223 secs )

# No_Instruments = 2 // NOW 2021-04-23 09:21:33 GMT+0100 // DFD = ▒145.94 // Total_Fund = ▒145.17 // Free_Fund = ▒114.56 // Live_Result = -▒0.77
1 ) name = AUD/USD / quantity = 546 / direction = BUY / averagePrice = 0.7738900 / currentPrice = 0.77348 / margin = 15.22 / ppl = -0.15 /
2 ) name = EUR/USD / quantity = 532 / direction = SELL / averagePrice = 1.2043700 / currentPrice = 1.20599 / margin = 15.39 / ppl = -0.62 /

### Scanning Data Result ( SMA = 25  / tperiod = 5 minutes ) ###
1 ) GBP/USD # MACD: [1, 1, 1, 0, 0, 0, -1] (HAD_0.00021) / 0.00001[-3] -0.00005[-2] -0.00010[-1] // POINT = -1
2 ) EUR/USD # MACD: [1, 1, 1, 1, 0, 1, 0] (HAD_0.00016) / 0.00004[-3] 0.00005[-2] 0.00004[-1] / MACD_high1 = 0.00005[-2] // POINT = 5
3 ) USD/JPY # MACD: [0, 0, 0, 0, 0, 0, 0] (HAD_0.01075) / 0.00164[-3] -0.00104[-2] -0.00199[-1] / MACD_high3 = 0.00164[-3] 0.00024[-4] // POINT = 3
4 ) USD/CHF # MACD: [0, 0, 0, 0, 1, 0, 0] (HAD_0.00013) / 0.00004[-3] -0.00000[-2] -0.00002[-1] / MACD_high3 = 0.00004[-3] 0.00002[-4] // POINT = 3
5 ) USD/CAD # MACD: [-1, -1, -1, 0, 0, 0, 0] (HAD_0.00016) / 0.00002[-3] 0.00002[-2] 0.00004[-1] // POINT = 0
6 ) AUD/USD # MACD: [1, 1, 0, 0, 0, 0, 0] (HAD_0.00014) / -0.00004[-3] -0.00003[-2] -0.00004[-1] / MACD_low3 = -0.00004[-3] -0.00002[-4] // POINT = -3
7 ) NZD/USD # MACD: [1, 1, 0, 0, 0, 0, 0] (HAD_0.00014) / -0.00003[-3] -0.00002[-2] -0.00003[-1] / MACD_low3 = -0.00003[-3] -0.00001[-4] // POINT = -3

1) BUYSELL_INSTRUMENT // BUY # IF POINT < -6  / SELL # IF POINT > 6
 - > BUYSELL_POINT = {'GBP/USD': -1, 'EUR/USD': 5, 'USD/JPY': 3, 'USD/CHF': 3, 'USD/CAD': 0, 'AUD/USD': -3, 'NZD/USD': -3}
 -- > LIMIT = 3 // CURRENT_TRADE = 2 // AVAILABLE = 1 // TO_ADD = 0 :: LIST =  []
 --- > # NOTHING TO ADD - NO Currency MEET the requirement for current Forex_Trading
2) CLOSE_POSITION // BECAUSE CHANGE_DIRECTION: BUY > 2 / SELL < -2
 - > OPEN_POSITION = {'AUD/USD': -0.15, 'EUR/USD': -0.62}
  -- >  AUD/USD  # DIRECTION = BUY / CURRENT_DIRECTION_POINT = -3 # - > WRONG DIRECTION !!! URGENT BUT CANNOT CLOSE // NOT_PROFIT = -0.15
  -- >  EUR/USD  # DIRECTION = SELL / CURRENT_DIRECTION_POINT = 5 # - > WRONG DIRECTION !!! URGENT BUT CANNOT CLOSE // NOT_PROFIT = -0.62

SCRIPTS HAS RUN FOR 75 secs, WILL RUN AGAIN AT : 2021-04-23 09:26:31 GMT+0100 ( NOW = 2021-04-23 09:22:48 GMT+0100 / in 223 secs )

# No_Instruments = 2 // NOW 2021-04-23 09:26:32 GMT+0100 // DFD = ▒145.94 // Total_Fund = ▒145.08 // Free_Fund = ▒114.47 // Live_Result = -▒0.86
1 ) name = AUD/USD / quantity = 546 / direction = BUY / averagePrice = 0.7738900 / currentPrice = 0.77339 / margin = 15.22 / ppl = -0.21 /
2 ) name = EUR/USD / quantity = 532 / direction = SELL / averagePrice = 1.2043700 / currentPrice = 1.20602 / margin = 15.39 / ppl = -0.65 /

### Scanning Data Result ( SMA = 25  / tperiod = 5 minutes ) ###
1 ) GBP/USD # MACD: [1, 1, 0, 0, 0, -1, -1] (HAD_0.00021) / -0.00005[-3] -0.00011[-2] -0.00013[-1] // POINT = -1
2 ) EUR/USD # MACD: [1, 1, 1, 0, 1, 1, 0] (HAD_0.00016) / 0.00005[-3] 0.00005[-2] 0.00003[-1] / MACD_high1 = 0.00005[-2] 0.00004[-4] // POINT = 5
3 ) USD/JPY # MACD: [0, 0, 0, 0, 0, 0, 0] (HAD_0.01075) / -0.00104[-3] -0.00263[-2] -0.00300[-1] // POINT = 0
4 ) USD/CHF # MACD: [0, 0, 0, 1, 0, -1, -1] (HAD_0.00013) / -0.00000[-3] -0.00004[-2] -0.00006[-1] // POINT = -1
5 ) USD/CAD # MACD: [-1, -1, 0, 0, 0, 0, 0] (HAD_0.00016) / 0.00002[-3] 0.00002[-2] 0.00004[-1] // POINT = 0
6 ) AUD/USD # MACD: [1, 0, 0, 0, 0, 0, 0] (HAD_0.00014) / -0.00003[-3] -0.00002[-2] -0.00004[-1] // POINT = 0
7 ) NZD/USD # MACD: [1, 0, 0, 0, 0, 0, 0] (HAD_0.00014) / -0.00002[-3] -0.00001[-2] -0.00002[-1] // POINT = 0

1) BUYSELL_INSTRUMENT // BUY # IF POINT < -6  / SELL # IF POINT > 6
 - > BUYSELL_POINT = {'GBP/USD': -1, 'EUR/USD': 5, 'USD/JPY': 0, 'USD/CHF': -1, 'USD/CAD': 0, 'AUD/USD': 0, 'NZD/USD': 0}
 -- > LIMIT = 3 // CURRENT_TRADE = 2 // AVAILABLE = 1 // TO_ADD = 0 :: LIST =  []
 --- > # NOTHING TO ADD - NO Currency MEET the requirement for current Forex_Trading
2) CLOSE_POSITION // BECAUSE CHANGE_DIRECTION: BUY > 2 / SELL < -2
 - > OPEN_POSITION = {'AUD/USD': -0.21, 'EUR/USD': -0.65}
  -- >  AUD/USD  # DIRECTION = BUY / CURRENT_DIRECTION_POINT = 0 # - > BUY BUT NO DIRECTION CURRENTLY!!!
  -- >  EUR/USD  # DIRECTION = SELL / CURRENT_DIRECTION_POINT = 5 # - > WRONG DIRECTION !!! URGENT BUT CANNOT CLOSE // NOT_PROFIT = -0.65

SCRIPTS HAS RUN FOR 76 secs, WILL RUN AGAIN AT : 2021-04-23 09:31:31 GMT+0100 ( NOW = 2021-04-23 09:27:48 GMT+0100 / in 223 secs )

# No_Instruments = 2 // NOW 2021-04-23 09:31:32 GMT+0100 // DFD = ▒145.94 // Total_Fund = ▒145.06 // Free_Fund = ▒114.45 // Live_Result = -▒0.88
1 ) name = AUD/USD / quantity = 546 / direction = BUY / averagePrice = 0.7738900 / currentPrice = 0.77338 / margin = 15.22 / ppl = -0.20 /
2 ) name = EUR/USD / quantity = 532 / direction = SELL / averagePrice = 1.2043700 / currentPrice = 1.20611 / margin = 15.39 / ppl = -0.68 /

### Scanning Data Result ( SMA = 25  / tperiod = 5 minutes ) ###
1 ) GBP/USD # MACD: [1, 0, 0, 0, -1, -1, -1] (HAD_0.00021) / -0.00011[-3] -0.00015[-2] -0.00018[-1] // POINT = -1
2 ) EUR/USD # MACD: [1, 1, 0, 1, 1, 0, 0] (HAD_0.00016) / 0.00005[-3] 0.00003[-2] 0.00002[-1] / MACD_high7 = 0.00005[-3] 0.00004[-5] // POINT = 3
3 ) USD/JPY # MACD: [0, 0, 0, 0, 0, 0, 0] (HAD_0.01075) / -0.00263[-3] -0.00262[-2] -0.00204[-1] / MACD_low3 = -0.00263[-3] -0.00104[-4] // POINT = -3
4 ) USD/CHF # MACD: [0, 0, 1, 0, -1, -1, -1] (HAD_0.00013) / -0.00004[-3] -0.00005[-2] -0.00006[-1] // POINT = -1
5 ) USD/CAD # MACD: [-1, 0, 0, 0, 0, 0, 0] (HAD_0.00016) / 0.00002[-3] 0.00004[-2] 0.00004[-1] // POINT = 0
6 ) AUD/USD # MACD: [0, 0, 0, 0, 0, -1, -1] (HAD_0.00014) / -0.00002[-3] -0.00005[-2] -0.00005[-1] // POINT = -1
7 ) NZD/USD # MACD: [0, 0, 0, 0, 0, 0, -1] (HAD_0.00014) / -0.00001[-3] -0.00004[-2] -0.00005[-1] // POINT = -1

1) BUYSELL_INSTRUMENT // BUY # IF POINT < -6  / SELL # IF POINT > 6
 - > BUYSELL_POINT = {'GBP/USD': -1, 'EUR/USD': 3, 'USD/JPY': -3, 'USD/CHF': -1, 'USD/CAD': 0, 'AUD/USD': -1, 'NZD/USD': -1}
 -- > LIMIT = 3 // CURRENT_TRADE = 2 // AVAILABLE = 1 // TO_ADD = 0 :: LIST =  []
 --- > # NOTHING TO ADD - NO Currency MEET the requirement for current Forex_Trading
2) CLOSE_POSITION // BECAUSE CHANGE_DIRECTION: BUY > 2 / SELL < -2
 - > OPEN_POSITION = {'AUD/USD': -0.2, 'EUR/USD': -0.68}
  -- >  AUD/USD  # DIRECTION = BUY / CURRENT_DIRECTION_POINT = -1 # - > WRONG DIRECTION !!! URGENT BUT CANNOT CLOSE // NOT_PROFIT = -0.2
  -- >  EUR/USD  # DIRECTION = SELL / CURRENT_DIRECTION_POINT = 3 # - > WRONG DIRECTION !!! URGENT BUT CANNOT CLOSE // NOT_PROFIT = -0.68

SCRIPTS HAS RUN FOR 75 secs, WILL RUN AGAIN AT : 2021-04-23 09:36:31 GMT+0100 ( NOW = 2021-04-23 09:32:47 GMT+0100 / in 224 secs )


PC-TALIBR2+cromox@PC-TALIBR2 /cygdrive/c/Users/cromox/PycharmProjects/Trading212/Forex_CFD/run_full_auto_nonstop
$

